The system is: Linux - 3.13.0-113-generic - x86_64
Compiling the CXX compiler identification source file "CMakeCXXCompilerId.cpp" succeeded.
Compiler: /software/gcc/6.1.0/bin/g++ 
Build flags: 
Id flags: 

The output was:
0


Compilation of the CXX compiler identification source "CMakeCXXCompilerId.cpp" produced "a.out"

The CXX compiler identification is GNU, found in "/home/andre/finalkahypar/kahypar-1/i10pc127/CMakeFiles/3.0.1/CompilerIdCXX/a.out"

Compiling the C compiler identification source file "CMakeCCompilerId.c" succeeded.
Compiler: /software/gcc/6.1.0/bin/gcc 
Build flags: 
Id flags: 

The output was:
0


Compilation of the C compiler identification source "CMakeCCompilerId.c" produced "a.out"

The C compiler identification is GNU, found in "/home/andre/finalkahypar/kahypar-1/i10pc127/CMakeFiles/3.0.1/CompilerIdC/a.out"

Determining if the CXX compiler works passed with the following output:
Change Dir: /home/andre/finalkahypar/kahypar-1/i10pc127/CMakeFiles/CMakeTmp

Run Build Command:"/usr/bin/make" "cmTryCompileExec2631601144/fast"
/usr/bin/make -f CMakeFiles/cmTryCompileExec2631601144.dir/build.make CMakeFiles/cmTryCompileExec2631601144.dir/build
make[1]: Entering directory `/home/andre/finalkahypar/kahypar-1/i10pc127/CMakeFiles/CMakeTmp'
/software/cmake-3.0.1/bin/cmake -E cmake_progress_report /home/andre/finalkahypar/kahypar-1/i10pc127/CMakeFiles/CMakeTmp/CMakeFiles 1
Building CXX object CMakeFiles/cmTryCompileExec2631601144.dir/testCXXCompiler.cxx.o
/software/gcc/6.1.0/bin/g++     -o CMakeFiles/cmTryCompileExec2631601144.dir/testCXXCompiler.cxx.o -c /home/andre/finalkahypar/kahypar-1/i10pc127/CMakeFiles/CMakeTmp/testCXXCompiler.cxx
Linking CXX executable cmTryCompileExec2631601144
/software/cmake-3.0.1/bin/cmake -E cmake_link_script CMakeFiles/cmTryCompileExec2631601144.dir/link.txt --verbose=1
/software/gcc/6.1.0/bin/g++        CMakeFiles/cmTryCompileExec2631601144.dir/testCXXCompiler.cxx.o  -o cmTryCompileExec2631601144 -rdynamic 
make[1]: Leaving directory `/home/andre/finalkahypar/kahypar-1/i10pc127/CMakeFiles/CMakeTmp'


Detecting CXX compiler ABI info compiled with the following output:
Change Dir: /home/andre/finalkahypar/kahypar-1/i10pc127/CMakeFiles/CMakeTmp

Run Build Command:"/usr/bin/make" "cmTryCompileExec1644309955/fast"
/usr/bin/make -f CMakeFiles/cmTryCompileExec1644309955.dir/build.make CMakeFiles/cmTryCompileExec1644309955.dir/build
make[1]: Entering directory `/home/andre/finalkahypar/kahypar-1/i10pc127/CMakeFiles/CMakeTmp'
/software/cmake-3.0.1/bin/cmake -E cmake_progress_report /home/andre/finalkahypar/kahypar-1/i10pc127/CMakeFiles/CMakeTmp/CMakeFiles 1
Building CXX object CMakeFiles/cmTryCompileExec1644309955.dir/CMakeCXXCompilerABI.cpp.o
/software/gcc/6.1.0/bin/g++     -o CMakeFiles/cmTryCompileExec1644309955.dir/CMakeCXXCompilerABI.cpp.o -c /software/cmake-3.0.1/share/cmake-3.0/Modules/CMakeCXXCompilerABI.cpp
Linking CXX executable cmTryCompileExec1644309955
/software/cmake-3.0.1/bin/cmake -E cmake_link_script CMakeFiles/cmTryCompileExec1644309955.dir/link.txt --verbose=1
/software/gcc/6.1.0/bin/g++      -v CMakeFiles/cmTryCompileExec1644309955.dir/CMakeCXXCompilerABI.cpp.o  -o cmTryCompileExec1644309955 -rdynamic  
Using built-in specs.
COLLECT_GCC=/software/gcc/6.1.0/bin/g++
COLLECT_LTO_WRAPPER=/software/gcc/6.1.0/libexec/gcc/x86_64-pc-linux-gnu/6.1.0/lto-wrapper
Target: x86_64-pc-linux-gnu
Configured with: ../configure --prefix=/software/gcc/6.1.0/ --enable-languages=c,c++,objc --disable-multilib
Thread model: posix
gcc version 6.1.0 (GCC) 
COMPILER_PATH=/software/gcc/6.1.0/libexec/gcc/x86_64-pc-linux-gnu/6.1.0/:/software/gcc/6.1.0/libexec/gcc/x86_64-pc-linux-gnu/6.1.0/:/software/gcc/6.1.0/libexec/gcc/x86_64-pc-linux-gnu/:/software/gcc/6.1.0/lib/gcc/x86_64-pc-linux-gnu/6.1.0/:/software/gcc/6.1.0/lib/gcc/x86_64-pc-linux-gnu/
LIBRARY_PATH=/software/gcc/6.1.0/lib/gcc/x86_64-pc-linux-gnu/6.1.0/:/software/gcc/6.1.0/lib/gcc/x86_64-pc-linux-gnu/6.1.0/../../../../lib64/:/lib/x86_64-linux-gnu/:/lib/../lib64/:/usr/lib/x86_64-linux-gnu/:/usr/lib/../lib64/:/software/gcc/6.1.0/lib/gcc/x86_64-pc-linux-gnu/6.1.0/../../../:/lib/:/usr/lib/
COLLECT_GCC_OPTIONS='-v' '-o' 'cmTryCompileExec1644309955' '-rdynamic' '-shared-libgcc' '-mtune=generic' '-march=x86-64'
 /software/gcc/6.1.0/libexec/gcc/x86_64-pc-linux-gnu/6.1.0/collect2 -plugin /software/gcc/6.1.0/libexec/gcc/x86_64-pc-linux-gnu/6.1.0/liblto_plugin.so -plugin-opt=/software/gcc/6.1.0/libexec/gcc/x86_64-pc-linux-gnu/6.1.0/lto-wrapper -plugin-opt=-fresolution=/tmp/ccYCrrY0.res -plugin-opt=-pass-through=-lgcc_s -plugin-opt=-pass-through=-lgcc -plugin-opt=-pass-through=-lc -plugin-opt=-pass-through=-lgcc_s -plugin-opt=-pass-through=-lgcc --eh-frame-hdr -m elf_x86_64 -export-dynamic -dynamic-linker /lib64/ld-linux-x86-64.so.2 -o cmTryCompileExec1644309955 /usr/lib/x86_64-linux-gnu/crt1.o /usr/lib/x86_64-linux-gnu/crti.o /software/gcc/6.1.0/lib/gcc/x86_64-pc-linux-gnu/6.1.0/crtbegin.o -L/software/gcc/6.1.0/lib/gcc/x86_64-pc-linux-gnu/6.1.0 -L/software/gcc/6.1.0/lib/gcc/x86_64-pc-linux-gnu/6.1.0/../../../../lib64 -L/lib/x86_64-linux-gnu -L/lib/../lib64 -L/usr/lib/x86_64-linux-gnu -L/usr/lib/../lib64 -L/software/gcc/6.1.0/lib/gcc/x86_64-pc-linux-gnu/6.1.0/../../.. CMakeFiles/cmTryCompileExec1644309955.dir/CMakeCXXCompilerABI.cpp.o -lstdc++ -lm -lgcc_s -lgcc -lc -lgcc_s -lgcc /software/gcc/6.1.0/lib/gcc/x86_64-pc-linux-gnu/6.1.0/crtend.o /usr/lib/x86_64-linux-gnu/crtn.o
COLLECT_GCC_OPTIONS='-v' '-o' 'cmTryCompileExec1644309955' '-rdynamic' '-shared-libgcc' '-mtune=generic' '-march=x86-64'
make[1]: Leaving directory `/home/andre/finalkahypar/kahypar-1/i10pc127/CMakeFiles/CMakeTmp'


Parsed CXX implicit link information from above output:
  link line regex: [^( *|.*[/\])(ld|([^/\]+-)?ld|collect2)[^/\]*( |$)]
  ignore line: [Change Dir: /home/andre/finalkahypar/kahypar-1/i10pc127/CMakeFiles/CMakeTmp]
  ignore line: []
  ignore line: [Run Build Command:"/usr/bin/make" "cmTryCompileExec1644309955/fast"]
  ignore line: [/usr/bin/make -f CMakeFiles/cmTryCompileExec1644309955.dir/build.make CMakeFiles/cmTryCompileExec1644309955.dir/build]
  ignore line: [make[1]: Entering directory `/home/andre/finalkahypar/kahypar-1/i10pc127/CMakeFiles/CMakeTmp']
  ignore line: [/software/cmake-3.0.1/bin/cmake -E cmake_progress_report /home/andre/finalkahypar/kahypar-1/i10pc127/CMakeFiles/CMakeTmp/CMakeFiles 1]
  ignore line: [Building CXX object CMakeFiles/cmTryCompileExec1644309955.dir/CMakeCXXCompilerABI.cpp.o]
  ignore line: [/software/gcc/6.1.0/bin/g++     -o CMakeFiles/cmTryCompileExec1644309955.dir/CMakeCXXCompilerABI.cpp.o -c /software/cmake-3.0.1/share/cmake-3.0/Modules/CMakeCXXCompilerABI.cpp]
  ignore line: [Linking CXX executable cmTryCompileExec1644309955]
  ignore line: [/software/cmake-3.0.1/bin/cmake -E cmake_link_script CMakeFiles/cmTryCompileExec1644309955.dir/link.txt --verbose=1]
  ignore line: [/software/gcc/6.1.0/bin/g++      -v CMakeFiles/cmTryCompileExec1644309955.dir/CMakeCXXCompilerABI.cpp.o  -o cmTryCompileExec1644309955 -rdynamic  ]
  ignore line: [Using built-in specs.]
  ignore line: [COLLECT_GCC=/software/gcc/6.1.0/bin/g++]
  ignore line: [COLLECT_LTO_WRAPPER=/software/gcc/6.1.0/libexec/gcc/x86_64-pc-linux-gnu/6.1.0/lto-wrapper]
  ignore line: [Target: x86_64-pc-linux-gnu]
  ignore line: [Configured with: ../configure --prefix=/software/gcc/6.1.0/ --enable-languages=c,c++,objc --disable-multilib]
  ignore line: [Thread model: posix]
  ignore line: [gcc version 6.1.0 (GCC) ]
  ignore line: [COMPILER_PATH=/software/gcc/6.1.0/libexec/gcc/x86_64-pc-linux-gnu/6.1.0/:/software/gcc/6.1.0/libexec/gcc/x86_64-pc-linux-gnu/6.1.0/:/software/gcc/6.1.0/libexec/gcc/x86_64-pc-linux-gnu/:/software/gcc/6.1.0/lib/gcc/x86_64-pc-linux-gnu/6.1.0/:/software/gcc/6.1.0/lib/gcc/x86_64-pc-linux-gnu/]
  ignore line: [LIBRARY_PATH=/software/gcc/6.1.0/lib/gcc/x86_64-pc-linux-gnu/6.1.0/:/software/gcc/6.1.0/lib/gcc/x86_64-pc-linux-gnu/6.1.0/../../../../lib64/:/lib/x86_64-linux-gnu/:/lib/../lib64/:/usr/lib/x86_64-linux-gnu/:/usr/lib/../lib64/:/software/gcc/6.1.0/lib/gcc/x86_64-pc-linux-gnu/6.1.0/../../../:/lib/:/usr/lib/]
  ignore line: [COLLECT_GCC_OPTIONS='-v' '-o' 'cmTryCompileExec1644309955' '-rdynamic' '-shared-libgcc' '-mtune=generic' '-march=x86-64']
  link line: [ /software/gcc/6.1.0/libexec/gcc/x86_64-pc-linux-gnu/6.1.0/collect2 -plugin /software/gcc/6.1.0/libexec/gcc/x86_64-pc-linux-gnu/6.1.0/liblto_plugin.so -plugin-opt=/software/gcc/6.1.0/libexec/gcc/x86_64-pc-linux-gnu/6.1.0/lto-wrapper -plugin-opt=-fresolution=/tmp/ccYCrrY0.res -plugin-opt=-pass-through=-lgcc_s -plugin-opt=-pass-through=-lgcc -plugin-opt=-pass-through=-lc -plugin-opt=-pass-through=-lgcc_s -plugin-opt=-pass-through=-lgcc --eh-frame-hdr -m elf_x86_64 -export-dynamic -dynamic-linker /lib64/ld-linux-x86-64.so.2 -o cmTryCompileExec1644309955 /usr/lib/x86_64-linux-gnu/crt1.o /usr/lib/x86_64-linux-gnu/crti.o /software/gcc/6.1.0/lib/gcc/x86_64-pc-linux-gnu/6.1.0/crtbegin.o -L/software/gcc/6.1.0/lib/gcc/x86_64-pc-linux-gnu/6.1.0 -L/software/gcc/6.1.0/lib/gcc/x86_64-pc-linux-gnu/6.1.0/../../../../lib64 -L/lib/x86_64-linux-gnu -L/lib/../lib64 -L/usr/lib/x86_64-linux-gnu -L/usr/lib/../lib64 -L/software/gcc/6.1.0/lib/gcc/x86_64-pc-linux-gnu/6.1.0/../../.. CMakeFiles/cmTryCompileExec1644309955.dir/CMakeCXXCompilerABI.cpp.o -lstdc++ -lm -lgcc_s -lgcc -lc -lgcc_s -lgcc /software/gcc/6.1.0/lib/gcc/x86_64-pc-linux-gnu/6.1.0/crtend.o /usr/lib/x86_64-linux-gnu/crtn.o]
    arg [/software/gcc/6.1.0/libexec/gcc/x86_64-pc-linux-gnu/6.1.0/collect2] ==> ignore
    arg [-plugin] ==> ignore
    arg [/software/gcc/6.1.0/libexec/gcc/x86_64-pc-linux-gnu/6.1.0/liblto_plugin.so] ==> ignore
    arg [-plugin-opt=/software/gcc/6.1.0/libexec/gcc/x86_64-pc-linux-gnu/6.1.0/lto-wrapper] ==> ignore
    arg [-plugin-opt=-fresolution=/tmp/ccYCrrY0.res] ==> ignore
    arg [-plugin-opt=-pass-through=-lgcc_s] ==> ignore
    arg [-plugin-opt=-pass-through=-lgcc] ==> ignore
    arg [-plugin-opt=-pass-through=-lc] ==> ignore
    arg [-plugin-opt=-pass-through=-lgcc_s] ==> ignore
    arg [-plugin-opt=-pass-through=-lgcc] ==> ignore
    arg [--eh-frame-hdr] ==> ignore
    arg [-m] ==> ignore
    arg [elf_x86_64] ==> ignore
    arg [-export-dynamic] ==> ignore
    arg [-dynamic-linker] ==> ignore
    arg [/lib64/ld-linux-x86-64.so.2] ==> ignore
    arg [-o] ==> ignore
    arg [cmTryCompileExec1644309955] ==> ignore
    arg [/usr/lib/x86_64-linux-gnu/crt1.o] ==> ignore
    arg [/usr/lib/x86_64-linux-gnu/crti.o] ==> ignore
    arg [/software/gcc/6.1.0/lib/gcc/x86_64-pc-linux-gnu/6.1.0/crtbegin.o] ==> ignore
    arg [-L/software/gcc/6.1.0/lib/gcc/x86_64-pc-linux-gnu/6.1.0] ==> dir [/software/gcc/6.1.0/lib/gcc/x86_64-pc-linux-gnu/6.1.0]
    arg [-L/software/gcc/6.1.0/lib/gcc/x86_64-pc-linux-gnu/6.1.0/../../../../lib64] ==> dir [/software/gcc/6.1.0/lib/gcc/x86_64-pc-linux-gnu/6.1.0/../../../../lib64]
    arg [-L/lib/x86_64-linux-gnu] ==> dir [/lib/x86_64-linux-gnu]
    arg [-L/lib/../lib64] ==> dir [/lib/../lib64]
    arg [-L/usr/lib/x86_64-linux-gnu] ==> dir [/usr/lib/x86_64-linux-gnu]
    arg [-L/usr/lib/../lib64] ==> dir [/usr/lib/../lib64]
    arg [-L/software/gcc/6.1.0/lib/gcc/x86_64-pc-linux-gnu/6.1.0/../../..] ==> dir [/software/gcc/6.1.0/lib/gcc/x86_64-pc-linux-gnu/6.1.0/../../..]
    arg [CMakeFiles/cmTryCompileExec1644309955.dir/CMakeCXXCompilerABI.cpp.o] ==> ignore
    arg [-lstdc++] ==> lib [stdc++]
    arg [-lm] ==> lib [m]
    arg [-lgcc_s] ==> lib [gcc_s]
    arg [-lgcc] ==> lib [gcc]
    arg [-lc] ==> lib [c]
    arg [-lgcc_s] ==> lib [gcc_s]
    arg [-lgcc] ==> lib [gcc]
    arg [/software/gcc/6.1.0/lib/gcc/x86_64-pc-linux-gnu/6.1.0/crtend.o] ==> ignore
    arg [/usr/lib/x86_64-linux-gnu/crtn.o] ==> ignore
  remove lib [gcc_s]
  remove lib [gcc]
  remove lib [gcc_s]
  remove lib [gcc]
  collapse library dir [/software/gcc/6.1.0/lib/gcc/x86_64-pc-linux-gnu/6.1.0] ==> [/software/gcc/6.1.0/lib/gcc/x86_64-pc-linux-gnu/6.1.0]
  collapse library dir [/software/gcc/6.1.0/lib/gcc/x86_64-pc-linux-gnu/6.1.0/../../../../lib64] ==> [/software/gcc/6.1.0/lib64]
  collapse library dir [/lib/x86_64-linux-gnu] ==> [/lib/x86_64-linux-gnu]
  collapse library dir [/lib/../lib64] ==> [/lib64]
  collapse library dir [/usr/lib/x86_64-linux-gnu] ==> [/usr/lib/x86_64-linux-gnu]
  collapse library dir [/usr/lib/../lib64] ==> [/usr/lib64]
  collapse library dir [/software/gcc/6.1.0/lib/gcc/x86_64-pc-linux-gnu/6.1.0/../../..] ==> [/software/gcc/6.1.0/lib]
  implicit libs: [stdc++;m;c]
  implicit dirs: [/software/gcc/6.1.0/lib/gcc/x86_64-pc-linux-gnu/6.1.0;/software/gcc/6.1.0/lib64;/lib/x86_64-linux-gnu;/lib64;/usr/lib/x86_64-linux-gnu;/usr/lib64;/software/gcc/6.1.0/lib]
  implicit fwks: []


Determining if the C compiler works passed with the following output:
Change Dir: /home/andre/finalkahypar/kahypar-1/i10pc127/CMakeFiles/CMakeTmp

Run Build Command:"/usr/bin/make" "cmTryCompileExec3027885510/fast"
/usr/bin/make -f CMakeFiles/cmTryCompileExec3027885510.dir/build.make CMakeFiles/cmTryCompileExec3027885510.dir/build
make[1]: Entering directory `/home/andre/finalkahypar/kahypar-1/i10pc127/CMakeFiles/CMakeTmp'
/software/cmake-3.0.1/bin/cmake -E cmake_progress_report /home/andre/finalkahypar/kahypar-1/i10pc127/CMakeFiles/CMakeTmp/CMakeFiles 1
Building C object CMakeFiles/cmTryCompileExec3027885510.dir/testCCompiler.c.o
/software/gcc/6.1.0/bin/gcc    -o CMakeFiles/cmTryCompileExec3027885510.dir/testCCompiler.c.o   -c /home/andre/finalkahypar/kahypar-1/i10pc127/CMakeFiles/CMakeTmp/testCCompiler.c
Linking C executable cmTryCompileExec3027885510
/software/cmake-3.0.1/bin/cmake -E cmake_link_script CMakeFiles/cmTryCompileExec3027885510.dir/link.txt --verbose=1
/software/gcc/6.1.0/bin/gcc       CMakeFiles/cmTryCompileExec3027885510.dir/testCCompiler.c.o  -o cmTryCompileExec3027885510 -rdynamic 
make[1]: Leaving directory `/home/andre/finalkahypar/kahypar-1/i10pc127/CMakeFiles/CMakeTmp'


Detecting C compiler ABI info compiled with the following output:
Change Dir: /home/andre/finalkahypar/kahypar-1/i10pc127/CMakeFiles/CMakeTmp

Run Build Command:"/usr/bin/make" "cmTryCompileExec400180561/fast"
/usr/bin/make -f CMakeFiles/cmTryCompileExec400180561.dir/build.make CMakeFiles/cmTryCompileExec400180561.dir/build
make[1]: Entering directory `/home/andre/finalkahypar/kahypar-1/i10pc127/CMakeFiles/CMakeTmp'
/software/cmake-3.0.1/bin/cmake -E cmake_progress_report /home/andre/finalkahypar/kahypar-1/i10pc127/CMakeFiles/CMakeTmp/CMakeFiles 1
Building C object CMakeFiles/cmTryCompileExec400180561.dir/CMakeCCompilerABI.c.o
/software/gcc/6.1.0/bin/gcc    -o CMakeFiles/cmTryCompileExec400180561.dir/CMakeCCompilerABI.c.o   -c /software/cmake-3.0.1/share/cmake-3.0/Modules/CMakeCCompilerABI.c
Linking C executable cmTryCompileExec400180561
/software/cmake-3.0.1/bin/cmake -E cmake_link_script CMakeFiles/cmTryCompileExec400180561.dir/link.txt --verbose=1
/software/gcc/6.1.0/bin/gcc     -v CMakeFiles/cmTryCompileExec400180561.dir/CMakeCCompilerABI.c.o  -o cmTryCompileExec400180561 -rdynamic  
Using built-in specs.
COLLECT_GCC=/software/gcc/6.1.0/bin/gcc
COLLECT_LTO_WRAPPER=/software/gcc/6.1.0/libexec/gcc/x86_64-pc-linux-gnu/6.1.0/lto-wrapper
Target: x86_64-pc-linux-gnu
Configured with: ../configure --prefix=/software/gcc/6.1.0/ --enable-languages=c,c++,objc --disable-multilib
Thread model: posix
gcc version 6.1.0 (GCC) 
COMPILER_PATH=/software/gcc/6.1.0/libexec/gcc/x86_64-pc-linux-gnu/6.1.0/:/software/gcc/6.1.0/libexec/gcc/x86_64-pc-linux-gnu/6.1.0/:/software/gcc/6.1.0/libexec/gcc/x86_64-pc-linux-gnu/:/software/gcc/6.1.0/lib/gcc/x86_64-pc-linux-gnu/6.1.0/:/software/gcc/6.1.0/lib/gcc/x86_64-pc-linux-gnu/
LIBRARY_PATH=/software/gcc/6.1.0/lib/gcc/x86_64-pc-linux-gnu/6.1.0/:/software/gcc/6.1.0/lib/gcc/x86_64-pc-linux-gnu/6.1.0/../../../../lib64/:/lib/x86_64-linux-gnu/:/lib/../lib64/:/usr/lib/x86_64-linux-gnu/:/usr/lib/../lib64/:/software/gcc/6.1.0/lib/gcc/x86_64-pc-linux-gnu/6.1.0/../../../:/lib/:/usr/lib/
COLLECT_GCC_OPTIONS='-v' '-o' 'cmTryCompileExec400180561' '-rdynamic' '-mtune=generic' '-march=x86-64'
 /software/gcc/6.1.0/libexec/gcc/x86_64-pc-linux-gnu/6.1.0/collect2 -plugin /software/gcc/6.1.0/libexec/gcc/x86_64-pc-linux-gnu/6.1.0/liblto_plugin.so -plugin-opt=/software/gcc/6.1.0/libexec/gcc/x86_64-pc-linux-gnu/6.1.0/lto-wrapper -plugin-opt=-fresolution=/tmp/ccAfyKQk.res -plugin-opt=-pass-through=-lgcc -plugin-opt=-pass-through=-lgcc_s -plugin-opt=-pass-through=-lc -plugin-opt=-pass-through=-lgcc -plugin-opt=-pass-through=-lgcc_s --eh-frame-hdr -m elf_x86_64 -export-dynamic -dynamic-linker /lib64/ld-linux-x86-64.so.2 -o cmTryCompileExec400180561 /usr/lib/x86_64-linux-gnu/crt1.o /usr/lib/x86_64-linux-gnu/crti.o /software/gcc/6.1.0/lib/gcc/x86_64-pc-linux-gnu/6.1.0/crtbegin.o -L/software/gcc/6.1.0/lib/gcc/x86_64-pc-linux-gnu/6.1.0 -L/software/gcc/6.1.0/lib/gcc/x86_64-pc-linux-gnu/6.1.0/../../../../lib64 -L/lib/x86_64-linux-gnu -L/lib/../lib64 -L/usr/lib/x86_64-linux-gnu -L/usr/lib/../lib64 -L/software/gcc/6.1.0/lib/gcc/x86_64-pc-linux-gnu/6.1.0/../../.. CMakeFiles/cmTryCompileExec400180561.dir/CMakeCCompilerABI.c.o -lgcc --as-needed -lgcc_s --no-as-needed -lc -lgcc --as-needed -lgcc_s --no-as-needed /software/gcc/6.1.0/lib/gcc/x86_64-pc-linux-gnu/6.1.0/crtend.o /usr/lib/x86_64-linux-gnu/crtn.o
COLLECT_GCC_OPTIONS='-v' '-o' 'cmTryCompileExec400180561' '-rdynamic' '-mtune=generic' '-march=x86-64'
make[1]: Leaving directory `/home/andre/finalkahypar/kahypar-1/i10pc127/CMakeFiles/CMakeTmp'


Parsed C implicit link information from above output:
  link line regex: [^( *|.*[/\])(ld|([^/\]+-)?ld|collect2)[^/\]*( |$)]
  ignore line: [Change Dir: /home/andre/finalkahypar/kahypar-1/i10pc127/CMakeFiles/CMakeTmp]
  ignore line: []
  ignore line: [Run Build Command:"/usr/bin/make" "cmTryCompileExec400180561/fast"]
  ignore line: [/usr/bin/make -f CMakeFiles/cmTryCompileExec400180561.dir/build.make CMakeFiles/cmTryCompileExec400180561.dir/build]
  ignore line: [make[1]: Entering directory `/home/andre/finalkahypar/kahypar-1/i10pc127/CMakeFiles/CMakeTmp']
  ignore line: [/software/cmake-3.0.1/bin/cmake -E cmake_progress_report /home/andre/finalkahypar/kahypar-1/i10pc127/CMakeFiles/CMakeTmp/CMakeFiles 1]
  ignore line: [Building C object CMakeFiles/cmTryCompileExec400180561.dir/CMakeCCompilerABI.c.o]
  ignore line: [/software/gcc/6.1.0/bin/gcc    -o CMakeFiles/cmTryCompileExec400180561.dir/CMakeCCompilerABI.c.o   -c /software/cmake-3.0.1/share/cmake-3.0/Modules/CMakeCCompilerABI.c]
  ignore line: [Linking C executable cmTryCompileExec400180561]
  ignore line: [/software/cmake-3.0.1/bin/cmake -E cmake_link_script CMakeFiles/cmTryCompileExec400180561.dir/link.txt --verbose=1]
  ignore line: [/software/gcc/6.1.0/bin/gcc     -v CMakeFiles/cmTryCompileExec400180561.dir/CMakeCCompilerABI.c.o  -o cmTryCompileExec400180561 -rdynamic  ]
  ignore line: [Using built-in specs.]
  ignore line: [COLLECT_GCC=/software/gcc/6.1.0/bin/gcc]
  ignore line: [COLLECT_LTO_WRAPPER=/software/gcc/6.1.0/libexec/gcc/x86_64-pc-linux-gnu/6.1.0/lto-wrapper]
  ignore line: [Target: x86_64-pc-linux-gnu]
  ignore line: [Configured with: ../configure --prefix=/software/gcc/6.1.0/ --enable-languages=c,c++,objc --disable-multilib]
  ignore line: [Thread model: posix]
  ignore line: [gcc version 6.1.0 (GCC) ]
  ignore line: [COMPILER_PATH=/software/gcc/6.1.0/libexec/gcc/x86_64-pc-linux-gnu/6.1.0/:/software/gcc/6.1.0/libexec/gcc/x86_64-pc-linux-gnu/6.1.0/:/software/gcc/6.1.0/libexec/gcc/x86_64-pc-linux-gnu/:/software/gcc/6.1.0/lib/gcc/x86_64-pc-linux-gnu/6.1.0/:/software/gcc/6.1.0/lib/gcc/x86_64-pc-linux-gnu/]
  ignore line: [LIBRARY_PATH=/software/gcc/6.1.0/lib/gcc/x86_64-pc-linux-gnu/6.1.0/:/software/gcc/6.1.0/lib/gcc/x86_64-pc-linux-gnu/6.1.0/../../../../lib64/:/lib/x86_64-linux-gnu/:/lib/../lib64/:/usr/lib/x86_64-linux-gnu/:/usr/lib/../lib64/:/software/gcc/6.1.0/lib/gcc/x86_64-pc-linux-gnu/6.1.0/../../../:/lib/:/usr/lib/]
  ignore line: [COLLECT_GCC_OPTIONS='-v' '-o' 'cmTryCompileExec400180561' '-rdynamic' '-mtune=generic' '-march=x86-64']
  link line: [ /software/gcc/6.1.0/libexec/gcc/x86_64-pc-linux-gnu/6.1.0/collect2 -plugin /software/gcc/6.1.0/libexec/gcc/x86_64-pc-linux-gnu/6.1.0/liblto_plugin.so -plugin-opt=/software/gcc/6.1.0/libexec/gcc/x86_64-pc-linux-gnu/6.1.0/lto-wrapper -plugin-opt=-fresolution=/tmp/ccAfyKQk.res -plugin-opt=-pass-through=-lgcc -plugin-opt=-pass-through=-lgcc_s -plugin-opt=-pass-through=-lc -plugin-opt=-pass-through=-lgcc -plugin-opt=-pass-through=-lgcc_s --eh-frame-hdr -m elf_x86_64 -export-dynamic -dynamic-linker /lib64/ld-linux-x86-64.so.2 -o cmTryCompileExec400180561 /usr/lib/x86_64-linux-gnu/crt1.o /usr/lib/x86_64-linux-gnu/crti.o /software/gcc/6.1.0/lib/gcc/x86_64-pc-linux-gnu/6.1.0/crtbegin.o -L/software/gcc/6.1.0/lib/gcc/x86_64-pc-linux-gnu/6.1.0 -L/software/gcc/6.1.0/lib/gcc/x86_64-pc-linux-gnu/6.1.0/../../../../lib64 -L/lib/x86_64-linux-gnu -L/lib/../lib64 -L/usr/lib/x86_64-linux-gnu -L/usr/lib/../lib64 -L/software/gcc/6.1.0/lib/gcc/x86_64-pc-linux-gnu/6.1.0/../../.. CMakeFiles/cmTryCompileExec400180561.dir/CMakeCCompilerABI.c.o -lgcc --as-needed -lgcc_s --no-as-needed -lc -lgcc --as-needed -lgcc_s --no-as-needed /software/gcc/6.1.0/lib/gcc/x86_64-pc-linux-gnu/6.1.0/crtend.o /usr/lib/x86_64-linux-gnu/crtn.o]
    arg [/software/gcc/6.1.0/libexec/gcc/x86_64-pc-linux-gnu/6.1.0/collect2] ==> ignore
    arg [-plugin] ==> ignore
    arg [/software/gcc/6.1.0/libexec/gcc/x86_64-pc-linux-gnu/6.1.0/liblto_plugin.so] ==> ignore
    arg [-plugin-opt=/software/gcc/6.1.0/libexec/gcc/x86_64-pc-linux-gnu/6.1.0/lto-wrapper] ==> ignore
    arg [-plugin-opt=-fresolution=/tmp/ccAfyKQk.res] ==> ignore
    arg [-plugin-opt=-pass-through=-lgcc] ==> ignore
    arg [-plugin-opt=-pass-through=-lgcc_s] ==> ignore
    arg [-plugin-opt=-pass-through=-lc] ==> ignore
    arg [-plugin-opt=-pass-through=-lgcc] ==> ignore
    arg [-plugin-opt=-pass-through=-lgcc_s] ==> ignore
    arg [--eh-frame-hdr] ==> ignore
    arg [-m] ==> ignore
    arg [elf_x86_64] ==> ignore
    arg [-export-dynamic] ==> ignore
    arg [-dynamic-linker] ==> ignore
    arg [/lib64/ld-linux-x86-64.so.2] ==> ignore
    arg [-o] ==> ignore
    arg [cmTryCompileExec400180561] ==> ignore
    arg [/usr/lib/x86_64-linux-gnu/crt1.o] ==> ignore
    arg [/usr/lib/x86_64-linux-gnu/crti.o] ==> ignore
    arg [/software/gcc/6.1.0/lib/gcc/x86_64-pc-linux-gnu/6.1.0/crtbegin.o] ==> ignore
    arg [-L/software/gcc/6.1.0/lib/gcc/x86_64-pc-linux-gnu/6.1.0] ==> dir [/software/gcc/6.1.0/lib/gcc/x86_64-pc-linux-gnu/6.1.0]
    arg [-L/software/gcc/6.1.0/lib/gcc/x86_64-pc-linux-gnu/6.1.0/../../../../lib64] ==> dir [/software/gcc/6.1.0/lib/gcc/x86_64-pc-linux-gnu/6.1.0/../../../../lib64]
    arg [-L/lib/x86_64-linux-gnu] ==> dir [/lib/x86_64-linux-gnu]
    arg [-L/lib/../lib64] ==> dir [/lib/../lib64]
    arg [-L/usr/lib/x86_64-linux-gnu] ==> dir [/usr/lib/x86_64-linux-gnu]
    arg [-L/usr/lib/../lib64] ==> dir [/usr/lib/../lib64]
    arg [-L/software/gcc/6.1.0/lib/gcc/x86_64-pc-linux-gnu/6.1.0/../../..] ==> dir [/software/gcc/6.1.0/lib/gcc/x86_64-pc-linux-gnu/6.1.0/../../..]
    arg [CMakeFiles/cmTryCompileExec400180561.dir/CMakeCCompilerABI.c.o] ==> ignore
    arg [-lgcc] ==> lib [gcc]
    arg [--as-needed] ==> ignore
    arg [-lgcc_s] ==> lib [gcc_s]
    arg [--no-as-needed] ==> ignore
    arg [-lc] ==> lib [c]
    arg [-lgcc] ==> lib [gcc]
    arg [--as-needed] ==> ignore
    arg [-lgcc_s] ==> lib [gcc_s]
    arg [--no-as-needed] ==> ignore
    arg [/software/gcc/6.1.0/lib/gcc/x86_64-pc-linux-gnu/6.1.0/crtend.o] ==> ignore
    arg [/usr/lib/x86_64-linux-gnu/crtn.o] ==> ignore
  remove lib [gcc]
  remove lib [gcc_s]
  remove lib [gcc]
  remove lib [gcc_s]
  collapse library dir [/software/gcc/6.1.0/lib/gcc/x86_64-pc-linux-gnu/6.1.0] ==> [/software/gcc/6.1.0/lib/gcc/x86_64-pc-linux-gnu/6.1.0]
  collapse library dir [/software/gcc/6.1.0/lib/gcc/x86_64-pc-linux-gnu/6.1.0/../../../../lib64] ==> [/software/gcc/6.1.0/lib64]
  collapse library dir [/lib/x86_64-linux-gnu] ==> [/lib/x86_64-linux-gnu]
  collapse library dir [/lib/../lib64] ==> [/lib64]
  collapse library dir [/usr/lib/x86_64-linux-gnu] ==> [/usr/lib/x86_64-linux-gnu]
  collapse library dir [/usr/lib/../lib64] ==> [/usr/lib64]
  collapse library dir [/software/gcc/6.1.0/lib/gcc/x86_64-pc-linux-gnu/6.1.0/../../..] ==> [/software/gcc/6.1.0/lib]
  implicit libs: [c]
  implicit dirs: [/software/gcc/6.1.0/lib/gcc/x86_64-pc-linux-gnu/6.1.0;/software/gcc/6.1.0/lib64;/lib/x86_64-linux-gnu;/lib64;/usr/lib/x86_64-linux-gnu;/usr/lib64;/software/gcc/6.1.0/lib]
  implicit fwks: []


Determining if files pthread.h exist passed with the following output:
Change Dir: /home/andre/finalkahypar/kahypar-1/i10pc127/CMakeFiles/CMakeTmp

Run Build Command:"/usr/bin/make" "cmTryCompileExec3772464318/fast"
/usr/bin/make -f CMakeFiles/cmTryCompileExec3772464318.dir/build.make CMakeFiles/cmTryCompileExec3772464318.dir/build
make[1]: Entering directory `/home/andre/finalkahypar/kahypar-1/i10pc127/CMakeFiles/CMakeTmp'
/software/cmake-3.0.1/bin/cmake -E cmake_progress_report /home/andre/finalkahypar/kahypar-1/i10pc127/CMakeFiles/CMakeTmp/CMakeFiles 1
Building C object CMakeFiles/cmTryCompileExec3772464318.dir/CheckIncludeFiles.c.o
/software/gcc/6.1.0/bin/gcc    -o CMakeFiles/cmTryCompileExec3772464318.dir/CheckIncludeFiles.c.o   -c /home/andre/finalkahypar/kahypar-1/i10pc127/CMakeFiles/CMakeTmp/CheckIncludeFiles.c
Linking C executable cmTryCompileExec3772464318
/software/cmake-3.0.1/bin/cmake -E cmake_link_script CMakeFiles/cmTryCompileExec3772464318.dir/link.txt --verbose=1
/software/gcc/6.1.0/bin/gcc       CMakeFiles/cmTryCompileExec3772464318.dir/CheckIncludeFiles.c.o  -o cmTryCompileExec3772464318 -rdynamic 
make[1]: Leaving directory `/home/andre/finalkahypar/kahypar-1/i10pc127/CMakeFiles/CMakeTmp'


Determining if the function pthread_create exists in the pthread passed with the following output:
Change Dir: /home/andre/finalkahypar/kahypar-1/i10pc127/CMakeFiles/CMakeTmp

Run Build Command:"/usr/bin/make" "cmTryCompileExec3793223260/fast"
/usr/bin/make -f CMakeFiles/cmTryCompileExec3793223260.dir/build.make CMakeFiles/cmTryCompileExec3793223260.dir/build
make[1]: Entering directory `/home/andre/finalkahypar/kahypar-1/i10pc127/CMakeFiles/CMakeTmp'
/software/cmake-3.0.1/bin/cmake -E cmake_progress_report /home/andre/finalkahypar/kahypar-1/i10pc127/CMakeFiles/CMakeTmp/CMakeFiles 1
Building C object CMakeFiles/cmTryCompileExec3793223260.dir/CheckFunctionExists.c.o
/software/gcc/6.1.0/bin/gcc   -DCHECK_FUNCTION_EXISTS=pthread_create   -o CMakeFiles/cmTryCompileExec3793223260.dir/CheckFunctionExists.c.o   -c /software/cmake-3.0.1/share/cmake-3.0/Modules/CheckFunctionExists.c
Linking C executable cmTryCompileExec3793223260
/software/cmake-3.0.1/bin/cmake -E cmake_link_script CMakeFiles/cmTryCompileExec3793223260.dir/link.txt --verbose=1
/software/gcc/6.1.0/bin/gcc   -DCHECK_FUNCTION_EXISTS=pthread_create    CMakeFiles/cmTryCompileExec3793223260.dir/CheckFunctionExists.c.o  -o cmTryCompileExec3793223260 -rdynamic -lpthread 
make[1]: Leaving directory `/home/andre/finalkahypar/kahypar-1/i10pc127/CMakeFiles/CMakeTmp'


Performing C++ SOURCE FILE Test KAHYPAR_HAS_CRC32 succeded with the following output:
Change Dir: /home/andre/finalkahypar/kahypar-1/i10pc127/CMakeFiles/CMakeTmp

Run Build Command:"/usr/bin/make" "cmTryCompileExec2594306567/fast"
/usr/bin/make -f CMakeFiles/cmTryCompileExec2594306567.dir/build.make CMakeFiles/cmTryCompileExec2594306567.dir/build
make[1]: Entering directory `/home/andre/finalkahypar/kahypar-1/i10pc127/CMakeFiles/CMakeTmp'
/software/cmake-3.0.1/bin/cmake -E cmake_progress_report /home/andre/finalkahypar/kahypar-1/i10pc127/CMakeFiles/CMakeTmp/CMakeFiles 1
Building CXX object CMakeFiles/cmTryCompileExec2594306567.dir/src.cxx.o
/software/gcc/6.1.0/bin/g++    -W -Wall -Wextra  -Wunused  -Wmaybe-uninitialized -Wfatal-errors -Wcast-qual -Woverloaded-virtual -Wredundant-decls -Winit-self -pedantic -Wnoexcept -DPARANOID  -Weffc++ -Wno-unused-function -msse4.2 -DKAHYPAR_HAS_CRC32   -mcrc32 -o CMakeFiles/cmTryCompileExec2594306567.dir/src.cxx.o -c /home/andre/finalkahypar/kahypar-1/i10pc127/CMakeFiles/CMakeTmp/src.cxx
Linking CXX executable cmTryCompileExec2594306567
/software/cmake-3.0.1/bin/cmake -E cmake_link_script CMakeFiles/cmTryCompileExec2594306567.dir/link.txt --verbose=1
/software/gcc/6.1.0/bin/g++    -W -Wall -Wextra  -Wunused  -Wmaybe-uninitialized -Wfatal-errors -Wcast-qual -Woverloaded-virtual -Wredundant-decls -Winit-self -pedantic -Wnoexcept -DPARANOID  -Weffc++ -Wno-unused-function -msse4.2 -DKAHYPAR_HAS_CRC32    CMakeFiles/cmTryCompileExec2594306567.dir/src.cxx.o  -o cmTryCompileExec2594306567 -rdynamic 
make[1]: Leaving directory `/home/andre/finalkahypar/kahypar-1/i10pc127/CMakeFiles/CMakeTmp'

Source file was:
int main() { return 0; }
The system is: Linux - 4.4.0-83-generic - x86_64
Compiling the CXX compiler identification source file "CMakeCXXCompilerId.cpp" succeeded.
Compiler: /usr/bin/c++ 
Build flags: 
Id flags: 

The output was:
0


Compilation of the CXX compiler identification source "CMakeCXXCompilerId.cpp" produced "a.out"

The CXX compiler identification is GNU, found in "/home/andre/server-home/finalkahypar/kahypar-1/i10pc127/CMakeFiles/3.5.1/CompilerIdCXX/a.out"

Compiling the C compiler identification source file "CMakeCCompilerId.c" succeeded.
Compiler: /usr/bin/cc 
Build flags: 
Id flags: 

The output was:
0


Compilation of the C compiler identification source "CMakeCCompilerId.c" produced "a.out"

The C compiler identification is GNU, found in "/home/andre/server-home/finalkahypar/kahypar-1/i10pc127/CMakeFiles/3.5.1/CompilerIdC/a.out"

Determining if the CXX compiler works passed with the following output:
Change Dir: /home/andre/server-home/finalkahypar/kahypar-1/i10pc127/CMakeFiles/CMakeTmp

Run Build Command:"/usr/bin/make" "cmTC_ccc7e/fast"
/usr/bin/make -f CMakeFiles/cmTC_ccc7e.dir/build.make CMakeFiles/cmTC_ccc7e.dir/build
make[1]: Verzeichnis „/home/andre/server-home/finalkahypar/kahypar-1/i10pc127/CMakeFiles/CMakeTmp“ wird betreten
Building CXX object CMakeFiles/cmTC_ccc7e.dir/testCXXCompiler.cxx.o
/usr/bin/c++      -o CMakeFiles/cmTC_ccc7e.dir/testCXXCompiler.cxx.o -c /home/andre/server-home/finalkahypar/kahypar-1/i10pc127/CMakeFiles/CMakeTmp/testCXXCompiler.cxx
Linking CXX executable cmTC_ccc7e
/usr/bin/cmake -E cmake_link_script CMakeFiles/cmTC_ccc7e.dir/link.txt --verbose=1
/usr/bin/c++        CMakeFiles/cmTC_ccc7e.dir/testCXXCompiler.cxx.o  -o cmTC_ccc7e -rdynamic 
make[1]: Verzeichnis „/home/andre/server-home/finalkahypar/kahypar-1/i10pc127/CMakeFiles/CMakeTmp“ wird verlassen


Detecting CXX compiler ABI info compiled with the following output:
Change Dir: /home/andre/server-home/finalkahypar/kahypar-1/i10pc127/CMakeFiles/CMakeTmp

Run Build Command:"/usr/bin/make" "cmTC_168bc/fast"
/usr/bin/make -f CMakeFiles/cmTC_168bc.dir/build.make CMakeFiles/cmTC_168bc.dir/build
make[1]: Verzeichnis „/home/andre/server-home/finalkahypar/kahypar-1/i10pc127/CMakeFiles/CMakeTmp“ wird betreten
Building CXX object CMakeFiles/cmTC_168bc.dir/CMakeCXXCompilerABI.cpp.o
/usr/bin/c++      -o CMakeFiles/cmTC_168bc.dir/CMakeCXXCompilerABI.cpp.o -c /usr/share/cmake-3.5/Modules/CMakeCXXCompilerABI.cpp
Linking CXX executable cmTC_168bc
/usr/bin/cmake -E cmake_link_script CMakeFiles/cmTC_168bc.dir/link.txt --verbose=1
/usr/bin/c++       -v CMakeFiles/cmTC_168bc.dir/CMakeCXXCompilerABI.cpp.o  -o cmTC_168bc -rdynamic  
Using built-in specs.
COLLECT_GCC=/usr/bin/c++
COLLECT_LTO_WRAPPER=/usr/lib/gcc/x86_64-linux-gnu/5/lto-wrapper
Target: x86_64-linux-gnu
Configured with: ../src/configure -v --with-pkgversion='Ubuntu 5.4.0-6ubuntu1~16.04.4' --with-bugurl=file:///usr/share/doc/gcc-5/README.Bugs --enable-languages=c,ada,c++,java,go,d,fortran,objc,obj-c++ --prefix=/usr --program-suffix=-5 --enable-shared --enable-linker-build-id --libexecdir=/usr/lib --without-included-gettext --enable-threads=posix --libdir=/usr/lib --enable-nls --with-sysroot=/ --enable-clocale=gnu --enable-libstdcxx-debug --enable-libstdcxx-time=yes --with-default-libstdcxx-abi=new --enable-gnu-unique-object --disable-vtable-verify --enable-libmpx --enable-plugin --with-system-zlib --disable-browser-plugin --enable-java-awt=gtk --enable-gtk-cairo --with-java-home=/usr/lib/jvm/java-1.5.0-gcj-5-amd64/jre --enable-java-home --with-jvm-root-dir=/usr/lib/jvm/java-1.5.0-gcj-5-amd64 --with-jvm-jar-dir=/usr/lib/jvm-exports/java-1.5.0-gcj-5-amd64 --with-arch-directory=amd64 --with-ecj-jar=/usr/share/java/eclipse-ecj.jar --enable-objc-gc --enable-multiarch --disable-werror --with-arch-32=i686 --with-abi=m64 --with-multilib-list=m32,m64,mx32 --enable-multilib --with-tune=generic --enable-checking=release --build=x86_64-linux-gnu --host=x86_64-linux-gnu --target=x86_64-linux-gnu
Thread model: posix
gcc version 5.4.0 20160609 (Ubuntu 5.4.0-6ubuntu1~16.04.4) 
COMPILER_PATH=/usr/lib/gcc/x86_64-linux-gnu/5/:/usr/lib/gcc/x86_64-linux-gnu/5/:/usr/lib/gcc/x86_64-linux-gnu/:/usr/lib/gcc/x86_64-linux-gnu/5/:/usr/lib/gcc/x86_64-linux-gnu/
LIBRARY_PATH=/usr/lib/gcc/x86_64-linux-gnu/5/:/usr/lib/gcc/x86_64-linux-gnu/5/../../../x86_64-linux-gnu/:/usr/lib/gcc/x86_64-linux-gnu/5/../../../../lib/:/lib/x86_64-linux-gnu/:/lib/../lib/:/usr/lib/x86_64-linux-gnu/:/usr/lib/../lib/:/usr/lib/gcc/x86_64-linux-gnu/5/../../../:/lib/:/usr/lib/
COLLECT_GCC_OPTIONS='-v' '-o' 'cmTC_168bc' '-rdynamic' '-shared-libgcc' '-mtune=generic' '-march=x86-64'
 /usr/lib/gcc/x86_64-linux-gnu/5/collect2 -plugin /usr/lib/gcc/x86_64-linux-gnu/5/liblto_plugin.so -plugin-opt=/usr/lib/gcc/x86_64-linux-gnu/5/lto-wrapper -plugin-opt=-fresolution=/tmp/cc5IVP6r.res -plugin-opt=-pass-through=-lgcc_s -plugin-opt=-pass-through=-lgcc -plugin-opt=-pass-through=-lc -plugin-opt=-pass-through=-lgcc_s -plugin-opt=-pass-through=-lgcc --sysroot=/ --build-id --eh-frame-hdr -m elf_x86_64 --hash-style=gnu --as-needed -export-dynamic -dynamic-linker /lib64/ld-linux-x86-64.so.2 -z relro -o cmTC_168bc /usr/lib/gcc/x86_64-linux-gnu/5/../../../x86_64-linux-gnu/crt1.o /usr/lib/gcc/x86_64-linux-gnu/5/../../../x86_64-linux-gnu/crti.o /usr/lib/gcc/x86_64-linux-gnu/5/crtbegin.o -L/usr/lib/gcc/x86_64-linux-gnu/5 -L/usr/lib/gcc/x86_64-linux-gnu/5/../../../x86_64-linux-gnu -L/usr/lib/gcc/x86_64-linux-gnu/5/../../../../lib -L/lib/x86_64-linux-gnu -L/lib/../lib -L/usr/lib/x86_64-linux-gnu -L/usr/lib/../lib -L/usr/lib/gcc/x86_64-linux-gnu/5/../../.. CMakeFiles/cmTC_168bc.dir/CMakeCXXCompilerABI.cpp.o -lstdc++ -lm -lgcc_s -lgcc -lc -lgcc_s -lgcc /usr/lib/gcc/x86_64-linux-gnu/5/crtend.o /usr/lib/gcc/x86_64-linux-gnu/5/../../../x86_64-linux-gnu/crtn.o
make[1]: Verzeichnis „/home/andre/server-home/finalkahypar/kahypar-1/i10pc127/CMakeFiles/CMakeTmp“ wird verlassen


Parsed CXX implicit link information from above output:
  link line regex: [^( *|.*[/\])(ld|([^/\]+-)?ld|collect2)[^/\]*( |$)]
  ignore line: [Change Dir: /home/andre/server-home/finalkahypar/kahypar-1/i10pc127/CMakeFiles/CMakeTmp]
  ignore line: []
  ignore line: [Run Build Command:"/usr/bin/make" "cmTC_168bc/fast"]
  ignore line: [/usr/bin/make -f CMakeFiles/cmTC_168bc.dir/build.make CMakeFiles/cmTC_168bc.dir/build]
  ignore line: [make[1]: Verzeichnis „/home/andre/server-home/finalkahypar/kahypar-1/i10pc127/CMakeFiles/CMakeTmp“ wird betreten]
  ignore line: [Building CXX object CMakeFiles/cmTC_168bc.dir/CMakeCXXCompilerABI.cpp.o]
  ignore line: [/usr/bin/c++      -o CMakeFiles/cmTC_168bc.dir/CMakeCXXCompilerABI.cpp.o -c /usr/share/cmake-3.5/Modules/CMakeCXXCompilerABI.cpp]
  ignore line: [Linking CXX executable cmTC_168bc]
  ignore line: [/usr/bin/cmake -E cmake_link_script CMakeFiles/cmTC_168bc.dir/link.txt --verbose=1]
  ignore line: [/usr/bin/c++       -v CMakeFiles/cmTC_168bc.dir/CMakeCXXCompilerABI.cpp.o  -o cmTC_168bc -rdynamic  ]
  ignore line: [Using built-in specs.]
  ignore line: [COLLECT_GCC=/usr/bin/c++]
  ignore line: [COLLECT_LTO_WRAPPER=/usr/lib/gcc/x86_64-linux-gnu/5/lto-wrapper]
  ignore line: [Target: x86_64-linux-gnu]
  ignore line: [Configured with: ../src/configure -v --with-pkgversion='Ubuntu 5.4.0-6ubuntu1~16.04.4' --with-bugurl=file:///usr/share/doc/gcc-5/README.Bugs --enable-languages=c,ada,c++,java,go,d,fortran,objc,obj-c++ --prefix=/usr --program-suffix=-5 --enable-shared --enable-linker-build-id --libexecdir=/usr/lib --without-included-gettext --enable-threads=posix --libdir=/usr/lib --enable-nls --with-sysroot=/ --enable-clocale=gnu --enable-libstdcxx-debug --enable-libstdcxx-time=yes --with-default-libstdcxx-abi=new --enable-gnu-unique-object --disable-vtable-verify --enable-libmpx --enable-plugin --with-system-zlib --disable-browser-plugin --enable-java-awt=gtk --enable-gtk-cairo --with-java-home=/usr/lib/jvm/java-1.5.0-gcj-5-amd64/jre --enable-java-home --with-jvm-root-dir=/usr/lib/jvm/java-1.5.0-gcj-5-amd64 --with-jvm-jar-dir=/usr/lib/jvm-exports/java-1.5.0-gcj-5-amd64 --with-arch-directory=amd64 --with-ecj-jar=/usr/share/java/eclipse-ecj.jar --enable-objc-gc --enable-multiarch --disable-werror --with-arch-32=i686 --with-abi=m64 --with-multilib-list=m32,m64,mx32 --enable-multilib --with-tune=generic --enable-checking=release --build=x86_64-linux-gnu --host=x86_64-linux-gnu --target=x86_64-linux-gnu]
  ignore line: [Thread model: posix]
  ignore line: [gcc version 5.4.0 20160609 (Ubuntu 5.4.0-6ubuntu1~16.04.4) ]
  ignore line: [COMPILER_PATH=/usr/lib/gcc/x86_64-linux-gnu/5/:/usr/lib/gcc/x86_64-linux-gnu/5/:/usr/lib/gcc/x86_64-linux-gnu/:/usr/lib/gcc/x86_64-linux-gnu/5/:/usr/lib/gcc/x86_64-linux-gnu/]
  ignore line: [LIBRARY_PATH=/usr/lib/gcc/x86_64-linux-gnu/5/:/usr/lib/gcc/x86_64-linux-gnu/5/../../../x86_64-linux-gnu/:/usr/lib/gcc/x86_64-linux-gnu/5/../../../../lib/:/lib/x86_64-linux-gnu/:/lib/../lib/:/usr/lib/x86_64-linux-gnu/:/usr/lib/../lib/:/usr/lib/gcc/x86_64-linux-gnu/5/../../../:/lib/:/usr/lib/]
  ignore line: [COLLECT_GCC_OPTIONS='-v' '-o' 'cmTC_168bc' '-rdynamic' '-shared-libgcc' '-mtune=generic' '-march=x86-64']
  link line: [ /usr/lib/gcc/x86_64-linux-gnu/5/collect2 -plugin /usr/lib/gcc/x86_64-linux-gnu/5/liblto_plugin.so -plugin-opt=/usr/lib/gcc/x86_64-linux-gnu/5/lto-wrapper -plugin-opt=-fresolution=/tmp/cc5IVP6r.res -plugin-opt=-pass-through=-lgcc_s -plugin-opt=-pass-through=-lgcc -plugin-opt=-pass-through=-lc -plugin-opt=-pass-through=-lgcc_s -plugin-opt=-pass-through=-lgcc --sysroot=/ --build-id --eh-frame-hdr -m elf_x86_64 --hash-style=gnu --as-needed -export-dynamic -dynamic-linker /lib64/ld-linux-x86-64.so.2 -z relro -o cmTC_168bc /usr/lib/gcc/x86_64-linux-gnu/5/../../../x86_64-linux-gnu/crt1.o /usr/lib/gcc/x86_64-linux-gnu/5/../../../x86_64-linux-gnu/crti.o /usr/lib/gcc/x86_64-linux-gnu/5/crtbegin.o -L/usr/lib/gcc/x86_64-linux-gnu/5 -L/usr/lib/gcc/x86_64-linux-gnu/5/../../../x86_64-linux-gnu -L/usr/lib/gcc/x86_64-linux-gnu/5/../../../../lib -L/lib/x86_64-linux-gnu -L/lib/../lib -L/usr/lib/x86_64-linux-gnu -L/usr/lib/../lib -L/usr/lib/gcc/x86_64-linux-gnu/5/../../.. CMakeFiles/cmTC_168bc.dir/CMakeCXXCompilerABI.cpp.o -lstdc++ -lm -lgcc_s -lgcc -lc -lgcc_s -lgcc /usr/lib/gcc/x86_64-linux-gnu/5/crtend.o /usr/lib/gcc/x86_64-linux-gnu/5/../../../x86_64-linux-gnu/crtn.o]
    arg [/usr/lib/gcc/x86_64-linux-gnu/5/collect2] ==> ignore
    arg [-plugin] ==> ignore
    arg [/usr/lib/gcc/x86_64-linux-gnu/5/liblto_plugin.so] ==> ignore
    arg [-plugin-opt=/usr/lib/gcc/x86_64-linux-gnu/5/lto-wrapper] ==> ignore
    arg [-plugin-opt=-fresolution=/tmp/cc5IVP6r.res] ==> ignore
    arg [-plugin-opt=-pass-through=-lgcc_s] ==> ignore
    arg [-plugin-opt=-pass-through=-lgcc] ==> ignore
    arg [-plugin-opt=-pass-through=-lc] ==> ignore
    arg [-plugin-opt=-pass-through=-lgcc_s] ==> ignore
    arg [-plugin-opt=-pass-through=-lgcc] ==> ignore
    arg [--sysroot=/] ==> ignore
    arg [--build-id] ==> ignore
    arg [--eh-frame-hdr] ==> ignore
    arg [-m] ==> ignore
    arg [elf_x86_64] ==> ignore
    arg [--hash-style=gnu] ==> ignore
    arg [--as-needed] ==> ignore
    arg [-export-dynamic] ==> ignore
    arg [-dynamic-linker] ==> ignore
    arg [/lib64/ld-linux-x86-64.so.2] ==> ignore
    arg [-zrelro] ==> ignore
    arg [-o] ==> ignore
    arg [cmTC_168bc] ==> ignore
    arg [/usr/lib/gcc/x86_64-linux-gnu/5/../../../x86_64-linux-gnu/crt1.o] ==> ignore
    arg [/usr/lib/gcc/x86_64-linux-gnu/5/../../../x86_64-linux-gnu/crti.o] ==> ignore
    arg [/usr/lib/gcc/x86_64-linux-gnu/5/crtbegin.o] ==> ignore
    arg [-L/usr/lib/gcc/x86_64-linux-gnu/5] ==> dir [/usr/lib/gcc/x86_64-linux-gnu/5]
    arg [-L/usr/lib/gcc/x86_64-linux-gnu/5/../../../x86_64-linux-gnu] ==> dir [/usr/lib/gcc/x86_64-linux-gnu/5/../../../x86_64-linux-gnu]
    arg [-L/usr/lib/gcc/x86_64-linux-gnu/5/../../../../lib] ==> dir [/usr/lib/gcc/x86_64-linux-gnu/5/../../../../lib]
    arg [-L/lib/x86_64-linux-gnu] ==> dir [/lib/x86_64-linux-gnu]
    arg [-L/lib/../lib] ==> dir [/lib/../lib]
    arg [-L/usr/lib/x86_64-linux-gnu] ==> dir [/usr/lib/x86_64-linux-gnu]
    arg [-L/usr/lib/../lib] ==> dir [/usr/lib/../lib]
    arg [-L/usr/lib/gcc/x86_64-linux-gnu/5/../../..] ==> dir [/usr/lib/gcc/x86_64-linux-gnu/5/../../..]
    arg [CMakeFiles/cmTC_168bc.dir/CMakeCXXCompilerABI.cpp.o] ==> ignore
    arg [-lstdc++] ==> lib [stdc++]
    arg [-lm] ==> lib [m]
    arg [-lgcc_s] ==> lib [gcc_s]
    arg [-lgcc] ==> lib [gcc]
    arg [-lc] ==> lib [c]
    arg [-lgcc_s] ==> lib [gcc_s]
    arg [-lgcc] ==> lib [gcc]
    arg [/usr/lib/gcc/x86_64-linux-gnu/5/crtend.o] ==> ignore
    arg [/usr/lib/gcc/x86_64-linux-gnu/5/../../../x86_64-linux-gnu/crtn.o] ==> ignore
  remove lib [gcc_s]
  remove lib [gcc]
  remove lib [gcc_s]
  remove lib [gcc]
  collapse library dir [/usr/lib/gcc/x86_64-linux-gnu/5] ==> [/usr/lib/gcc/x86_64-linux-gnu/5]
  collapse library dir [/usr/lib/gcc/x86_64-linux-gnu/5/../../../x86_64-linux-gnu] ==> [/usr/lib/x86_64-linux-gnu]
  collapse library dir [/usr/lib/gcc/x86_64-linux-gnu/5/../../../../lib] ==> [/usr/lib]
  collapse library dir [/lib/x86_64-linux-gnu] ==> [/lib/x86_64-linux-gnu]
  collapse library dir [/lib/../lib] ==> [/lib]
  collapse library dir [/usr/lib/x86_64-linux-gnu] ==> [/usr/lib/x86_64-linux-gnu]
  collapse library dir [/usr/lib/../lib] ==> [/usr/lib]
  collapse library dir [/usr/lib/gcc/x86_64-linux-gnu/5/../../..] ==> [/usr/lib]
  implicit libs: [stdc++;m;c]
  implicit dirs: [/usr/lib/gcc/x86_64-linux-gnu/5;/usr/lib/x86_64-linux-gnu;/usr/lib;/lib/x86_64-linux-gnu;/lib]
  implicit fwks: []




Detecting CXX [-std=c++14] compiler features compiled with the following output:
Change Dir: /home/andre/server-home/finalkahypar/kahypar-1/i10pc127/CMakeFiles/CMakeTmp

Run Build Command:"/usr/bin/make" "cmTC_b3335/fast"
/usr/bin/make -f CMakeFiles/cmTC_b3335.dir/build.make CMakeFiles/cmTC_b3335.dir/build
make[1]: Verzeichnis „/home/andre/server-home/finalkahypar/kahypar-1/i10pc127/CMakeFiles/CMakeTmp“ wird betreten
Building CXX object CMakeFiles/cmTC_b3335.dir/feature_tests.cxx.o
/usr/bin/c++     -std=c++14 -o CMakeFiles/cmTC_b3335.dir/feature_tests.cxx.o -c /home/andre/server-home/finalkahypar/kahypar-1/i10pc127/CMakeFiles/feature_tests.cxx
Linking CXX executable cmTC_b3335
/usr/bin/cmake -E cmake_link_script CMakeFiles/cmTC_b3335.dir/link.txt --verbose=1
/usr/bin/c++        CMakeFiles/cmTC_b3335.dir/feature_tests.cxx.o  -o cmTC_b3335 -rdynamic 
make[1]: Verzeichnis „/home/andre/server-home/finalkahypar/kahypar-1/i10pc127/CMakeFiles/CMakeTmp“ wird verlassen


    Feature record: CXX_FEATURE:1cxx_aggregate_default_initializers
    Feature record: CXX_FEATURE:1cxx_alias_templates
    Feature record: CXX_FEATURE:1cxx_alignas
    Feature record: CXX_FEATURE:1cxx_alignof
    Feature record: CXX_FEATURE:1cxx_attributes
    Feature record: CXX_FEATURE:1cxx_attribute_deprecated
    Feature record: CXX_FEATURE:1cxx_auto_type
    Feature record: CXX_FEATURE:1cxx_binary_literals
    Feature record: CXX_FEATURE:1cxx_constexpr
    Feature record: CXX_FEATURE:1cxx_contextual_conversions
    Feature record: CXX_FEATURE:1cxx_decltype
    Feature record: CXX_FEATURE:1cxx_decltype_auto
    Feature record: CXX_FEATURE:1cxx_decltype_incomplete_return_types
    Feature record: CXX_FEATURE:1cxx_default_function_template_args
    Feature record: CXX_FEATURE:1cxx_defaulted_functions
    Feature record: CXX_FEATURE:1cxx_defaulted_move_initializers
    Feature record: CXX_FEATURE:1cxx_delegating_constructors
    Feature record: CXX_FEATURE:1cxx_deleted_functions
    Feature record: CXX_FEATURE:1cxx_digit_separators
    Feature record: CXX_FEATURE:1cxx_enum_forward_declarations
    Feature record: CXX_FEATURE:1cxx_explicit_conversions
    Feature record: CXX_FEATURE:1cxx_extended_friend_declarations
    Feature record: CXX_FEATURE:1cxx_extern_templates
    Feature record: CXX_FEATURE:1cxx_final
    Feature record: CXX_FEATURE:1cxx_func_identifier
    Feature record: CXX_FEATURE:1cxx_generalized_initializers
    Feature record: CXX_FEATURE:1cxx_generic_lambdas
    Feature record: CXX_FEATURE:1cxx_inheriting_constructors
    Feature record: CXX_FEATURE:1cxx_inline_namespaces
    Feature record: CXX_FEATURE:1cxx_lambdas
    Feature record: CXX_FEATURE:1cxx_lambda_init_captures
    Feature record: CXX_FEATURE:1cxx_local_type_template_args
    Feature record: CXX_FEATURE:1cxx_long_long_type
    Feature record: CXX_FEATURE:1cxx_noexcept
    Feature record: CXX_FEATURE:1cxx_nonstatic_member_init
    Feature record: CXX_FEATURE:1cxx_nullptr
    Feature record: CXX_FEATURE:1cxx_override
    Feature record: CXX_FEATURE:1cxx_range_for
    Feature record: CXX_FEATURE:1cxx_raw_string_literals
    Feature record: CXX_FEATURE:1cxx_reference_qualified_functions
    Feature record: CXX_FEATURE:1cxx_relaxed_constexpr
    Feature record: CXX_FEATURE:1cxx_return_type_deduction
    Feature record: CXX_FEATURE:1cxx_right_angle_brackets
    Feature record: CXX_FEATURE:1cxx_rvalue_references
    Feature record: CXX_FEATURE:1cxx_sizeof_member
    Feature record: CXX_FEATURE:1cxx_static_assert
    Feature record: CXX_FEATURE:1cxx_strong_enums
    Feature record: CXX_FEATURE:1cxx_template_template_parameters
    Feature record: CXX_FEATURE:1cxx_thread_local
    Feature record: CXX_FEATURE:1cxx_trailing_return_types
    Feature record: CXX_FEATURE:1cxx_unicode_literals
    Feature record: CXX_FEATURE:1cxx_uniform_initialization
    Feature record: CXX_FEATURE:1cxx_unrestricted_unions
    Feature record: CXX_FEATURE:1cxx_user_literals
    Feature record: CXX_FEATURE:1cxx_variable_templates
    Feature record: CXX_FEATURE:1cxx_variadic_macros
    Feature record: CXX_FEATURE:1cxx_variadic_templates


Detecting CXX [-std=c++11] compiler features compiled with the following output:
Change Dir: /home/andre/server-home/finalkahypar/kahypar-1/i10pc127/CMakeFiles/CMakeTmp

Run Build Command:"/usr/bin/make" "cmTC_2e4fe/fast"
/usr/bin/make -f CMakeFiles/cmTC_2e4fe.dir/build.make CMakeFiles/cmTC_2e4fe.dir/build
make[1]: Verzeichnis „/home/andre/server-home/finalkahypar/kahypar-1/i10pc127/CMakeFiles/CMakeTmp“ wird betreten
Building CXX object CMakeFiles/cmTC_2e4fe.dir/feature_tests.cxx.o
/usr/bin/c++     -std=c++11 -o CMakeFiles/cmTC_2e4fe.dir/feature_tests.cxx.o -c /home/andre/server-home/finalkahypar/kahypar-1/i10pc127/CMakeFiles/feature_tests.cxx
Linking CXX executable cmTC_2e4fe
/usr/bin/cmake -E cmake_link_script CMakeFiles/cmTC_2e4fe.dir/link.txt --verbose=1
/usr/bin/c++        CMakeFiles/cmTC_2e4fe.dir/feature_tests.cxx.o  -o cmTC_2e4fe -rdynamic 
make[1]: Verzeichnis „/home/andre/server-home/finalkahypar/kahypar-1/i10pc127/CMakeFiles/CMakeTmp“ wird verlassen


    Feature record: CXX_FEATURE:0cxx_aggregate_default_initializers
    Feature record: CXX_FEATURE:1cxx_alias_templates
    Feature record: CXX_FEATURE:1cxx_alignas
    Feature record: CXX_FEATURE:1cxx_alignof
    Feature record: CXX_FEATURE:1cxx_attributes
    Feature record: CXX_FEATURE:0cxx_attribute_deprecated
    Feature record: CXX_FEATURE:1cxx_auto_type
    Feature record: CXX_FEATURE:0cxx_binary_literals
    Feature record: CXX_FEATURE:1cxx_constexpr
    Feature record: CXX_FEATURE:0cxx_contextual_conversions
    Feature record: CXX_FEATURE:1cxx_decltype
    Feature record: CXX_FEATURE:0cxx_decltype_auto
    Feature record: CXX_FEATURE:1cxx_decltype_incomplete_return_types
    Feature record: CXX_FEATURE:1cxx_default_function_template_args
    Feature record: CXX_FEATURE:1cxx_defaulted_functions
    Feature record: CXX_FEATURE:1cxx_defaulted_move_initializers
    Feature record: CXX_FEATURE:1cxx_delegating_constructors
    Feature record: CXX_FEATURE:1cxx_deleted_functions
    Feature record: CXX_FEATURE:0cxx_digit_separators
    Feature record: CXX_FEATURE:1cxx_enum_forward_declarations
    Feature record: CXX_FEATURE:1cxx_explicit_conversions
    Feature record: CXX_FEATURE:1cxx_extended_friend_declarations
    Feature record: CXX_FEATURE:1cxx_extern_templates
    Feature record: CXX_FEATURE:1cxx_final
    Feature record: CXX_FEATURE:1cxx_func_identifier
    Feature record: CXX_FEATURE:1cxx_generalized_initializers
    Feature record: CXX_FEATURE:0cxx_generic_lambdas
    Feature record: CXX_FEATURE:1cxx_inheriting_constructors
    Feature record: CXX_FEATURE:1cxx_inline_namespaces
    Feature record: CXX_FEATURE:1cxx_lambdas
    Feature record: CXX_FEATURE:0cxx_lambda_init_captures
    Feature record: CXX_FEATURE:1cxx_local_type_template_args
    Feature record: CXX_FEATURE:1cxx_long_long_type
    Feature record: CXX_FEATURE:1cxx_noexcept
    Feature record: CXX_FEATURE:1cxx_nonstatic_member_init
    Feature record: CXX_FEATURE:1cxx_nullptr
    Feature record: CXX_FEATURE:1cxx_override
    Feature record: CXX_FEATURE:1cxx_range_for
    Feature record: CXX_FEATURE:1cxx_raw_string_literals
    Feature record: CXX_FEATURE:1cxx_reference_qualified_functions
    Feature record: CXX_FEATURE:0cxx_relaxed_constexpr
    Feature record: CXX_FEATURE:0cxx_return_type_deduction
    Feature record: CXX_FEATURE:1cxx_right_angle_brackets
    Feature record: CXX_FEATURE:1cxx_rvalue_references
    Feature record: CXX_FEATURE:1cxx_sizeof_member
    Feature record: CXX_FEATURE:1cxx_static_assert
    Feature record: CXX_FEATURE:1cxx_strong_enums
    Feature record: CXX_FEATURE:1cxx_template_template_parameters
    Feature record: CXX_FEATURE:1cxx_thread_local
    Feature record: CXX_FEATURE:1cxx_trailing_return_types
    Feature record: CXX_FEATURE:1cxx_unicode_literals
    Feature record: CXX_FEATURE:1cxx_uniform_initialization
    Feature record: CXX_FEATURE:1cxx_unrestricted_unions
    Feature record: CXX_FEATURE:1cxx_user_literals
    Feature record: CXX_FEATURE:0cxx_variable_templates
    Feature record: CXX_FEATURE:1cxx_variadic_macros
    Feature record: CXX_FEATURE:1cxx_variadic_templates


Detecting CXX [-std=c++98] compiler features compiled with the following output:
Change Dir: /home/andre/server-home/finalkahypar/kahypar-1/i10pc127/CMakeFiles/CMakeTmp

Run Build Command:"/usr/bin/make" "cmTC_787d5/fast"
/usr/bin/make -f CMakeFiles/cmTC_787d5.dir/build.make CMakeFiles/cmTC_787d5.dir/build
make[1]: Verzeichnis „/home/andre/server-home/finalkahypar/kahypar-1/i10pc127/CMakeFiles/CMakeTmp“ wird betreten
Building CXX object CMakeFiles/cmTC_787d5.dir/feature_tests.cxx.o
/usr/bin/c++     -std=c++98 -o CMakeFiles/cmTC_787d5.dir/feature_tests.cxx.o -c /home/andre/server-home/finalkahypar/kahypar-1/i10pc127/CMakeFiles/feature_tests.cxx
Linking CXX executable cmTC_787d5
/usr/bin/cmake -E cmake_link_script CMakeFiles/cmTC_787d5.dir/link.txt --verbose=1
/usr/bin/c++        CMakeFiles/cmTC_787d5.dir/feature_tests.cxx.o  -o cmTC_787d5 -rdynamic 
make[1]: Verzeichnis „/home/andre/server-home/finalkahypar/kahypar-1/i10pc127/CMakeFiles/CMakeTmp“ wird verlassen


    Feature record: CXX_FEATURE:0cxx_aggregate_default_initializers
    Feature record: CXX_FEATURE:0cxx_alias_templates
    Feature record: CXX_FEATURE:0cxx_alignas
    Feature record: CXX_FEATURE:0cxx_alignof
    Feature record: CXX_FEATURE:0cxx_attributes
    Feature record: CXX_FEATURE:0cxx_attribute_deprecated
    Feature record: CXX_FEATURE:0cxx_auto_type
    Feature record: CXX_FEATURE:0cxx_binary_literals
    Feature record: CXX_FEATURE:0cxx_constexpr
    Feature record: CXX_FEATURE:0cxx_contextual_conversions
    Feature record: CXX_FEATURE:0cxx_decltype
    Feature record: CXX_FEATURE:0cxx_decltype_auto
    Feature record: CXX_FEATURE:0cxx_decltype_incomplete_return_types
    Feature record: CXX_FEATURE:0cxx_default_function_template_args
    Feature record: CXX_FEATURE:0cxx_defaulted_functions
    Feature record: CXX_FEATURE:0cxx_defaulted_move_initializers
    Feature record: CXX_FEATURE:0cxx_delegating_constructors
    Feature record: CXX_FEATURE:0cxx_deleted_functions
    Feature record: CXX_FEATURE:0cxx_digit_separators
    Feature record: CXX_FEATURE:0cxx_enum_forward_declarations
    Feature record: CXX_FEATURE:0cxx_explicit_conversions
    Feature record: CXX_FEATURE:0cxx_extended_friend_declarations
    Feature record: CXX_FEATURE:0cxx_extern_templates
    Feature record: CXX_FEATURE:0cxx_final
    Feature record: CXX_FEATURE:0cxx_func_identifier
    Feature record: CXX_FEATURE:0cxx_generalized_initializers
    Feature record: CXX_FEATURE:0cxx_generic_lambdas
    Feature record: CXX_FEATURE:0cxx_inheriting_constructors
    Feature record: CXX_FEATURE:0cxx_inline_namespaces
    Feature record: CXX_FEATURE:0cxx_lambdas
    Feature record: CXX_FEATURE:0cxx_lambda_init_captures
    Feature record: CXX_FEATURE:0cxx_local_type_template_args
    Feature record: CXX_FEATURE:0cxx_long_long_type
    Feature record: CXX_FEATURE:0cxx_noexcept
    Feature record: CXX_FEATURE:0cxx_nonstatic_member_init
    Feature record: CXX_FEATURE:0cxx_nullptr
    Feature record: CXX_FEATURE:0cxx_override
    Feature record: CXX_FEATURE:0cxx_range_for
    Feature record: CXX_FEATURE:0cxx_raw_string_literals
    Feature record: CXX_FEATURE:0cxx_reference_qualified_functions
    Feature record: CXX_FEATURE:0cxx_relaxed_constexpr
    Feature record: CXX_FEATURE:0cxx_return_type_deduction
    Feature record: CXX_FEATURE:0cxx_right_angle_brackets
    Feature record: CXX_FEATURE:0cxx_rvalue_references
    Feature record: CXX_FEATURE:0cxx_sizeof_member
    Feature record: CXX_FEATURE:0cxx_static_assert
    Feature record: CXX_FEATURE:0cxx_strong_enums
    Feature record: CXX_FEATURE:1cxx_template_template_parameters
    Feature record: CXX_FEATURE:0cxx_thread_local
    Feature record: CXX_FEATURE:0cxx_trailing_return_types
    Feature record: CXX_FEATURE:0cxx_unicode_literals
    Feature record: CXX_FEATURE:0cxx_uniform_initialization
    Feature record: CXX_FEATURE:0cxx_unrestricted_unions
    Feature record: CXX_FEATURE:0cxx_user_literals
    Feature record: CXX_FEATURE:0cxx_variable_templates
    Feature record: CXX_FEATURE:0cxx_variadic_macros
    Feature record: CXX_FEATURE:0cxx_variadic_templates
Determining if the C compiler works passed with the following output:
Change Dir: /home/andre/server-home/finalkahypar/kahypar-1/i10pc127/CMakeFiles/CMakeTmp

Run Build Command:"/usr/bin/make" "cmTC_6dbee/fast"
/usr/bin/make -f CMakeFiles/cmTC_6dbee.dir/build.make CMakeFiles/cmTC_6dbee.dir/build
make[1]: Verzeichnis „/home/andre/server-home/finalkahypar/kahypar-1/i10pc127/CMakeFiles/CMakeTmp“ wird betreten
Building C object CMakeFiles/cmTC_6dbee.dir/testCCompiler.c.o
/usr/bin/cc     -o CMakeFiles/cmTC_6dbee.dir/testCCompiler.c.o   -c /home/andre/server-home/finalkahypar/kahypar-1/i10pc127/CMakeFiles/CMakeTmp/testCCompiler.c
Linking C executable cmTC_6dbee
/usr/bin/cmake -E cmake_link_script CMakeFiles/cmTC_6dbee.dir/link.txt --verbose=1
/usr/bin/cc       CMakeFiles/cmTC_6dbee.dir/testCCompiler.c.o  -o cmTC_6dbee -rdynamic 
make[1]: Verzeichnis „/home/andre/server-home/finalkahypar/kahypar-1/i10pc127/CMakeFiles/CMakeTmp“ wird verlassen


Detecting C compiler ABI info compiled with the following output:
Change Dir: /home/andre/server-home/finalkahypar/kahypar-1/i10pc127/CMakeFiles/CMakeTmp

Run Build Command:"/usr/bin/make" "cmTC_ff46b/fast"
/usr/bin/make -f CMakeFiles/cmTC_ff46b.dir/build.make CMakeFiles/cmTC_ff46b.dir/build
make[1]: Verzeichnis „/home/andre/server-home/finalkahypar/kahypar-1/i10pc127/CMakeFiles/CMakeTmp“ wird betreten
Building C object CMakeFiles/cmTC_ff46b.dir/CMakeCCompilerABI.c.o
/usr/bin/cc     -o CMakeFiles/cmTC_ff46b.dir/CMakeCCompilerABI.c.o   -c /usr/share/cmake-3.5/Modules/CMakeCCompilerABI.c
Linking C executable cmTC_ff46b
/usr/bin/cmake -E cmake_link_script CMakeFiles/cmTC_ff46b.dir/link.txt --verbose=1
/usr/bin/cc      -v CMakeFiles/cmTC_ff46b.dir/CMakeCCompilerABI.c.o  -o cmTC_ff46b -rdynamic  
Using built-in specs.
COLLECT_GCC=/usr/bin/cc
COLLECT_LTO_WRAPPER=/usr/lib/gcc/x86_64-linux-gnu/5/lto-wrapper
Target: x86_64-linux-gnu
Configured with: ../src/configure -v --with-pkgversion='Ubuntu 5.4.0-6ubuntu1~16.04.4' --with-bugurl=file:///usr/share/doc/gcc-5/README.Bugs --enable-languages=c,ada,c++,java,go,d,fortran,objc,obj-c++ --prefix=/usr --program-suffix=-5 --enable-shared --enable-linker-build-id --libexecdir=/usr/lib --without-included-gettext --enable-threads=posix --libdir=/usr/lib --enable-nls --with-sysroot=/ --enable-clocale=gnu --enable-libstdcxx-debug --enable-libstdcxx-time=yes --with-default-libstdcxx-abi=new --enable-gnu-unique-object --disable-vtable-verify --enable-libmpx --enable-plugin --with-system-zlib --disable-browser-plugin --enable-java-awt=gtk --enable-gtk-cairo --with-java-home=/usr/lib/jvm/java-1.5.0-gcj-5-amd64/jre --enable-java-home --with-jvm-root-dir=/usr/lib/jvm/java-1.5.0-gcj-5-amd64 --with-jvm-jar-dir=/usr/lib/jvm-exports/java-1.5.0-gcj-5-amd64 --with-arch-directory=amd64 --with-ecj-jar=/usr/share/java/eclipse-ecj.jar --enable-objc-gc --enable-multiarch --disable-werror --with-arch-32=i686 --with-abi=m64 --with-multilib-list=m32,m64,mx32 --enable-multilib --with-tune=generic --enable-checking=release --build=x86_64-linux-gnu --host=x86_64-linux-gnu --target=x86_64-linux-gnu
Thread model: posix
gcc version 5.4.0 20160609 (Ubuntu 5.4.0-6ubuntu1~16.04.4) 
COMPILER_PATH=/usr/lib/gcc/x86_64-linux-gnu/5/:/usr/lib/gcc/x86_64-linux-gnu/5/:/usr/lib/gcc/x86_64-linux-gnu/:/usr/lib/gcc/x86_64-linux-gnu/5/:/usr/lib/gcc/x86_64-linux-gnu/
LIBRARY_PATH=/usr/lib/gcc/x86_64-linux-gnu/5/:/usr/lib/gcc/x86_64-linux-gnu/5/../../../x86_64-linux-gnu/:/usr/lib/gcc/x86_64-linux-gnu/5/../../../../lib/:/lib/x86_64-linux-gnu/:/lib/../lib/:/usr/lib/x86_64-linux-gnu/:/usr/lib/../lib/:/usr/lib/gcc/x86_64-linux-gnu/5/../../../:/lib/:/usr/lib/
COLLECT_GCC_OPTIONS='-v' '-o' 'cmTC_ff46b' '-rdynamic' '-mtune=generic' '-march=x86-64'
 /usr/lib/gcc/x86_64-linux-gnu/5/collect2 -plugin /usr/lib/gcc/x86_64-linux-gnu/5/liblto_plugin.so -plugin-opt=/usr/lib/gcc/x86_64-linux-gnu/5/lto-wrapper -plugin-opt=-fresolution=/tmp/cc0V3Lyt.res -plugin-opt=-pass-through=-lgcc -plugin-opt=-pass-through=-lgcc_s -plugin-opt=-pass-through=-lc -plugin-opt=-pass-through=-lgcc -plugin-opt=-pass-through=-lgcc_s --sysroot=/ --build-id --eh-frame-hdr -m elf_x86_64 --hash-style=gnu --as-needed -export-dynamic -dynamic-linker /lib64/ld-linux-x86-64.so.2 -z relro -o cmTC_ff46b /usr/lib/gcc/x86_64-linux-gnu/5/../../../x86_64-linux-gnu/crt1.o /usr/lib/gcc/x86_64-linux-gnu/5/../../../x86_64-linux-gnu/crti.o /usr/lib/gcc/x86_64-linux-gnu/5/crtbegin.o -L/usr/lib/gcc/x86_64-linux-gnu/5 -L/usr/lib/gcc/x86_64-linux-gnu/5/../../../x86_64-linux-gnu -L/usr/lib/gcc/x86_64-linux-gnu/5/../../../../lib -L/lib/x86_64-linux-gnu -L/lib/../lib -L/usr/lib/x86_64-linux-gnu -L/usr/lib/../lib -L/usr/lib/gcc/x86_64-linux-gnu/5/../../.. CMakeFiles/cmTC_ff46b.dir/CMakeCCompilerABI.c.o -lgcc --as-needed -lgcc_s --no-as-needed -lc -lgcc --as-needed -lgcc_s --no-as-needed /usr/lib/gcc/x86_64-linux-gnu/5/crtend.o /usr/lib/gcc/x86_64-linux-gnu/5/../../../x86_64-linux-gnu/crtn.o
make[1]: Verzeichnis „/home/andre/server-home/finalkahypar/kahypar-1/i10pc127/CMakeFiles/CMakeTmp“ wird verlassen


Parsed C implicit link information from above output:
  link line regex: [^( *|.*[/\])(ld|([^/\]+-)?ld|collect2)[^/\]*( |$)]
  ignore line: [Change Dir: /home/andre/server-home/finalkahypar/kahypar-1/i10pc127/CMakeFiles/CMakeTmp]
  ignore line: []
  ignore line: [Run Build Command:"/usr/bin/make" "cmTC_ff46b/fast"]
  ignore line: [/usr/bin/make -f CMakeFiles/cmTC_ff46b.dir/build.make CMakeFiles/cmTC_ff46b.dir/build]
  ignore line: [make[1]: Verzeichnis „/home/andre/server-home/finalkahypar/kahypar-1/i10pc127/CMakeFiles/CMakeTmp“ wird betreten]
  ignore line: [Building C object CMakeFiles/cmTC_ff46b.dir/CMakeCCompilerABI.c.o]
  ignore line: [/usr/bin/cc     -o CMakeFiles/cmTC_ff46b.dir/CMakeCCompilerABI.c.o   -c /usr/share/cmake-3.5/Modules/CMakeCCompilerABI.c]
  ignore line: [Linking C executable cmTC_ff46b]
  ignore line: [/usr/bin/cmake -E cmake_link_script CMakeFiles/cmTC_ff46b.dir/link.txt --verbose=1]
  ignore line: [/usr/bin/cc      -v CMakeFiles/cmTC_ff46b.dir/CMakeCCompilerABI.c.o  -o cmTC_ff46b -rdynamic  ]
  ignore line: [Using built-in specs.]
  ignore line: [COLLECT_GCC=/usr/bin/cc]
  ignore line: [COLLECT_LTO_WRAPPER=/usr/lib/gcc/x86_64-linux-gnu/5/lto-wrapper]
  ignore line: [Target: x86_64-linux-gnu]
  ignore line: [Configured with: ../src/configure -v --with-pkgversion='Ubuntu 5.4.0-6ubuntu1~16.04.4' --with-bugurl=file:///usr/share/doc/gcc-5/README.Bugs --enable-languages=c,ada,c++,java,go,d,fortran,objc,obj-c++ --prefix=/usr --program-suffix=-5 --enable-shared --enable-linker-build-id --libexecdir=/usr/lib --without-included-gettext --enable-threads=posix --libdir=/usr/lib --enable-nls --with-sysroot=/ --enable-clocale=gnu --enable-libstdcxx-debug --enable-libstdcxx-time=yes --with-default-libstdcxx-abi=new --enable-gnu-unique-object --disable-vtable-verify --enable-libmpx --enable-plugin --with-system-zlib --disable-browser-plugin --enable-java-awt=gtk --enable-gtk-cairo --with-java-home=/usr/lib/jvm/java-1.5.0-gcj-5-amd64/jre --enable-java-home --with-jvm-root-dir=/usr/lib/jvm/java-1.5.0-gcj-5-amd64 --with-jvm-jar-dir=/usr/lib/jvm-exports/java-1.5.0-gcj-5-amd64 --with-arch-directory=amd64 --with-ecj-jar=/usr/share/java/eclipse-ecj.jar --enable-objc-gc --enable-multiarch --disable-werror --with-arch-32=i686 --with-abi=m64 --with-multilib-list=m32,m64,mx32 --enable-multilib --with-tune=generic --enable-checking=release --build=x86_64-linux-gnu --host=x86_64-linux-gnu --target=x86_64-linux-gnu]
  ignore line: [Thread model: posix]
  ignore line: [gcc version 5.4.0 20160609 (Ubuntu 5.4.0-6ubuntu1~16.04.4) ]
  ignore line: [COMPILER_PATH=/usr/lib/gcc/x86_64-linux-gnu/5/:/usr/lib/gcc/x86_64-linux-gnu/5/:/usr/lib/gcc/x86_64-linux-gnu/:/usr/lib/gcc/x86_64-linux-gnu/5/:/usr/lib/gcc/x86_64-linux-gnu/]
  ignore line: [LIBRARY_PATH=/usr/lib/gcc/x86_64-linux-gnu/5/:/usr/lib/gcc/x86_64-linux-gnu/5/../../../x86_64-linux-gnu/:/usr/lib/gcc/x86_64-linux-gnu/5/../../../../lib/:/lib/x86_64-linux-gnu/:/lib/../lib/:/usr/lib/x86_64-linux-gnu/:/usr/lib/../lib/:/usr/lib/gcc/x86_64-linux-gnu/5/../../../:/lib/:/usr/lib/]
  ignore line: [COLLECT_GCC_OPTIONS='-v' '-o' 'cmTC_ff46b' '-rdynamic' '-mtune=generic' '-march=x86-64']
  link line: [ /usr/lib/gcc/x86_64-linux-gnu/5/collect2 -plugin /usr/lib/gcc/x86_64-linux-gnu/5/liblto_plugin.so -plugin-opt=/usr/lib/gcc/x86_64-linux-gnu/5/lto-wrapper -plugin-opt=-fresolution=/tmp/cc0V3Lyt.res -plugin-opt=-pass-through=-lgcc -plugin-opt=-pass-through=-lgcc_s -plugin-opt=-pass-through=-lc -plugin-opt=-pass-through=-lgcc -plugin-opt=-pass-through=-lgcc_s --sysroot=/ --build-id --eh-frame-hdr -m elf_x86_64 --hash-style=gnu --as-needed -export-dynamic -dynamic-linker /lib64/ld-linux-x86-64.so.2 -z relro -o cmTC_ff46b /usr/lib/gcc/x86_64-linux-gnu/5/../../../x86_64-linux-gnu/crt1.o /usr/lib/gcc/x86_64-linux-gnu/5/../../../x86_64-linux-gnu/crti.o /usr/lib/gcc/x86_64-linux-gnu/5/crtbegin.o -L/usr/lib/gcc/x86_64-linux-gnu/5 -L/usr/lib/gcc/x86_64-linux-gnu/5/../../../x86_64-linux-gnu -L/usr/lib/gcc/x86_64-linux-gnu/5/../../../../lib -L/lib/x86_64-linux-gnu -L/lib/../lib -L/usr/lib/x86_64-linux-gnu -L/usr/lib/../lib -L/usr/lib/gcc/x86_64-linux-gnu/5/../../.. CMakeFiles/cmTC_ff46b.dir/CMakeCCompilerABI.c.o -lgcc --as-needed -lgcc_s --no-as-needed -lc -lgcc --as-needed -lgcc_s --no-as-needed /usr/lib/gcc/x86_64-linux-gnu/5/crtend.o /usr/lib/gcc/x86_64-linux-gnu/5/../../../x86_64-linux-gnu/crtn.o]
    arg [/usr/lib/gcc/x86_64-linux-gnu/5/collect2] ==> ignore
    arg [-plugin] ==> ignore
    arg [/usr/lib/gcc/x86_64-linux-gnu/5/liblto_plugin.so] ==> ignore
    arg [-plugin-opt=/usr/lib/gcc/x86_64-linux-gnu/5/lto-wrapper] ==> ignore
    arg [-plugin-opt=-fresolution=/tmp/cc0V3Lyt.res] ==> ignore
    arg [-plugin-opt=-pass-through=-lgcc] ==> ignore
    arg [-plugin-opt=-pass-through=-lgcc_s] ==> ignore
    arg [-plugin-opt=-pass-through=-lc] ==> ignore
    arg [-plugin-opt=-pass-through=-lgcc] ==> ignore
    arg [-plugin-opt=-pass-through=-lgcc_s] ==> ignore
    arg [--sysroot=/] ==> ignore
    arg [--build-id] ==> ignore
    arg [--eh-frame-hdr] ==> ignore
    arg [-m] ==> ignore
    arg [elf_x86_64] ==> ignore
    arg [--hash-style=gnu] ==> ignore
    arg [--as-needed] ==> ignore
    arg [-export-dynamic] ==> ignore
    arg [-dynamic-linker] ==> ignore
    arg [/lib64/ld-linux-x86-64.so.2] ==> ignore
    arg [-zrelro] ==> ignore
    arg [-o] ==> ignore
    arg [cmTC_ff46b] ==> ignore
    arg [/usr/lib/gcc/x86_64-linux-gnu/5/../../../x86_64-linux-gnu/crt1.o] ==> ignore
    arg [/usr/lib/gcc/x86_64-linux-gnu/5/../../../x86_64-linux-gnu/crti.o] ==> ignore
    arg [/usr/lib/gcc/x86_64-linux-gnu/5/crtbegin.o] ==> ignore
    arg [-L/usr/lib/gcc/x86_64-linux-gnu/5] ==> dir [/usr/lib/gcc/x86_64-linux-gnu/5]
    arg [-L/usr/lib/gcc/x86_64-linux-gnu/5/../../../x86_64-linux-gnu] ==> dir [/usr/lib/gcc/x86_64-linux-gnu/5/../../../x86_64-linux-gnu]
    arg [-L/usr/lib/gcc/x86_64-linux-gnu/5/../../../../lib] ==> dir [/usr/lib/gcc/x86_64-linux-gnu/5/../../../../lib]
    arg [-L/lib/x86_64-linux-gnu] ==> dir [/lib/x86_64-linux-gnu]
    arg [-L/lib/../lib] ==> dir [/lib/../lib]
    arg [-L/usr/lib/x86_64-linux-gnu] ==> dir [/usr/lib/x86_64-linux-gnu]
    arg [-L/usr/lib/../lib] ==> dir [/usr/lib/../lib]
    arg [-L/usr/lib/gcc/x86_64-linux-gnu/5/../../..] ==> dir [/usr/lib/gcc/x86_64-linux-gnu/5/../../..]
    arg [CMakeFiles/cmTC_ff46b.dir/CMakeCCompilerABI.c.o] ==> ignore
    arg [-lgcc] ==> lib [gcc]
    arg [--as-needed] ==> ignore
    arg [-lgcc_s] ==> lib [gcc_s]
    arg [--no-as-needed] ==> ignore
    arg [-lc] ==> lib [c]
    arg [-lgcc] ==> lib [gcc]
    arg [--as-needed] ==> ignore
    arg [-lgcc_s] ==> lib [gcc_s]
    arg [--no-as-needed] ==> ignore
    arg [/usr/lib/gcc/x86_64-linux-gnu/5/crtend.o] ==> ignore
    arg [/usr/lib/gcc/x86_64-linux-gnu/5/../../../x86_64-linux-gnu/crtn.o] ==> ignore
  remove lib [gcc]
  remove lib [gcc_s]
  remove lib [gcc]
  remove lib [gcc_s]
  collapse library dir [/usr/lib/gcc/x86_64-linux-gnu/5] ==> [/usr/lib/gcc/x86_64-linux-gnu/5]
  collapse library dir [/usr/lib/gcc/x86_64-linux-gnu/5/../../../x86_64-linux-gnu] ==> [/usr/lib/x86_64-linux-gnu]
  collapse library dir [/usr/lib/gcc/x86_64-linux-gnu/5/../../../../lib] ==> [/usr/lib]
  collapse library dir [/lib/x86_64-linux-gnu] ==> [/lib/x86_64-linux-gnu]
  collapse library dir [/lib/../lib] ==> [/lib]
  collapse library dir [/usr/lib/x86_64-linux-gnu] ==> [/usr/lib/x86_64-linux-gnu]
  collapse library dir [/usr/lib/../lib] ==> [/usr/lib]
  collapse library dir [/usr/lib/gcc/x86_64-linux-gnu/5/../../..] ==> [/usr/lib]
  implicit libs: [c]
  implicit dirs: [/usr/lib/gcc/x86_64-linux-gnu/5;/usr/lib/x86_64-linux-gnu;/usr/lib;/lib/x86_64-linux-gnu;/lib]
  implicit fwks: []




Detecting C [-std=c11] compiler features compiled with the following output:
Change Dir: /home/andre/server-home/finalkahypar/kahypar-1/i10pc127/CMakeFiles/CMakeTmp

Run Build Command:"/usr/bin/make" "cmTC_fca94/fast"
/usr/bin/make -f CMakeFiles/cmTC_fca94.dir/build.make CMakeFiles/cmTC_fca94.dir/build
make[1]: Verzeichnis „/home/andre/server-home/finalkahypar/kahypar-1/i10pc127/CMakeFiles/CMakeTmp“ wird betreten
Building C object CMakeFiles/cmTC_fca94.dir/feature_tests.c.o
/usr/bin/cc    -std=c11 -o CMakeFiles/cmTC_fca94.dir/feature_tests.c.o   -c /home/andre/server-home/finalkahypar/kahypar-1/i10pc127/CMakeFiles/feature_tests.c
Linking C executable cmTC_fca94
/usr/bin/cmake -E cmake_link_script CMakeFiles/cmTC_fca94.dir/link.txt --verbose=1
/usr/bin/cc       CMakeFiles/cmTC_fca94.dir/feature_tests.c.o  -o cmTC_fca94 -rdynamic 
make[1]: Verzeichnis „/home/andre/server-home/finalkahypar/kahypar-1/i10pc127/CMakeFiles/CMakeTmp“ wird verlassen


    Feature record: C_FEATURE:1c_function_prototypes
    Feature record: C_FEATURE:1c_restrict
    Feature record: C_FEATURE:1c_static_assert
    Feature record: C_FEATURE:1c_variadic_macros


Detecting C [-std=c99] compiler features compiled with the following output:
Change Dir: /home/andre/server-home/finalkahypar/kahypar-1/i10pc127/CMakeFiles/CMakeTmp

Run Build Command:"/usr/bin/make" "cmTC_216f1/fast"
/usr/bin/make -f CMakeFiles/cmTC_216f1.dir/build.make CMakeFiles/cmTC_216f1.dir/build
make[1]: Verzeichnis „/home/andre/server-home/finalkahypar/kahypar-1/i10pc127/CMakeFiles/CMakeTmp“ wird betreten
Building C object CMakeFiles/cmTC_216f1.dir/feature_tests.c.o
/usr/bin/cc    -std=c99 -o CMakeFiles/cmTC_216f1.dir/feature_tests.c.o   -c /home/andre/server-home/finalkahypar/kahypar-1/i10pc127/CMakeFiles/feature_tests.c
Linking C executable cmTC_216f1
/usr/bin/cmake -E cmake_link_script CMakeFiles/cmTC_216f1.dir/link.txt --verbose=1
/usr/bin/cc       CMakeFiles/cmTC_216f1.dir/feature_tests.c.o  -o cmTC_216f1 -rdynamic 
make[1]: Verzeichnis „/home/andre/server-home/finalkahypar/kahypar-1/i10pc127/CMakeFiles/CMakeTmp“ wird verlassen


    Feature record: C_FEATURE:1c_function_prototypes
    Feature record: C_FEATURE:1c_restrict
    Feature record: C_FEATURE:0c_static_assert
    Feature record: C_FEATURE:1c_variadic_macros


Detecting C [-std=c90] compiler features compiled with the following output:
Change Dir: /home/andre/server-home/finalkahypar/kahypar-1/i10pc127/CMakeFiles/CMakeTmp

Run Build Command:"/usr/bin/make" "cmTC_5f7e7/fast"
/usr/bin/make -f CMakeFiles/cmTC_5f7e7.dir/build.make CMakeFiles/cmTC_5f7e7.dir/build
make[1]: Verzeichnis „/home/andre/server-home/finalkahypar/kahypar-1/i10pc127/CMakeFiles/CMakeTmp“ wird betreten
Building C object CMakeFiles/cmTC_5f7e7.dir/feature_tests.c.o
/usr/bin/cc    -std=c90 -o CMakeFiles/cmTC_5f7e7.dir/feature_tests.c.o   -c /home/andre/server-home/finalkahypar/kahypar-1/i10pc127/CMakeFiles/feature_tests.c
Linking C executable cmTC_5f7e7
/usr/bin/cmake -E cmake_link_script CMakeFiles/cmTC_5f7e7.dir/link.txt --verbose=1
/usr/bin/cc       CMakeFiles/cmTC_5f7e7.dir/feature_tests.c.o  -o cmTC_5f7e7 -rdynamic 
make[1]: Verzeichnis „/home/andre/server-home/finalkahypar/kahypar-1/i10pc127/CMakeFiles/CMakeTmp“ wird verlassen


    Feature record: C_FEATURE:1c_function_prototypes
    Feature record: C_FEATURE:0c_restrict
    Feature record: C_FEATURE:0c_static_assert
    Feature record: C_FEATURE:0c_variadic_macros
Determining if the include file pthread.h exists passed with the following output:
Change Dir: /home/andre/server-home/finalkahypar/kahypar-1/i10pc127/CMakeFiles/CMakeTmp

Run Build Command:"/usr/bin/make" "cmTC_01b87/fast"
/usr/bin/make -f CMakeFiles/cmTC_01b87.dir/build.make CMakeFiles/cmTC_01b87.dir/build
make[1]: Verzeichnis „/home/andre/server-home/finalkahypar/kahypar-1/i10pc127/CMakeFiles/CMakeTmp“ wird betreten
Building C object CMakeFiles/cmTC_01b87.dir/CheckIncludeFile.c.o
/usr/bin/cc     -o CMakeFiles/cmTC_01b87.dir/CheckIncludeFile.c.o   -c /home/andre/server-home/finalkahypar/kahypar-1/i10pc127/CMakeFiles/CMakeTmp/CheckIncludeFile.c
Linking C executable cmTC_01b87
/usr/bin/cmake -E cmake_link_script CMakeFiles/cmTC_01b87.dir/link.txt --verbose=1
/usr/bin/cc       CMakeFiles/cmTC_01b87.dir/CheckIncludeFile.c.o  -o cmTC_01b87 -rdynamic 
make[1]: Verzeichnis „/home/andre/server-home/finalkahypar/kahypar-1/i10pc127/CMakeFiles/CMakeTmp“ wird verlassen


Determining if the function pthread_create exists in the pthread passed with the following output:
Change Dir: /home/andre/server-home/finalkahypar/kahypar-1/i10pc127/CMakeFiles/CMakeTmp

Run Build Command:"/usr/bin/make" "cmTC_3acc1/fast"
/usr/bin/make -f CMakeFiles/cmTC_3acc1.dir/build.make CMakeFiles/cmTC_3acc1.dir/build
make[1]: Verzeichnis „/home/andre/server-home/finalkahypar/kahypar-1/i10pc127/CMakeFiles/CMakeTmp“ wird betreten
Building C object CMakeFiles/cmTC_3acc1.dir/CheckFunctionExists.c.o
/usr/bin/cc    -DCHECK_FUNCTION_EXISTS=pthread_create   -o CMakeFiles/cmTC_3acc1.dir/CheckFunctionExists.c.o   -c /usr/share/cmake-3.5/Modules/CheckFunctionExists.c
Linking C executable cmTC_3acc1
/usr/bin/cmake -E cmake_link_script CMakeFiles/cmTC_3acc1.dir/link.txt --verbose=1
/usr/bin/cc   -DCHECK_FUNCTION_EXISTS=pthread_create    CMakeFiles/cmTC_3acc1.dir/CheckFunctionExists.c.o  -o cmTC_3acc1 -rdynamic -lpthread 
make[1]: Verzeichnis „/home/andre/server-home/finalkahypar/kahypar-1/i10pc127/CMakeFiles/CMakeTmp“ wird verlassen


Performing C++ SOURCE FILE Test KAHYPAR_HAS_CRC32 succeeded with the following output:
Change Dir: /home/andre/server-home/finalkahypar/kahypar-1/i10pc127/CMakeFiles/CMakeTmp

Run Build Command:"/usr/bin/make" "cmTC_19685/fast"
/usr/bin/make -f CMakeFiles/cmTC_19685.dir/build.make CMakeFiles/cmTC_19685.dir/build
make[1]: Entering directory '/home/andre/server-home/finalkahypar/kahypar-1/i10pc127/CMakeFiles/CMakeTmp'
Building CXX object CMakeFiles/cmTC_19685.dir/src.cxx.o
/usr/bin/c++     -W -Wall -Wextra  -Wunused  -Wmaybe-uninitialized -Wfatal-errors -Wcast-qual -Woverloaded-virtual -Wredundant-decls -Winit-self -pedantic -Wnoexcept -DPARANOID  -Weffc++ -Wno-unused-function -msse4.2 -DKAHYPAR_HAS_CRC32   -mcrc32 -o CMakeFiles/cmTC_19685.dir/src.cxx.o -c /home/andre/server-home/finalkahypar/kahypar-1/i10pc127/CMakeFiles/CMakeTmp/src.cxx
Linking CXX executable cmTC_19685
/usr/bin/cmake -E cmake_link_script CMakeFiles/cmTC_19685.dir/link.txt --verbose=1
/usr/bin/c++    -W -Wall -Wextra  -Wunused  -Wmaybe-uninitialized -Wfatal-errors -Wcast-qual -Woverloaded-virtual -Wredundant-decls -Winit-self -pedantic -Wnoexcept -DPARANOID  -Weffc++ -Wno-unused-function -msse4.2 -DKAHYPAR_HAS_CRC32    CMakeFiles/cmTC_19685.dir/src.cxx.o  -o cmTC_19685 -rdynamic 
make[1]: Leaving directory '/home/andre/server-home/finalkahypar/kahypar-1/i10pc127/CMakeFiles/CMakeTmp'

Source file was:
int main() { return 0; }
