The system is: Linux - 3.13.0-117-generic - x86_64
Compiling the CXX compiler identification source file "CMakeCXXCompilerId.cpp" succeeded.
Compiler: /software/gcc/7.1.0/bin/g++ 
Build flags: 
Id flags: 

The output was:
0


Compilation of the CXX compiler identification source "CMakeCXXCompilerId.cpp" produced "a.out"

The CXX compiler identification is GNU, found in "/home/andre/finalkahypar/kahypar-1/i10pc128/CMakeFiles/3.0.1/CompilerIdCXX/a.out"

Compiling the C compiler identification source file "CMakeCCompilerId.c" succeeded.
Compiler: /software/gcc/7.1.0/bin/gcc 
Build flags: 
Id flags: 

The output was:
0


Compilation of the C compiler identification source "CMakeCCompilerId.c" produced "a.out"

The C compiler identification is GNU, found in "/home/andre/finalkahypar/kahypar-1/i10pc128/CMakeFiles/3.0.1/CompilerIdC/a.out"

Determining if the CXX compiler works passed with the following output:
Change Dir: /home/andre/finalkahypar/kahypar-1/i10pc128/CMakeFiles/CMakeTmp

Run Build Command:"/usr/bin/make" "cmTryCompileExec1475280821/fast"
make[1]: Verzeichnis »/home/andre/finalkahypar/kahypar-1/i10pc128/CMakeFiles/CMakeTmp« wird betreten
make[1]: Achtung: Datei »Makefile« hat Änderungsdatum 71 s in der Zukunft
/usr/bin/make -f CMakeFiles/cmTryCompileExec1475280821.dir/build.make CMakeFiles/cmTryCompileExec1475280821.dir/build
make[2]: Verzeichnis »/home/andre/finalkahypar/kahypar-1/i10pc128/CMakeFiles/CMakeTmp« wird betreten
make[2]: Achtung: Datei »CMakeFiles/cmTryCompileExec1475280821.dir/flags.make« hat Änderungsdatum 71 s in der Zukunft
/software/cmake-3.0.1/bin/cmake -E cmake_progress_report /home/andre/finalkahypar/kahypar-1/i10pc128/CMakeFiles/CMakeTmp/CMakeFiles 1
Building CXX object CMakeFiles/cmTryCompileExec1475280821.dir/testCXXCompiler.cxx.o
/software/gcc/7.1.0/bin/g++     -o CMakeFiles/cmTryCompileExec1475280821.dir/testCXXCompiler.cxx.o -c /home/andre/finalkahypar/kahypar-1/i10pc128/CMakeFiles/CMakeTmp/testCXXCompiler.cxx
Linking CXX executable cmTryCompileExec1475280821
/software/cmake-3.0.1/bin/cmake -E cmake_link_script CMakeFiles/cmTryCompileExec1475280821.dir/link.txt --verbose=1
/software/gcc/7.1.0/bin/g++        CMakeFiles/cmTryCompileExec1475280821.dir/testCXXCompiler.cxx.o  -o cmTryCompileExec1475280821 -rdynamic 
make[2]: Warnung: Mit der Uhr stimmt etwas nicht. 
         Der Bauauftrag könnte unvollständig sein.
make[2]: Verzeichnis »/home/andre/finalkahypar/kahypar-1/i10pc128/CMakeFiles/CMakeTmp« wird verlassen
make[1]: Warnung: Mit der Uhr stimmt etwas nicht. 
         Der Bauauftrag könnte unvollständig sein.
make[1]: Verzeichnis »/home/andre/finalkahypar/kahypar-1/i10pc128/CMakeFiles/CMakeTmp« wird verlassen


Detecting CXX compiler ABI info compiled with the following output:
Change Dir: /home/andre/finalkahypar/kahypar-1/i10pc128/CMakeFiles/CMakeTmp

Run Build Command:"/usr/bin/make" "cmTryCompileExec2275822539/fast"
make[1]: Verzeichnis »/home/andre/finalkahypar/kahypar-1/i10pc128/CMakeFiles/CMakeTmp« wird betreten
make[1]: Achtung: Datei »Makefile« hat Änderungsdatum 71 s in der Zukunft
/usr/bin/make -f CMakeFiles/cmTryCompileExec2275822539.dir/build.make CMakeFiles/cmTryCompileExec2275822539.dir/build
make[2]: Verzeichnis »/home/andre/finalkahypar/kahypar-1/i10pc128/CMakeFiles/CMakeTmp« wird betreten
make[2]: Achtung: Datei »CMakeFiles/cmTryCompileExec2275822539.dir/flags.make« hat Änderungsdatum 71 s in der Zukunft
/software/cmake-3.0.1/bin/cmake -E cmake_progress_report /home/andre/finalkahypar/kahypar-1/i10pc128/CMakeFiles/CMakeTmp/CMakeFiles 1
Building CXX object CMakeFiles/cmTryCompileExec2275822539.dir/CMakeCXXCompilerABI.cpp.o
/software/gcc/7.1.0/bin/g++     -o CMakeFiles/cmTryCompileExec2275822539.dir/CMakeCXXCompilerABI.cpp.o -c /software/cmake-3.0.1/share/cmake-3.0/Modules/CMakeCXXCompilerABI.cpp
Linking CXX executable cmTryCompileExec2275822539
/software/cmake-3.0.1/bin/cmake -E cmake_link_script CMakeFiles/cmTryCompileExec2275822539.dir/link.txt --verbose=1
/software/gcc/7.1.0/bin/g++      -v CMakeFiles/cmTryCompileExec2275822539.dir/CMakeCXXCompilerABI.cpp.o  -o cmTryCompileExec2275822539 -rdynamic  
Es werden eingebaute Spezifikationen verwendet.
COLLECT_GCC=/software/gcc/7.1.0/bin/g++
COLLECT_LTO_WRAPPER=/software/gcc/7.1.0/libexec/gcc/x86_64-pc-linux-gnu/7.1.0/lto-wrapper
Ziel: x86_64-pc-linux-gnu
Konfiguriert mit: ../src/configure --prefix=/software/gcc/7.1.0 --enable-lto --enable-threads --enable-__cxa_atexit --disable-multilib
Thread-Modell: posix
gcc-Version 7.1.0 (GCC) 
COMPILER_PATH=/software/gcc/7.1.0/libexec/gcc/x86_64-pc-linux-gnu/7.1.0/:/software/gcc/7.1.0/libexec/gcc/x86_64-pc-linux-gnu/7.1.0/:/software/gcc/7.1.0/libexec/gcc/x86_64-pc-linux-gnu/:/software/gcc/7.1.0/lib/gcc/x86_64-pc-linux-gnu/7.1.0/:/software/gcc/7.1.0/lib/gcc/x86_64-pc-linux-gnu/
LIBRARY_PATH=/software/gcc/7.1.0/lib/gcc/x86_64-pc-linux-gnu/7.1.0/:/software/gcc/7.1.0/lib/gcc/x86_64-pc-linux-gnu/7.1.0/../../../../lib64/:/lib/x86_64-linux-gnu/:/lib/../lib64/:/usr/lib/x86_64-linux-gnu/:/usr/lib/../lib64/:/software/gcc/7.1.0/lib/gcc/x86_64-pc-linux-gnu/7.1.0/../../../:/lib/:/usr/lib/
COLLECT_GCC_OPTIONS='-v' '-o' 'cmTryCompileExec2275822539' '-rdynamic' '-shared-libgcc' '-mtune=generic' '-march=x86-64'
 /software/gcc/7.1.0/libexec/gcc/x86_64-pc-linux-gnu/7.1.0/collect2 -plugin /software/gcc/7.1.0/libexec/gcc/x86_64-pc-linux-gnu/7.1.0/liblto_plugin.so -plugin-opt=/software/gcc/7.1.0/libexec/gcc/x86_64-pc-linux-gnu/7.1.0/lto-wrapper -plugin-opt=-fresolution=/tmp/ccupq69P.res -plugin-opt=-pass-through=-lgcc_s -plugin-opt=-pass-through=-lgcc -plugin-opt=-pass-through=-lc -plugin-opt=-pass-through=-lgcc_s -plugin-opt=-pass-through=-lgcc --eh-frame-hdr -m elf_x86_64 -export-dynamic -dynamic-linker /lib64/ld-linux-x86-64.so.2 -o cmTryCompileExec2275822539 /usr/lib/x86_64-linux-gnu/crt1.o /usr/lib/x86_64-linux-gnu/crti.o /software/gcc/7.1.0/lib/gcc/x86_64-pc-linux-gnu/7.1.0/crtbegin.o -L/software/gcc/7.1.0/lib/gcc/x86_64-pc-linux-gnu/7.1.0 -L/software/gcc/7.1.0/lib/gcc/x86_64-pc-linux-gnu/7.1.0/../../../../lib64 -L/lib/x86_64-linux-gnu -L/lib/../lib64 -L/usr/lib/x86_64-linux-gnu -L/usr/lib/../lib64 -L/software/gcc/7.1.0/lib/gcc/x86_64-pc-linux-gnu/7.1.0/../../.. CMakeFiles/cmTryCompileExec2275822539.dir/CMakeCXXCompilerABI.cpp.o -lstdc++ -lm -lgcc_s -lgcc -lc -lgcc_s -lgcc /software/gcc/7.1.0/lib/gcc/x86_64-pc-linux-gnu/7.1.0/crtend.o /usr/lib/x86_64-linux-gnu/crtn.o
COLLECT_GCC_OPTIONS='-v' '-o' 'cmTryCompileExec2275822539' '-rdynamic' '-shared-libgcc' '-mtune=generic' '-march=x86-64'
make[2]: Warnung: Mit der Uhr stimmt etwas nicht. 
         Der Bauauftrag könnte unvollständig sein.
make[2]: Verzeichnis »/home/andre/finalkahypar/kahypar-1/i10pc128/CMakeFiles/CMakeTmp« wird verlassen
make[1]: Warnung: Mit der Uhr stimmt etwas nicht. 
         Der Bauauftrag könnte unvollständig sein.
make[1]: Verzeichnis »/home/andre/finalkahypar/kahypar-1/i10pc128/CMakeFiles/CMakeTmp« wird verlassen


Parsed CXX implicit link information from above output:
  link line regex: [^( *|.*[/\])(ld|([^/\]+-)?ld|collect2)[^/\]*( |$)]
  ignore line: [Change Dir: /home/andre/finalkahypar/kahypar-1/i10pc128/CMakeFiles/CMakeTmp]
  ignore line: []
  ignore line: [Run Build Command:"/usr/bin/make" "cmTryCompileExec2275822539/fast"]
  ignore line: [make[1]: Verzeichnis »/home/andre/finalkahypar/kahypar-1/i10pc128/CMakeFiles/CMakeTmp« wird betreten]
  ignore line: [make[1]: Achtung: Datei »Makefile« hat Änderungsdatum 71 s in der Zukunft]
  ignore line: [/usr/bin/make -f CMakeFiles/cmTryCompileExec2275822539.dir/build.make CMakeFiles/cmTryCompileExec2275822539.dir/build]
  ignore line: [make[2]: Verzeichnis »/home/andre/finalkahypar/kahypar-1/i10pc128/CMakeFiles/CMakeTmp« wird betreten]
  ignore line: [make[2]: Achtung: Datei »CMakeFiles/cmTryCompileExec2275822539.dir/flags.make« hat Änderungsdatum 71 s in der Zukunft]
  ignore line: [/software/cmake-3.0.1/bin/cmake -E cmake_progress_report /home/andre/finalkahypar/kahypar-1/i10pc128/CMakeFiles/CMakeTmp/CMakeFiles 1]
  ignore line: [Building CXX object CMakeFiles/cmTryCompileExec2275822539.dir/CMakeCXXCompilerABI.cpp.o]
  ignore line: [/software/gcc/7.1.0/bin/g++     -o CMakeFiles/cmTryCompileExec2275822539.dir/CMakeCXXCompilerABI.cpp.o -c /software/cmake-3.0.1/share/cmake-3.0/Modules/CMakeCXXCompilerABI.cpp]
  ignore line: [Linking CXX executable cmTryCompileExec2275822539]
  ignore line: [/software/cmake-3.0.1/bin/cmake -E cmake_link_script CMakeFiles/cmTryCompileExec2275822539.dir/link.txt --verbose=1]
  ignore line: [/software/gcc/7.1.0/bin/g++      -v CMakeFiles/cmTryCompileExec2275822539.dir/CMakeCXXCompilerABI.cpp.o  -o cmTryCompileExec2275822539 -rdynamic  ]
  ignore line: [Es werden eingebaute Spezifikationen verwendet.]
  ignore line: [COLLECT_GCC=/software/gcc/7.1.0/bin/g++]
  ignore line: [COLLECT_LTO_WRAPPER=/software/gcc/7.1.0/libexec/gcc/x86_64-pc-linux-gnu/7.1.0/lto-wrapper]
  ignore line: [Ziel: x86_64-pc-linux-gnu]
  ignore line: [Konfiguriert mit: ../src/configure --prefix=/software/gcc/7.1.0 --enable-lto --enable-threads --enable-__cxa_atexit --disable-multilib]
  ignore line: [Thread-Modell: posix]
  ignore line: [gcc-Version 7.1.0 (GCC) ]
  ignore line: [COMPILER_PATH=/software/gcc/7.1.0/libexec/gcc/x86_64-pc-linux-gnu/7.1.0/:/software/gcc/7.1.0/libexec/gcc/x86_64-pc-linux-gnu/7.1.0/:/software/gcc/7.1.0/libexec/gcc/x86_64-pc-linux-gnu/:/software/gcc/7.1.0/lib/gcc/x86_64-pc-linux-gnu/7.1.0/:/software/gcc/7.1.0/lib/gcc/x86_64-pc-linux-gnu/]
  ignore line: [LIBRARY_PATH=/software/gcc/7.1.0/lib/gcc/x86_64-pc-linux-gnu/7.1.0/:/software/gcc/7.1.0/lib/gcc/x86_64-pc-linux-gnu/7.1.0/../../../../lib64/:/lib/x86_64-linux-gnu/:/lib/../lib64/:/usr/lib/x86_64-linux-gnu/:/usr/lib/../lib64/:/software/gcc/7.1.0/lib/gcc/x86_64-pc-linux-gnu/7.1.0/../../../:/lib/:/usr/lib/]
  ignore line: [COLLECT_GCC_OPTIONS='-v' '-o' 'cmTryCompileExec2275822539' '-rdynamic' '-shared-libgcc' '-mtune=generic' '-march=x86-64']
  link line: [ /software/gcc/7.1.0/libexec/gcc/x86_64-pc-linux-gnu/7.1.0/collect2 -plugin /software/gcc/7.1.0/libexec/gcc/x86_64-pc-linux-gnu/7.1.0/liblto_plugin.so -plugin-opt=/software/gcc/7.1.0/libexec/gcc/x86_64-pc-linux-gnu/7.1.0/lto-wrapper -plugin-opt=-fresolution=/tmp/ccupq69P.res -plugin-opt=-pass-through=-lgcc_s -plugin-opt=-pass-through=-lgcc -plugin-opt=-pass-through=-lc -plugin-opt=-pass-through=-lgcc_s -plugin-opt=-pass-through=-lgcc --eh-frame-hdr -m elf_x86_64 -export-dynamic -dynamic-linker /lib64/ld-linux-x86-64.so.2 -o cmTryCompileExec2275822539 /usr/lib/x86_64-linux-gnu/crt1.o /usr/lib/x86_64-linux-gnu/crti.o /software/gcc/7.1.0/lib/gcc/x86_64-pc-linux-gnu/7.1.0/crtbegin.o -L/software/gcc/7.1.0/lib/gcc/x86_64-pc-linux-gnu/7.1.0 -L/software/gcc/7.1.0/lib/gcc/x86_64-pc-linux-gnu/7.1.0/../../../../lib64 -L/lib/x86_64-linux-gnu -L/lib/../lib64 -L/usr/lib/x86_64-linux-gnu -L/usr/lib/../lib64 -L/software/gcc/7.1.0/lib/gcc/x86_64-pc-linux-gnu/7.1.0/../../.. CMakeFiles/cmTryCompileExec2275822539.dir/CMakeCXXCompilerABI.cpp.o -lstdc++ -lm -lgcc_s -lgcc -lc -lgcc_s -lgcc /software/gcc/7.1.0/lib/gcc/x86_64-pc-linux-gnu/7.1.0/crtend.o /usr/lib/x86_64-linux-gnu/crtn.o]
    arg [/software/gcc/7.1.0/libexec/gcc/x86_64-pc-linux-gnu/7.1.0/collect2] ==> ignore
    arg [-plugin] ==> ignore
    arg [/software/gcc/7.1.0/libexec/gcc/x86_64-pc-linux-gnu/7.1.0/liblto_plugin.so] ==> ignore
    arg [-plugin-opt=/software/gcc/7.1.0/libexec/gcc/x86_64-pc-linux-gnu/7.1.0/lto-wrapper] ==> ignore
    arg [-plugin-opt=-fresolution=/tmp/ccupq69P.res] ==> ignore
    arg [-plugin-opt=-pass-through=-lgcc_s] ==> ignore
    arg [-plugin-opt=-pass-through=-lgcc] ==> ignore
    arg [-plugin-opt=-pass-through=-lc] ==> ignore
    arg [-plugin-opt=-pass-through=-lgcc_s] ==> ignore
    arg [-plugin-opt=-pass-through=-lgcc] ==> ignore
    arg [--eh-frame-hdr] ==> ignore
    arg [-m] ==> ignore
    arg [elf_x86_64] ==> ignore
    arg [-export-dynamic] ==> ignore
    arg [-dynamic-linker] ==> ignore
    arg [/lib64/ld-linux-x86-64.so.2] ==> ignore
    arg [-o] ==> ignore
    arg [cmTryCompileExec2275822539] ==> ignore
    arg [/usr/lib/x86_64-linux-gnu/crt1.o] ==> ignore
    arg [/usr/lib/x86_64-linux-gnu/crti.o] ==> ignore
    arg [/software/gcc/7.1.0/lib/gcc/x86_64-pc-linux-gnu/7.1.0/crtbegin.o] ==> ignore
    arg [-L/software/gcc/7.1.0/lib/gcc/x86_64-pc-linux-gnu/7.1.0] ==> dir [/software/gcc/7.1.0/lib/gcc/x86_64-pc-linux-gnu/7.1.0]
    arg [-L/software/gcc/7.1.0/lib/gcc/x86_64-pc-linux-gnu/7.1.0/../../../../lib64] ==> dir [/software/gcc/7.1.0/lib/gcc/x86_64-pc-linux-gnu/7.1.0/../../../../lib64]
    arg [-L/lib/x86_64-linux-gnu] ==> dir [/lib/x86_64-linux-gnu]
    arg [-L/lib/../lib64] ==> dir [/lib/../lib64]
    arg [-L/usr/lib/x86_64-linux-gnu] ==> dir [/usr/lib/x86_64-linux-gnu]
    arg [-L/usr/lib/../lib64] ==> dir [/usr/lib/../lib64]
    arg [-L/software/gcc/7.1.0/lib/gcc/x86_64-pc-linux-gnu/7.1.0/../../..] ==> dir [/software/gcc/7.1.0/lib/gcc/x86_64-pc-linux-gnu/7.1.0/../../..]
    arg [CMakeFiles/cmTryCompileExec2275822539.dir/CMakeCXXCompilerABI.cpp.o] ==> ignore
    arg [-lstdc++] ==> lib [stdc++]
    arg [-lm] ==> lib [m]
    arg [-lgcc_s] ==> lib [gcc_s]
    arg [-lgcc] ==> lib [gcc]
    arg [-lc] ==> lib [c]
    arg [-lgcc_s] ==> lib [gcc_s]
    arg [-lgcc] ==> lib [gcc]
    arg [/software/gcc/7.1.0/lib/gcc/x86_64-pc-linux-gnu/7.1.0/crtend.o] ==> ignore
    arg [/usr/lib/x86_64-linux-gnu/crtn.o] ==> ignore
  remove lib [gcc_s]
  remove lib [gcc]
  remove lib [gcc_s]
  remove lib [gcc]
  collapse library dir [/software/gcc/7.1.0/lib/gcc/x86_64-pc-linux-gnu/7.1.0] ==> [/software/gcc/7.1.0/lib/gcc/x86_64-pc-linux-gnu/7.1.0]
  collapse library dir [/software/gcc/7.1.0/lib/gcc/x86_64-pc-linux-gnu/7.1.0/../../../../lib64] ==> [/software/gcc/7.1.0/lib64]
  collapse library dir [/lib/x86_64-linux-gnu] ==> [/lib/x86_64-linux-gnu]
  collapse library dir [/lib/../lib64] ==> [/lib64]
  collapse library dir [/usr/lib/x86_64-linux-gnu] ==> [/usr/lib/x86_64-linux-gnu]
  collapse library dir [/usr/lib/../lib64] ==> [/usr/lib64]
  collapse library dir [/software/gcc/7.1.0/lib/gcc/x86_64-pc-linux-gnu/7.1.0/../../..] ==> [/software/gcc/7.1.0/lib]
  implicit libs: [stdc++;m;c]
  implicit dirs: [/software/gcc/7.1.0/lib/gcc/x86_64-pc-linux-gnu/7.1.0;/software/gcc/7.1.0/lib64;/lib/x86_64-linux-gnu;/lib64;/usr/lib/x86_64-linux-gnu;/usr/lib64;/software/gcc/7.1.0/lib]
  implicit fwks: []


Determining if the C compiler works passed with the following output:
Change Dir: /home/andre/finalkahypar/kahypar-1/i10pc128/CMakeFiles/CMakeTmp

Run Build Command:"/usr/bin/make" "cmTryCompileExec3354838462/fast"
make[1]: Verzeichnis »/home/andre/finalkahypar/kahypar-1/i10pc128/CMakeFiles/CMakeTmp« wird betreten
make[1]: Achtung: Datei »Makefile« hat Änderungsdatum 71 s in der Zukunft
/usr/bin/make -f CMakeFiles/cmTryCompileExec3354838462.dir/build.make CMakeFiles/cmTryCompileExec3354838462.dir/build
make[2]: Verzeichnis »/home/andre/finalkahypar/kahypar-1/i10pc128/CMakeFiles/CMakeTmp« wird betreten
make[2]: Achtung: Datei »CMakeFiles/cmTryCompileExec3354838462.dir/flags.make« hat Änderungsdatum 71 s in der Zukunft
/software/cmake-3.0.1/bin/cmake -E cmake_progress_report /home/andre/finalkahypar/kahypar-1/i10pc128/CMakeFiles/CMakeTmp/CMakeFiles 1
Building C object CMakeFiles/cmTryCompileExec3354838462.dir/testCCompiler.c.o
/software/gcc/7.1.0/bin/gcc    -o CMakeFiles/cmTryCompileExec3354838462.dir/testCCompiler.c.o   -c /home/andre/finalkahypar/kahypar-1/i10pc128/CMakeFiles/CMakeTmp/testCCompiler.c
Linking C executable cmTryCompileExec3354838462
/software/cmake-3.0.1/bin/cmake -E cmake_link_script CMakeFiles/cmTryCompileExec3354838462.dir/link.txt --verbose=1
/software/gcc/7.1.0/bin/gcc       CMakeFiles/cmTryCompileExec3354838462.dir/testCCompiler.c.o  -o cmTryCompileExec3354838462 -rdynamic 
make[2]: Warnung: Mit der Uhr stimmt etwas nicht. 
         Der Bauauftrag könnte unvollständig sein.
make[2]: Verzeichnis »/home/andre/finalkahypar/kahypar-1/i10pc128/CMakeFiles/CMakeTmp« wird verlassen
make[1]: Warnung: Mit der Uhr stimmt etwas nicht. 
         Der Bauauftrag könnte unvollständig sein.
make[1]: Verzeichnis »/home/andre/finalkahypar/kahypar-1/i10pc128/CMakeFiles/CMakeTmp« wird verlassen


Detecting C compiler ABI info compiled with the following output:
Change Dir: /home/andre/finalkahypar/kahypar-1/i10pc128/CMakeFiles/CMakeTmp

Run Build Command:"/usr/bin/make" "cmTryCompileExec2280050613/fast"
make[1]: Verzeichnis »/home/andre/finalkahypar/kahypar-1/i10pc128/CMakeFiles/CMakeTmp« wird betreten
make[1]: Achtung: Datei »Makefile« hat Änderungsdatum 71 s in der Zukunft
/usr/bin/make -f CMakeFiles/cmTryCompileExec2280050613.dir/build.make CMakeFiles/cmTryCompileExec2280050613.dir/build
make[2]: Verzeichnis »/home/andre/finalkahypar/kahypar-1/i10pc128/CMakeFiles/CMakeTmp« wird betreten
make[2]: Achtung: Datei »CMakeFiles/cmTryCompileExec2280050613.dir/flags.make« hat Änderungsdatum 71 s in der Zukunft
/software/cmake-3.0.1/bin/cmake -E cmake_progress_report /home/andre/finalkahypar/kahypar-1/i10pc128/CMakeFiles/CMakeTmp/CMakeFiles 1
Building C object CMakeFiles/cmTryCompileExec2280050613.dir/CMakeCCompilerABI.c.o
/software/gcc/7.1.0/bin/gcc    -o CMakeFiles/cmTryCompileExec2280050613.dir/CMakeCCompilerABI.c.o   -c /software/cmake-3.0.1/share/cmake-3.0/Modules/CMakeCCompilerABI.c
Linking C executable cmTryCompileExec2280050613
/software/cmake-3.0.1/bin/cmake -E cmake_link_script CMakeFiles/cmTryCompileExec2280050613.dir/link.txt --verbose=1
/software/gcc/7.1.0/bin/gcc     -v CMakeFiles/cmTryCompileExec2280050613.dir/CMakeCCompilerABI.c.o  -o cmTryCompileExec2280050613 -rdynamic  
Es werden eingebaute Spezifikationen verwendet.
COLLECT_GCC=/software/gcc/7.1.0/bin/gcc
COLLECT_LTO_WRAPPER=/software/gcc/7.1.0/libexec/gcc/x86_64-pc-linux-gnu/7.1.0/lto-wrapper
Ziel: x86_64-pc-linux-gnu
Konfiguriert mit: ../src/configure --prefix=/software/gcc/7.1.0 --enable-lto --enable-threads --enable-__cxa_atexit --disable-multilib
Thread-Modell: posix
gcc-Version 7.1.0 (GCC) 
COMPILER_PATH=/software/gcc/7.1.0/libexec/gcc/x86_64-pc-linux-gnu/7.1.0/:/software/gcc/7.1.0/libexec/gcc/x86_64-pc-linux-gnu/7.1.0/:/software/gcc/7.1.0/libexec/gcc/x86_64-pc-linux-gnu/:/software/gcc/7.1.0/lib/gcc/x86_64-pc-linux-gnu/7.1.0/:/software/gcc/7.1.0/lib/gcc/x86_64-pc-linux-gnu/
LIBRARY_PATH=/software/gcc/7.1.0/lib/gcc/x86_64-pc-linux-gnu/7.1.0/:/software/gcc/7.1.0/lib/gcc/x86_64-pc-linux-gnu/7.1.0/../../../../lib64/:/lib/x86_64-linux-gnu/:/lib/../lib64/:/usr/lib/x86_64-linux-gnu/:/usr/lib/../lib64/:/software/gcc/7.1.0/lib/gcc/x86_64-pc-linux-gnu/7.1.0/../../../:/lib/:/usr/lib/
COLLECT_GCC_OPTIONS='-v' '-o' 'cmTryCompileExec2280050613' '-rdynamic' '-mtune=generic' '-march=x86-64'
 /software/gcc/7.1.0/libexec/gcc/x86_64-pc-linux-gnu/7.1.0/collect2 -plugin /software/gcc/7.1.0/libexec/gcc/x86_64-pc-linux-gnu/7.1.0/liblto_plugin.so -plugin-opt=/software/gcc/7.1.0/libexec/gcc/x86_64-pc-linux-gnu/7.1.0/lto-wrapper -plugin-opt=-fresolution=/tmp/cc05D9bk.res -plugin-opt=-pass-through=-lgcc -plugin-opt=-pass-through=-lgcc_s -plugin-opt=-pass-through=-lc -plugin-opt=-pass-through=-lgcc -plugin-opt=-pass-through=-lgcc_s --eh-frame-hdr -m elf_x86_64 -export-dynamic -dynamic-linker /lib64/ld-linux-x86-64.so.2 -o cmTryCompileExec2280050613 /usr/lib/x86_64-linux-gnu/crt1.o /usr/lib/x86_64-linux-gnu/crti.o /software/gcc/7.1.0/lib/gcc/x86_64-pc-linux-gnu/7.1.0/crtbegin.o -L/software/gcc/7.1.0/lib/gcc/x86_64-pc-linux-gnu/7.1.0 -L/software/gcc/7.1.0/lib/gcc/x86_64-pc-linux-gnu/7.1.0/../../../../lib64 -L/lib/x86_64-linux-gnu -L/lib/../lib64 -L/usr/lib/x86_64-linux-gnu -L/usr/lib/../lib64 -L/software/gcc/7.1.0/lib/gcc/x86_64-pc-linux-gnu/7.1.0/../../.. CMakeFiles/cmTryCompileExec2280050613.dir/CMakeCCompilerABI.c.o -lgcc --as-needed -lgcc_s --no-as-needed -lc -lgcc --as-needed -lgcc_s --no-as-needed /software/gcc/7.1.0/lib/gcc/x86_64-pc-linux-gnu/7.1.0/crtend.o /usr/lib/x86_64-linux-gnu/crtn.o
COLLECT_GCC_OPTIONS='-v' '-o' 'cmTryCompileExec2280050613' '-rdynamic' '-mtune=generic' '-march=x86-64'
make[2]: Warnung: Mit der Uhr stimmt etwas nicht. 
         Der Bauauftrag könnte unvollständig sein.
make[2]: Verzeichnis »/home/andre/finalkahypar/kahypar-1/i10pc128/CMakeFiles/CMakeTmp« wird verlassen
make[1]: Warnung: Mit der Uhr stimmt etwas nicht. 
         Der Bauauftrag könnte unvollständig sein.
make[1]: Verzeichnis »/home/andre/finalkahypar/kahypar-1/i10pc128/CMakeFiles/CMakeTmp« wird verlassen


Parsed C implicit link information from above output:
  link line regex: [^( *|.*[/\])(ld|([^/\]+-)?ld|collect2)[^/\]*( |$)]
  ignore line: [Change Dir: /home/andre/finalkahypar/kahypar-1/i10pc128/CMakeFiles/CMakeTmp]
  ignore line: []
  ignore line: [Run Build Command:"/usr/bin/make" "cmTryCompileExec2280050613/fast"]
  ignore line: [make[1]: Verzeichnis »/home/andre/finalkahypar/kahypar-1/i10pc128/CMakeFiles/CMakeTmp« wird betreten]
  ignore line: [make[1]: Achtung: Datei »Makefile« hat Änderungsdatum 71 s in der Zukunft]
  ignore line: [/usr/bin/make -f CMakeFiles/cmTryCompileExec2280050613.dir/build.make CMakeFiles/cmTryCompileExec2280050613.dir/build]
  ignore line: [make[2]: Verzeichnis »/home/andre/finalkahypar/kahypar-1/i10pc128/CMakeFiles/CMakeTmp« wird betreten]
  ignore line: [make[2]: Achtung: Datei »CMakeFiles/cmTryCompileExec2280050613.dir/flags.make« hat Änderungsdatum 71 s in der Zukunft]
  ignore line: [/software/cmake-3.0.1/bin/cmake -E cmake_progress_report /home/andre/finalkahypar/kahypar-1/i10pc128/CMakeFiles/CMakeTmp/CMakeFiles 1]
  ignore line: [Building C object CMakeFiles/cmTryCompileExec2280050613.dir/CMakeCCompilerABI.c.o]
  ignore line: [/software/gcc/7.1.0/bin/gcc    -o CMakeFiles/cmTryCompileExec2280050613.dir/CMakeCCompilerABI.c.o   -c /software/cmake-3.0.1/share/cmake-3.0/Modules/CMakeCCompilerABI.c]
  ignore line: [Linking C executable cmTryCompileExec2280050613]
  ignore line: [/software/cmake-3.0.1/bin/cmake -E cmake_link_script CMakeFiles/cmTryCompileExec2280050613.dir/link.txt --verbose=1]
  ignore line: [/software/gcc/7.1.0/bin/gcc     -v CMakeFiles/cmTryCompileExec2280050613.dir/CMakeCCompilerABI.c.o  -o cmTryCompileExec2280050613 -rdynamic  ]
  ignore line: [Es werden eingebaute Spezifikationen verwendet.]
  ignore line: [COLLECT_GCC=/software/gcc/7.1.0/bin/gcc]
  ignore line: [COLLECT_LTO_WRAPPER=/software/gcc/7.1.0/libexec/gcc/x86_64-pc-linux-gnu/7.1.0/lto-wrapper]
  ignore line: [Ziel: x86_64-pc-linux-gnu]
  ignore line: [Konfiguriert mit: ../src/configure --prefix=/software/gcc/7.1.0 --enable-lto --enable-threads --enable-__cxa_atexit --disable-multilib]
  ignore line: [Thread-Modell: posix]
  ignore line: [gcc-Version 7.1.0 (GCC) ]
  ignore line: [COMPILER_PATH=/software/gcc/7.1.0/libexec/gcc/x86_64-pc-linux-gnu/7.1.0/:/software/gcc/7.1.0/libexec/gcc/x86_64-pc-linux-gnu/7.1.0/:/software/gcc/7.1.0/libexec/gcc/x86_64-pc-linux-gnu/:/software/gcc/7.1.0/lib/gcc/x86_64-pc-linux-gnu/7.1.0/:/software/gcc/7.1.0/lib/gcc/x86_64-pc-linux-gnu/]
  ignore line: [LIBRARY_PATH=/software/gcc/7.1.0/lib/gcc/x86_64-pc-linux-gnu/7.1.0/:/software/gcc/7.1.0/lib/gcc/x86_64-pc-linux-gnu/7.1.0/../../../../lib64/:/lib/x86_64-linux-gnu/:/lib/../lib64/:/usr/lib/x86_64-linux-gnu/:/usr/lib/../lib64/:/software/gcc/7.1.0/lib/gcc/x86_64-pc-linux-gnu/7.1.0/../../../:/lib/:/usr/lib/]
  ignore line: [COLLECT_GCC_OPTIONS='-v' '-o' 'cmTryCompileExec2280050613' '-rdynamic' '-mtune=generic' '-march=x86-64']
  link line: [ /software/gcc/7.1.0/libexec/gcc/x86_64-pc-linux-gnu/7.1.0/collect2 -plugin /software/gcc/7.1.0/libexec/gcc/x86_64-pc-linux-gnu/7.1.0/liblto_plugin.so -plugin-opt=/software/gcc/7.1.0/libexec/gcc/x86_64-pc-linux-gnu/7.1.0/lto-wrapper -plugin-opt=-fresolution=/tmp/cc05D9bk.res -plugin-opt=-pass-through=-lgcc -plugin-opt=-pass-through=-lgcc_s -plugin-opt=-pass-through=-lc -plugin-opt=-pass-through=-lgcc -plugin-opt=-pass-through=-lgcc_s --eh-frame-hdr -m elf_x86_64 -export-dynamic -dynamic-linker /lib64/ld-linux-x86-64.so.2 -o cmTryCompileExec2280050613 /usr/lib/x86_64-linux-gnu/crt1.o /usr/lib/x86_64-linux-gnu/crti.o /software/gcc/7.1.0/lib/gcc/x86_64-pc-linux-gnu/7.1.0/crtbegin.o -L/software/gcc/7.1.0/lib/gcc/x86_64-pc-linux-gnu/7.1.0 -L/software/gcc/7.1.0/lib/gcc/x86_64-pc-linux-gnu/7.1.0/../../../../lib64 -L/lib/x86_64-linux-gnu -L/lib/../lib64 -L/usr/lib/x86_64-linux-gnu -L/usr/lib/../lib64 -L/software/gcc/7.1.0/lib/gcc/x86_64-pc-linux-gnu/7.1.0/../../.. CMakeFiles/cmTryCompileExec2280050613.dir/CMakeCCompilerABI.c.o -lgcc --as-needed -lgcc_s --no-as-needed -lc -lgcc --as-needed -lgcc_s --no-as-needed /software/gcc/7.1.0/lib/gcc/x86_64-pc-linux-gnu/7.1.0/crtend.o /usr/lib/x86_64-linux-gnu/crtn.o]
    arg [/software/gcc/7.1.0/libexec/gcc/x86_64-pc-linux-gnu/7.1.0/collect2] ==> ignore
    arg [-plugin] ==> ignore
    arg [/software/gcc/7.1.0/libexec/gcc/x86_64-pc-linux-gnu/7.1.0/liblto_plugin.so] ==> ignore
    arg [-plugin-opt=/software/gcc/7.1.0/libexec/gcc/x86_64-pc-linux-gnu/7.1.0/lto-wrapper] ==> ignore
    arg [-plugin-opt=-fresolution=/tmp/cc05D9bk.res] ==> ignore
    arg [-plugin-opt=-pass-through=-lgcc] ==> ignore
    arg [-plugin-opt=-pass-through=-lgcc_s] ==> ignore
    arg [-plugin-opt=-pass-through=-lc] ==> ignore
    arg [-plugin-opt=-pass-through=-lgcc] ==> ignore
    arg [-plugin-opt=-pass-through=-lgcc_s] ==> ignore
    arg [--eh-frame-hdr] ==> ignore
    arg [-m] ==> ignore
    arg [elf_x86_64] ==> ignore
    arg [-export-dynamic] ==> ignore
    arg [-dynamic-linker] ==> ignore
    arg [/lib64/ld-linux-x86-64.so.2] ==> ignore
    arg [-o] ==> ignore
    arg [cmTryCompileExec2280050613] ==> ignore
    arg [/usr/lib/x86_64-linux-gnu/crt1.o] ==> ignore
    arg [/usr/lib/x86_64-linux-gnu/crti.o] ==> ignore
    arg [/software/gcc/7.1.0/lib/gcc/x86_64-pc-linux-gnu/7.1.0/crtbegin.o] ==> ignore
    arg [-L/software/gcc/7.1.0/lib/gcc/x86_64-pc-linux-gnu/7.1.0] ==> dir [/software/gcc/7.1.0/lib/gcc/x86_64-pc-linux-gnu/7.1.0]
    arg [-L/software/gcc/7.1.0/lib/gcc/x86_64-pc-linux-gnu/7.1.0/../../../../lib64] ==> dir [/software/gcc/7.1.0/lib/gcc/x86_64-pc-linux-gnu/7.1.0/../../../../lib64]
    arg [-L/lib/x86_64-linux-gnu] ==> dir [/lib/x86_64-linux-gnu]
    arg [-L/lib/../lib64] ==> dir [/lib/../lib64]
    arg [-L/usr/lib/x86_64-linux-gnu] ==> dir [/usr/lib/x86_64-linux-gnu]
    arg [-L/usr/lib/../lib64] ==> dir [/usr/lib/../lib64]
    arg [-L/software/gcc/7.1.0/lib/gcc/x86_64-pc-linux-gnu/7.1.0/../../..] ==> dir [/software/gcc/7.1.0/lib/gcc/x86_64-pc-linux-gnu/7.1.0/../../..]
    arg [CMakeFiles/cmTryCompileExec2280050613.dir/CMakeCCompilerABI.c.o] ==> ignore
    arg [-lgcc] ==> lib [gcc]
    arg [--as-needed] ==> ignore
    arg [-lgcc_s] ==> lib [gcc_s]
    arg [--no-as-needed] ==> ignore
    arg [-lc] ==> lib [c]
    arg [-lgcc] ==> lib [gcc]
    arg [--as-needed] ==> ignore
    arg [-lgcc_s] ==> lib [gcc_s]
    arg [--no-as-needed] ==> ignore
    arg [/software/gcc/7.1.0/lib/gcc/x86_64-pc-linux-gnu/7.1.0/crtend.o] ==> ignore
    arg [/usr/lib/x86_64-linux-gnu/crtn.o] ==> ignore
  remove lib [gcc]
  remove lib [gcc_s]
  remove lib [gcc]
  remove lib [gcc_s]
  collapse library dir [/software/gcc/7.1.0/lib/gcc/x86_64-pc-linux-gnu/7.1.0] ==> [/software/gcc/7.1.0/lib/gcc/x86_64-pc-linux-gnu/7.1.0]
  collapse library dir [/software/gcc/7.1.0/lib/gcc/x86_64-pc-linux-gnu/7.1.0/../../../../lib64] ==> [/software/gcc/7.1.0/lib64]
  collapse library dir [/lib/x86_64-linux-gnu] ==> [/lib/x86_64-linux-gnu]
  collapse library dir [/lib/../lib64] ==> [/lib64]
  collapse library dir [/usr/lib/x86_64-linux-gnu] ==> [/usr/lib/x86_64-linux-gnu]
  collapse library dir [/usr/lib/../lib64] ==> [/usr/lib64]
  collapse library dir [/software/gcc/7.1.0/lib/gcc/x86_64-pc-linux-gnu/7.1.0/../../..] ==> [/software/gcc/7.1.0/lib]
  implicit libs: [c]
  implicit dirs: [/software/gcc/7.1.0/lib/gcc/x86_64-pc-linux-gnu/7.1.0;/software/gcc/7.1.0/lib64;/lib/x86_64-linux-gnu;/lib64;/usr/lib/x86_64-linux-gnu;/usr/lib64;/software/gcc/7.1.0/lib]
  implicit fwks: []


Determining if files pthread.h exist passed with the following output:
Change Dir: /home/andre/finalkahypar/kahypar-1/i10pc128/CMakeFiles/CMakeTmp

Run Build Command:"/usr/bin/make" "cmTryCompileExec3314791862/fast"
make[1]: Verzeichnis »/home/andre/finalkahypar/kahypar-1/i10pc128/CMakeFiles/CMakeTmp« wird betreten
make[1]: Achtung: Datei »Makefile« hat Änderungsdatum 71 s in der Zukunft
/usr/bin/make -f CMakeFiles/cmTryCompileExec3314791862.dir/build.make CMakeFiles/cmTryCompileExec3314791862.dir/build
make[2]: Verzeichnis »/home/andre/finalkahypar/kahypar-1/i10pc128/CMakeFiles/CMakeTmp« wird betreten
make[2]: Achtung: Datei »CMakeFiles/cmTryCompileExec3314791862.dir/flags.make« hat Änderungsdatum 71 s in der Zukunft
/software/cmake-3.0.1/bin/cmake -E cmake_progress_report /home/andre/finalkahypar/kahypar-1/i10pc128/CMakeFiles/CMakeTmp/CMakeFiles 1
Building C object CMakeFiles/cmTryCompileExec3314791862.dir/CheckIncludeFiles.c.o
/software/gcc/7.1.0/bin/gcc    -o CMakeFiles/cmTryCompileExec3314791862.dir/CheckIncludeFiles.c.o   -c /home/andre/finalkahypar/kahypar-1/i10pc128/CMakeFiles/CMakeTmp/CheckIncludeFiles.c
Linking C executable cmTryCompileExec3314791862
/software/cmake-3.0.1/bin/cmake -E cmake_link_script CMakeFiles/cmTryCompileExec3314791862.dir/link.txt --verbose=1
/software/gcc/7.1.0/bin/gcc       CMakeFiles/cmTryCompileExec3314791862.dir/CheckIncludeFiles.c.o  -o cmTryCompileExec3314791862 -rdynamic 
make[2]: Warnung: Mit der Uhr stimmt etwas nicht. 
         Der Bauauftrag könnte unvollständig sein.
make[2]: Verzeichnis »/home/andre/finalkahypar/kahypar-1/i10pc128/CMakeFiles/CMakeTmp« wird verlassen
make[1]: Warnung: Mit der Uhr stimmt etwas nicht. 
         Der Bauauftrag könnte unvollständig sein.
make[1]: Verzeichnis »/home/andre/finalkahypar/kahypar-1/i10pc128/CMakeFiles/CMakeTmp« wird verlassen


Determining if the function pthread_create exists in the pthread passed with the following output:
Change Dir: /home/andre/finalkahypar/kahypar-1/i10pc128/CMakeFiles/CMakeTmp

Run Build Command:"/usr/bin/make" "cmTryCompileExec17491780/fast"
make[1]: Verzeichnis »/home/andre/finalkahypar/kahypar-1/i10pc128/CMakeFiles/CMakeTmp« wird betreten
make[1]: Achtung: Datei »Makefile« hat Änderungsdatum 71 s in der Zukunft
/usr/bin/make -f CMakeFiles/cmTryCompileExec17491780.dir/build.make CMakeFiles/cmTryCompileExec17491780.dir/build
make[2]: Verzeichnis »/home/andre/finalkahypar/kahypar-1/i10pc128/CMakeFiles/CMakeTmp« wird betreten
make[2]: Achtung: Datei »CMakeFiles/cmTryCompileExec17491780.dir/flags.make« hat Änderungsdatum 71 s in der Zukunft
/software/cmake-3.0.1/bin/cmake -E cmake_progress_report /home/andre/finalkahypar/kahypar-1/i10pc128/CMakeFiles/CMakeTmp/CMakeFiles 1
Building C object CMakeFiles/cmTryCompileExec17491780.dir/CheckFunctionExists.c.o
/software/gcc/7.1.0/bin/gcc   -DCHECK_FUNCTION_EXISTS=pthread_create   -o CMakeFiles/cmTryCompileExec17491780.dir/CheckFunctionExists.c.o   -c /software/cmake-3.0.1/share/cmake-3.0/Modules/CheckFunctionExists.c
Linking C executable cmTryCompileExec17491780
/software/cmake-3.0.1/bin/cmake -E cmake_link_script CMakeFiles/cmTryCompileExec17491780.dir/link.txt --verbose=1
/software/gcc/7.1.0/bin/gcc   -DCHECK_FUNCTION_EXISTS=pthread_create    CMakeFiles/cmTryCompileExec17491780.dir/CheckFunctionExists.c.o  -o cmTryCompileExec17491780 -rdynamic -lpthread 
make[2]: Warnung: Mit der Uhr stimmt etwas nicht. 
         Der Bauauftrag könnte unvollständig sein.
make[2]: Verzeichnis »/home/andre/finalkahypar/kahypar-1/i10pc128/CMakeFiles/CMakeTmp« wird verlassen
make[1]: Warnung: Mit der Uhr stimmt etwas nicht. 
         Der Bauauftrag könnte unvollständig sein.
make[1]: Verzeichnis »/home/andre/finalkahypar/kahypar-1/i10pc128/CMakeFiles/CMakeTmp« wird verlassen


Performing C++ SOURCE FILE Test KAHYPAR_HAS_CRC32 succeded with the following output:
Change Dir: /home/andre/finalkahypar/kahypar-1/i10pc128/CMakeFiles/CMakeTmp

Run Build Command:"/usr/bin/make" "cmTryCompileExec2931715612/fast"
make[1]: Entering directory `/home/andre/finalkahypar/kahypar-1/i10pc128/CMakeFiles/CMakeTmp'
make[1]: Warning: File `Makefile' has modification time 71 s in the future
/usr/bin/make -f CMakeFiles/cmTryCompileExec2931715612.dir/build.make CMakeFiles/cmTryCompileExec2931715612.dir/build
make[2]: Entering directory `/home/andre/finalkahypar/kahypar-1/i10pc128/CMakeFiles/CMakeTmp'
make[2]: Warning: File `CMakeFiles/cmTryCompileExec2931715612.dir/flags.make' has modification time 71 s in the future
/software/cmake-3.0.1/bin/cmake -E cmake_progress_report /home/andre/finalkahypar/kahypar-1/i10pc128/CMakeFiles/CMakeTmp/CMakeFiles 1
Building CXX object CMakeFiles/cmTryCompileExec2931715612.dir/src.cxx.o
/software/gcc/7.1.0/bin/g++    -W -Wall -Wextra  -Wunused  -Wmaybe-uninitialized -Wfatal-errors -Wcast-qual -Woverloaded-virtual -Wredundant-decls -Winit-self -pedantic -Wnoexcept -DPARANOID  -Weffc++ -Wno-unused-function -msse4.2 -DKAHYPAR_HAS_CRC32   -mcrc32 -o CMakeFiles/cmTryCompileExec2931715612.dir/src.cxx.o -c /home/andre/finalkahypar/kahypar-1/i10pc128/CMakeFiles/CMakeTmp/src.cxx
Linking CXX executable cmTryCompileExec2931715612
/software/cmake-3.0.1/bin/cmake -E cmake_link_script CMakeFiles/cmTryCompileExec2931715612.dir/link.txt --verbose=1
/software/gcc/7.1.0/bin/g++    -W -Wall -Wextra  -Wunused  -Wmaybe-uninitialized -Wfatal-errors -Wcast-qual -Woverloaded-virtual -Wredundant-decls -Winit-self -pedantic -Wnoexcept -DPARANOID  -Weffc++ -Wno-unused-function -msse4.2 -DKAHYPAR_HAS_CRC32    CMakeFiles/cmTryCompileExec2931715612.dir/src.cxx.o  -o cmTryCompileExec2931715612 -rdynamic 
make[2]: warning:  Clock skew detected.  Your build may be incomplete.
make[2]: Leaving directory `/home/andre/finalkahypar/kahypar-1/i10pc128/CMakeFiles/CMakeTmp'
make[1]: warning:  Clock skew detected.  Your build may be incomplete.
make[1]: Leaving directory `/home/andre/finalkahypar/kahypar-1/i10pc128/CMakeFiles/CMakeTmp'

Source file was:
int main() { return 0; }
