The system is: Linux - 3.13.0-98-generic - x86_64
Compiling the CXX compiler identification source file "CMakeCXXCompilerId.cpp" succeeded.
Compiler: /software/gcc/7.1.0/bin/g++ 
Build flags: 
Id flags: 

The output was:
0


Compilation of the CXX compiler identification source "CMakeCXXCompilerId.cpp" produced "a.out"

The CXX compiler identification is GNU, found in "/home/andre/finalkahypar/kahypar-1/tuning/CMakeFiles/3.0.1/CompilerIdCXX/a.out"

Compiling the C compiler identification source file "CMakeCCompilerId.c" succeeded.
Compiler: /software/gcc/7.1.0/bin/gcc 
Build flags: 
Id flags: 

The output was:
0


Compilation of the C compiler identification source "CMakeCCompilerId.c" produced "a.out"

The C compiler identification is GNU, found in "/home/andre/finalkahypar/kahypar-1/tuning/CMakeFiles/3.0.1/CompilerIdC/a.out"

Determining if the CXX compiler works passed with the following output:
Change Dir: /home/andre/finalkahypar/kahypar-1/tuning/CMakeFiles/CMakeTmp

Run Build Command:"/usr/bin/make" "cmTryCompileExec3676188948/fast"
/usr/bin/make -f CMakeFiles/cmTryCompileExec3676188948.dir/build.make CMakeFiles/cmTryCompileExec3676188948.dir/build
make[1]: Entering directory `/home/andre/finalkahypar/kahypar-1/tuning/CMakeFiles/CMakeTmp'
/software/cmake-3.0.1/bin/cmake -E cmake_progress_report /home/andre/finalkahypar/kahypar-1/tuning/CMakeFiles/CMakeTmp/CMakeFiles 1
Building CXX object CMakeFiles/cmTryCompileExec3676188948.dir/testCXXCompiler.cxx.o
/software/gcc/7.1.0/bin/g++     -o CMakeFiles/cmTryCompileExec3676188948.dir/testCXXCompiler.cxx.o -c /home/andre/finalkahypar/kahypar-1/tuning/CMakeFiles/CMakeTmp/testCXXCompiler.cxx
Linking CXX executable cmTryCompileExec3676188948
/software/cmake-3.0.1/bin/cmake -E cmake_link_script CMakeFiles/cmTryCompileExec3676188948.dir/link.txt --verbose=1
/software/gcc/7.1.0/bin/g++        CMakeFiles/cmTryCompileExec3676188948.dir/testCXXCompiler.cxx.o  -o cmTryCompileExec3676188948 -rdynamic 
make[1]: Leaving directory `/home/andre/finalkahypar/kahypar-1/tuning/CMakeFiles/CMakeTmp'


Detecting CXX compiler ABI info compiled with the following output:
Change Dir: /home/andre/finalkahypar/kahypar-1/tuning/CMakeFiles/CMakeTmp

Run Build Command:"/usr/bin/make" "cmTryCompileExec414602904/fast"
/usr/bin/make -f CMakeFiles/cmTryCompileExec414602904.dir/build.make CMakeFiles/cmTryCompileExec414602904.dir/build
make[1]: Entering directory `/home/andre/finalkahypar/kahypar-1/tuning/CMakeFiles/CMakeTmp'
/software/cmake-3.0.1/bin/cmake -E cmake_progress_report /home/andre/finalkahypar/kahypar-1/tuning/CMakeFiles/CMakeTmp/CMakeFiles 1
Building CXX object CMakeFiles/cmTryCompileExec414602904.dir/CMakeCXXCompilerABI.cpp.o
/software/gcc/7.1.0/bin/g++     -o CMakeFiles/cmTryCompileExec414602904.dir/CMakeCXXCompilerABI.cpp.o -c /software/cmake-3.0.1/share/cmake-3.0/Modules/CMakeCXXCompilerABI.cpp
Linking CXX executable cmTryCompileExec414602904
/software/cmake-3.0.1/bin/cmake -E cmake_link_script CMakeFiles/cmTryCompileExec414602904.dir/link.txt --verbose=1
/software/gcc/7.1.0/bin/g++      -v CMakeFiles/cmTryCompileExec414602904.dir/CMakeCXXCompilerABI.cpp.o  -o cmTryCompileExec414602904 -rdynamic  
Using built-in specs.
COLLECT_GCC=/software/gcc/7.1.0/bin/g++
COLLECT_LTO_WRAPPER=/software/gcc/7.1.0/libexec/gcc/x86_64-pc-linux-gnu/7.1.0/lto-wrapper
Target: x86_64-pc-linux-gnu
Configured with: ../src/configure --prefix=/software/gcc/7.1.0 --enable-lto --enable-threads --enable-__cxa_atexit --disable-multilib
Thread model: posix
gcc version 7.1.0 (GCC) 
COMPILER_PATH=/software/gcc/7.1.0/libexec/gcc/x86_64-pc-linux-gnu/7.1.0/:/software/gcc/7.1.0/libexec/gcc/x86_64-pc-linux-gnu/7.1.0/:/software/gcc/7.1.0/libexec/gcc/x86_64-pc-linux-gnu/:/software/gcc/7.1.0/lib/gcc/x86_64-pc-linux-gnu/7.1.0/:/software/gcc/7.1.0/lib/gcc/x86_64-pc-linux-gnu/
LIBRARY_PATH=/software/gcc/7.1.0/lib/gcc/x86_64-pc-linux-gnu/7.1.0/:/software/gcc/7.1.0/lib/gcc/x86_64-pc-linux-gnu/7.1.0/../../../../lib64/:/lib/x86_64-linux-gnu/:/lib/../lib64/:/usr/lib/x86_64-linux-gnu/:/software/gcc/7.1.0/lib/gcc/x86_64-pc-linux-gnu/7.1.0/../../../:/lib/:/usr/lib/
COLLECT_GCC_OPTIONS='-v' '-o' 'cmTryCompileExec414602904' '-rdynamic' '-shared-libgcc' '-mtune=generic' '-march=x86-64'
 /software/gcc/7.1.0/libexec/gcc/x86_64-pc-linux-gnu/7.1.0/collect2 -plugin /software/gcc/7.1.0/libexec/gcc/x86_64-pc-linux-gnu/7.1.0/liblto_plugin.so -plugin-opt=/software/gcc/7.1.0/libexec/gcc/x86_64-pc-linux-gnu/7.1.0/lto-wrapper -plugin-opt=-fresolution=/tmp/ccyikICZ.res -plugin-opt=-pass-through=-lgcc_s -plugin-opt=-pass-through=-lgcc -plugin-opt=-pass-through=-lc -plugin-opt=-pass-through=-lgcc_s -plugin-opt=-pass-through=-lgcc --eh-frame-hdr -m elf_x86_64 -export-dynamic -dynamic-linker /lib64/ld-linux-x86-64.so.2 -o cmTryCompileExec414602904 /usr/lib/x86_64-linux-gnu/crt1.o /usr/lib/x86_64-linux-gnu/crti.o /software/gcc/7.1.0/lib/gcc/x86_64-pc-linux-gnu/7.1.0/crtbegin.o -L/software/gcc/7.1.0/lib/gcc/x86_64-pc-linux-gnu/7.1.0 -L/software/gcc/7.1.0/lib/gcc/x86_64-pc-linux-gnu/7.1.0/../../../../lib64 -L/lib/x86_64-linux-gnu -L/lib/../lib64 -L/usr/lib/x86_64-linux-gnu -L/software/gcc/7.1.0/lib/gcc/x86_64-pc-linux-gnu/7.1.0/../../.. CMakeFiles/cmTryCompileExec414602904.dir/CMakeCXXCompilerABI.cpp.o -lstdc++ -lm -lgcc_s -lgcc -lc -lgcc_s -lgcc /software/gcc/7.1.0/lib/gcc/x86_64-pc-linux-gnu/7.1.0/crtend.o /usr/lib/x86_64-linux-gnu/crtn.o
COLLECT_GCC_OPTIONS='-v' '-o' 'cmTryCompileExec414602904' '-rdynamic' '-shared-libgcc' '-mtune=generic' '-march=x86-64'
make[1]: Leaving directory `/home/andre/finalkahypar/kahypar-1/tuning/CMakeFiles/CMakeTmp'


Parsed CXX implicit link information from above output:
  link line regex: [^( *|.*[/\])(ld|([^/\]+-)?ld|collect2)[^/\]*( |$)]
  ignore line: [Change Dir: /home/andre/finalkahypar/kahypar-1/tuning/CMakeFiles/CMakeTmp]
  ignore line: []
  ignore line: [Run Build Command:"/usr/bin/make" "cmTryCompileExec414602904/fast"]
  ignore line: [/usr/bin/make -f CMakeFiles/cmTryCompileExec414602904.dir/build.make CMakeFiles/cmTryCompileExec414602904.dir/build]
  ignore line: [make[1]: Entering directory `/home/andre/finalkahypar/kahypar-1/tuning/CMakeFiles/CMakeTmp']
  ignore line: [/software/cmake-3.0.1/bin/cmake -E cmake_progress_report /home/andre/finalkahypar/kahypar-1/tuning/CMakeFiles/CMakeTmp/CMakeFiles 1]
  ignore line: [Building CXX object CMakeFiles/cmTryCompileExec414602904.dir/CMakeCXXCompilerABI.cpp.o]
  ignore line: [/software/gcc/7.1.0/bin/g++     -o CMakeFiles/cmTryCompileExec414602904.dir/CMakeCXXCompilerABI.cpp.o -c /software/cmake-3.0.1/share/cmake-3.0/Modules/CMakeCXXCompilerABI.cpp]
  ignore line: [Linking CXX executable cmTryCompileExec414602904]
  ignore line: [/software/cmake-3.0.1/bin/cmake -E cmake_link_script CMakeFiles/cmTryCompileExec414602904.dir/link.txt --verbose=1]
  ignore line: [/software/gcc/7.1.0/bin/g++      -v CMakeFiles/cmTryCompileExec414602904.dir/CMakeCXXCompilerABI.cpp.o  -o cmTryCompileExec414602904 -rdynamic  ]
  ignore line: [Using built-in specs.]
  ignore line: [COLLECT_GCC=/software/gcc/7.1.0/bin/g++]
  ignore line: [COLLECT_LTO_WRAPPER=/software/gcc/7.1.0/libexec/gcc/x86_64-pc-linux-gnu/7.1.0/lto-wrapper]
  ignore line: [Target: x86_64-pc-linux-gnu]
  ignore line: [Configured with: ../src/configure --prefix=/software/gcc/7.1.0 --enable-lto --enable-threads --enable-__cxa_atexit --disable-multilib]
  ignore line: [Thread model: posix]
  ignore line: [gcc version 7.1.0 (GCC) ]
  ignore line: [COMPILER_PATH=/software/gcc/7.1.0/libexec/gcc/x86_64-pc-linux-gnu/7.1.0/:/software/gcc/7.1.0/libexec/gcc/x86_64-pc-linux-gnu/7.1.0/:/software/gcc/7.1.0/libexec/gcc/x86_64-pc-linux-gnu/:/software/gcc/7.1.0/lib/gcc/x86_64-pc-linux-gnu/7.1.0/:/software/gcc/7.1.0/lib/gcc/x86_64-pc-linux-gnu/]
  ignore line: [LIBRARY_PATH=/software/gcc/7.1.0/lib/gcc/x86_64-pc-linux-gnu/7.1.0/:/software/gcc/7.1.0/lib/gcc/x86_64-pc-linux-gnu/7.1.0/../../../../lib64/:/lib/x86_64-linux-gnu/:/lib/../lib64/:/usr/lib/x86_64-linux-gnu/:/software/gcc/7.1.0/lib/gcc/x86_64-pc-linux-gnu/7.1.0/../../../:/lib/:/usr/lib/]
  ignore line: [COLLECT_GCC_OPTIONS='-v' '-o' 'cmTryCompileExec414602904' '-rdynamic' '-shared-libgcc' '-mtune=generic' '-march=x86-64']
  link line: [ /software/gcc/7.1.0/libexec/gcc/x86_64-pc-linux-gnu/7.1.0/collect2 -plugin /software/gcc/7.1.0/libexec/gcc/x86_64-pc-linux-gnu/7.1.0/liblto_plugin.so -plugin-opt=/software/gcc/7.1.0/libexec/gcc/x86_64-pc-linux-gnu/7.1.0/lto-wrapper -plugin-opt=-fresolution=/tmp/ccyikICZ.res -plugin-opt=-pass-through=-lgcc_s -plugin-opt=-pass-through=-lgcc -plugin-opt=-pass-through=-lc -plugin-opt=-pass-through=-lgcc_s -plugin-opt=-pass-through=-lgcc --eh-frame-hdr -m elf_x86_64 -export-dynamic -dynamic-linker /lib64/ld-linux-x86-64.so.2 -o cmTryCompileExec414602904 /usr/lib/x86_64-linux-gnu/crt1.o /usr/lib/x86_64-linux-gnu/crti.o /software/gcc/7.1.0/lib/gcc/x86_64-pc-linux-gnu/7.1.0/crtbegin.o -L/software/gcc/7.1.0/lib/gcc/x86_64-pc-linux-gnu/7.1.0 -L/software/gcc/7.1.0/lib/gcc/x86_64-pc-linux-gnu/7.1.0/../../../../lib64 -L/lib/x86_64-linux-gnu -L/lib/../lib64 -L/usr/lib/x86_64-linux-gnu -L/software/gcc/7.1.0/lib/gcc/x86_64-pc-linux-gnu/7.1.0/../../.. CMakeFiles/cmTryCompileExec414602904.dir/CMakeCXXCompilerABI.cpp.o -lstdc++ -lm -lgcc_s -lgcc -lc -lgcc_s -lgcc /software/gcc/7.1.0/lib/gcc/x86_64-pc-linux-gnu/7.1.0/crtend.o /usr/lib/x86_64-linux-gnu/crtn.o]
    arg [/software/gcc/7.1.0/libexec/gcc/x86_64-pc-linux-gnu/7.1.0/collect2] ==> ignore
    arg [-plugin] ==> ignore
    arg [/software/gcc/7.1.0/libexec/gcc/x86_64-pc-linux-gnu/7.1.0/liblto_plugin.so] ==> ignore
    arg [-plugin-opt=/software/gcc/7.1.0/libexec/gcc/x86_64-pc-linux-gnu/7.1.0/lto-wrapper] ==> ignore
    arg [-plugin-opt=-fresolution=/tmp/ccyikICZ.res] ==> ignore
    arg [-plugin-opt=-pass-through=-lgcc_s] ==> ignore
    arg [-plugin-opt=-pass-through=-lgcc] ==> ignore
    arg [-plugin-opt=-pass-through=-lc] ==> ignore
    arg [-plugin-opt=-pass-through=-lgcc_s] ==> ignore
    arg [-plugin-opt=-pass-through=-lgcc] ==> ignore
    arg [--eh-frame-hdr] ==> ignore
    arg [-m] ==> ignore
    arg [elf_x86_64] ==> ignore
    arg [-export-dynamic] ==> ignore
    arg [-dynamic-linker] ==> ignore
    arg [/lib64/ld-linux-x86-64.so.2] ==> ignore
    arg [-o] ==> ignore
    arg [cmTryCompileExec414602904] ==> ignore
    arg [/usr/lib/x86_64-linux-gnu/crt1.o] ==> ignore
    arg [/usr/lib/x86_64-linux-gnu/crti.o] ==> ignore
    arg [/software/gcc/7.1.0/lib/gcc/x86_64-pc-linux-gnu/7.1.0/crtbegin.o] ==> ignore
    arg [-L/software/gcc/7.1.0/lib/gcc/x86_64-pc-linux-gnu/7.1.0] ==> dir [/software/gcc/7.1.0/lib/gcc/x86_64-pc-linux-gnu/7.1.0]
    arg [-L/software/gcc/7.1.0/lib/gcc/x86_64-pc-linux-gnu/7.1.0/../../../../lib64] ==> dir [/software/gcc/7.1.0/lib/gcc/x86_64-pc-linux-gnu/7.1.0/../../../../lib64]
    arg [-L/lib/x86_64-linux-gnu] ==> dir [/lib/x86_64-linux-gnu]
    arg [-L/lib/../lib64] ==> dir [/lib/../lib64]
    arg [-L/usr/lib/x86_64-linux-gnu] ==> dir [/usr/lib/x86_64-linux-gnu]
    arg [-L/software/gcc/7.1.0/lib/gcc/x86_64-pc-linux-gnu/7.1.0/../../..] ==> dir [/software/gcc/7.1.0/lib/gcc/x86_64-pc-linux-gnu/7.1.0/../../..]
    arg [CMakeFiles/cmTryCompileExec414602904.dir/CMakeCXXCompilerABI.cpp.o] ==> ignore
    arg [-lstdc++] ==> lib [stdc++]
    arg [-lm] ==> lib [m]
    arg [-lgcc_s] ==> lib [gcc_s]
    arg [-lgcc] ==> lib [gcc]
    arg [-lc] ==> lib [c]
    arg [-lgcc_s] ==> lib [gcc_s]
    arg [-lgcc] ==> lib [gcc]
    arg [/software/gcc/7.1.0/lib/gcc/x86_64-pc-linux-gnu/7.1.0/crtend.o] ==> ignore
    arg [/usr/lib/x86_64-linux-gnu/crtn.o] ==> ignore
  remove lib [gcc_s]
  remove lib [gcc]
  remove lib [gcc_s]
  remove lib [gcc]
  collapse library dir [/software/gcc/7.1.0/lib/gcc/x86_64-pc-linux-gnu/7.1.0] ==> [/software/gcc/7.1.0/lib/gcc/x86_64-pc-linux-gnu/7.1.0]
  collapse library dir [/software/gcc/7.1.0/lib/gcc/x86_64-pc-linux-gnu/7.1.0/../../../../lib64] ==> [/software/gcc/7.1.0/lib64]
  collapse library dir [/lib/x86_64-linux-gnu] ==> [/lib/x86_64-linux-gnu]
  collapse library dir [/lib/../lib64] ==> [/lib64]
  collapse library dir [/usr/lib/x86_64-linux-gnu] ==> [/usr/lib/x86_64-linux-gnu]
  collapse library dir [/software/gcc/7.1.0/lib/gcc/x86_64-pc-linux-gnu/7.1.0/../../..] ==> [/software/gcc/7.1.0/lib]
  implicit libs: [stdc++;m;c]
  implicit dirs: [/software/gcc/7.1.0/lib/gcc/x86_64-pc-linux-gnu/7.1.0;/software/gcc/7.1.0/lib64;/lib/x86_64-linux-gnu;/lib64;/usr/lib/x86_64-linux-gnu;/software/gcc/7.1.0/lib]
  implicit fwks: []


Determining if the C compiler works passed with the following output:
Change Dir: /home/andre/finalkahypar/kahypar-1/tuning/CMakeFiles/CMakeTmp

Run Build Command:"/usr/bin/make" "cmTryCompileExec2052456036/fast"
/usr/bin/make -f CMakeFiles/cmTryCompileExec2052456036.dir/build.make CMakeFiles/cmTryCompileExec2052456036.dir/build
make[1]: Entering directory `/home/andre/finalkahypar/kahypar-1/tuning/CMakeFiles/CMakeTmp'
/software/cmake-3.0.1/bin/cmake -E cmake_progress_report /home/andre/finalkahypar/kahypar-1/tuning/CMakeFiles/CMakeTmp/CMakeFiles 1
Building C object CMakeFiles/cmTryCompileExec2052456036.dir/testCCompiler.c.o
/software/gcc/7.1.0/bin/gcc    -o CMakeFiles/cmTryCompileExec2052456036.dir/testCCompiler.c.o   -c /home/andre/finalkahypar/kahypar-1/tuning/CMakeFiles/CMakeTmp/testCCompiler.c
Linking C executable cmTryCompileExec2052456036
/software/cmake-3.0.1/bin/cmake -E cmake_link_script CMakeFiles/cmTryCompileExec2052456036.dir/link.txt --verbose=1
/software/gcc/7.1.0/bin/gcc       CMakeFiles/cmTryCompileExec2052456036.dir/testCCompiler.c.o  -o cmTryCompileExec2052456036 -rdynamic 
make[1]: Leaving directory `/home/andre/finalkahypar/kahypar-1/tuning/CMakeFiles/CMakeTmp'


Detecting C compiler ABI info compiled with the following output:
Change Dir: /home/andre/finalkahypar/kahypar-1/tuning/CMakeFiles/CMakeTmp

Run Build Command:"/usr/bin/make" "cmTryCompileExec305064336/fast"
/usr/bin/make -f CMakeFiles/cmTryCompileExec305064336.dir/build.make CMakeFiles/cmTryCompileExec305064336.dir/build
make[1]: Entering directory `/home/andre/finalkahypar/kahypar-1/tuning/CMakeFiles/CMakeTmp'
/software/cmake-3.0.1/bin/cmake -E cmake_progress_report /home/andre/finalkahypar/kahypar-1/tuning/CMakeFiles/CMakeTmp/CMakeFiles 1
Building C object CMakeFiles/cmTryCompileExec305064336.dir/CMakeCCompilerABI.c.o
/software/gcc/7.1.0/bin/gcc    -o CMakeFiles/cmTryCompileExec305064336.dir/CMakeCCompilerABI.c.o   -c /software/cmake-3.0.1/share/cmake-3.0/Modules/CMakeCCompilerABI.c
Linking C executable cmTryCompileExec305064336
/software/cmake-3.0.1/bin/cmake -E cmake_link_script CMakeFiles/cmTryCompileExec305064336.dir/link.txt --verbose=1
/software/gcc/7.1.0/bin/gcc     -v CMakeFiles/cmTryCompileExec305064336.dir/CMakeCCompilerABI.c.o  -o cmTryCompileExec305064336 -rdynamic  
Using built-in specs.
COLLECT_GCC=/software/gcc/7.1.0/bin/gcc
COLLECT_LTO_WRAPPER=/software/gcc/7.1.0/libexec/gcc/x86_64-pc-linux-gnu/7.1.0/lto-wrapper
Target: x86_64-pc-linux-gnu
Configured with: ../src/configure --prefix=/software/gcc/7.1.0 --enable-lto --enable-threads --enable-__cxa_atexit --disable-multilib
Thread model: posix
gcc version 7.1.0 (GCC) 
COMPILER_PATH=/software/gcc/7.1.0/libexec/gcc/x86_64-pc-linux-gnu/7.1.0/:/software/gcc/7.1.0/libexec/gcc/x86_64-pc-linux-gnu/7.1.0/:/software/gcc/7.1.0/libexec/gcc/x86_64-pc-linux-gnu/:/software/gcc/7.1.0/lib/gcc/x86_64-pc-linux-gnu/7.1.0/:/software/gcc/7.1.0/lib/gcc/x86_64-pc-linux-gnu/
LIBRARY_PATH=/software/gcc/7.1.0/lib/gcc/x86_64-pc-linux-gnu/7.1.0/:/software/gcc/7.1.0/lib/gcc/x86_64-pc-linux-gnu/7.1.0/../../../../lib64/:/lib/x86_64-linux-gnu/:/lib/../lib64/:/usr/lib/x86_64-linux-gnu/:/software/gcc/7.1.0/lib/gcc/x86_64-pc-linux-gnu/7.1.0/../../../:/lib/:/usr/lib/
COLLECT_GCC_OPTIONS='-v' '-o' 'cmTryCompileExec305064336' '-rdynamic' '-mtune=generic' '-march=x86-64'
 /software/gcc/7.1.0/libexec/gcc/x86_64-pc-linux-gnu/7.1.0/collect2 -plugin /software/gcc/7.1.0/libexec/gcc/x86_64-pc-linux-gnu/7.1.0/liblto_plugin.so -plugin-opt=/software/gcc/7.1.0/libexec/gcc/x86_64-pc-linux-gnu/7.1.0/lto-wrapper -plugin-opt=-fresolution=/tmp/ccKCz77w.res -plugin-opt=-pass-through=-lgcc -plugin-opt=-pass-through=-lgcc_s -plugin-opt=-pass-through=-lc -plugin-opt=-pass-through=-lgcc -plugin-opt=-pass-through=-lgcc_s --eh-frame-hdr -m elf_x86_64 -export-dynamic -dynamic-linker /lib64/ld-linux-x86-64.so.2 -o cmTryCompileExec305064336 /usr/lib/x86_64-linux-gnu/crt1.o /usr/lib/x86_64-linux-gnu/crti.o /software/gcc/7.1.0/lib/gcc/x86_64-pc-linux-gnu/7.1.0/crtbegin.o -L/software/gcc/7.1.0/lib/gcc/x86_64-pc-linux-gnu/7.1.0 -L/software/gcc/7.1.0/lib/gcc/x86_64-pc-linux-gnu/7.1.0/../../../../lib64 -L/lib/x86_64-linux-gnu -L/lib/../lib64 -L/usr/lib/x86_64-linux-gnu -L/software/gcc/7.1.0/lib/gcc/x86_64-pc-linux-gnu/7.1.0/../../.. CMakeFiles/cmTryCompileExec305064336.dir/CMakeCCompilerABI.c.o -lgcc --as-needed -lgcc_s --no-as-needed -lc -lgcc --as-needed -lgcc_s --no-as-needed /software/gcc/7.1.0/lib/gcc/x86_64-pc-linux-gnu/7.1.0/crtend.o /usr/lib/x86_64-linux-gnu/crtn.o
COLLECT_GCC_OPTIONS='-v' '-o' 'cmTryCompileExec305064336' '-rdynamic' '-mtune=generic' '-march=x86-64'
make[1]: Leaving directory `/home/andre/finalkahypar/kahypar-1/tuning/CMakeFiles/CMakeTmp'


Parsed C implicit link information from above output:
  link line regex: [^( *|.*[/\])(ld|([^/\]+-)?ld|collect2)[^/\]*( |$)]
  ignore line: [Change Dir: /home/andre/finalkahypar/kahypar-1/tuning/CMakeFiles/CMakeTmp]
  ignore line: []
  ignore line: [Run Build Command:"/usr/bin/make" "cmTryCompileExec305064336/fast"]
  ignore line: [/usr/bin/make -f CMakeFiles/cmTryCompileExec305064336.dir/build.make CMakeFiles/cmTryCompileExec305064336.dir/build]
  ignore line: [make[1]: Entering directory `/home/andre/finalkahypar/kahypar-1/tuning/CMakeFiles/CMakeTmp']
  ignore line: [/software/cmake-3.0.1/bin/cmake -E cmake_progress_report /home/andre/finalkahypar/kahypar-1/tuning/CMakeFiles/CMakeTmp/CMakeFiles 1]
  ignore line: [Building C object CMakeFiles/cmTryCompileExec305064336.dir/CMakeCCompilerABI.c.o]
  ignore line: [/software/gcc/7.1.0/bin/gcc    -o CMakeFiles/cmTryCompileExec305064336.dir/CMakeCCompilerABI.c.o   -c /software/cmake-3.0.1/share/cmake-3.0/Modules/CMakeCCompilerABI.c]
  ignore line: [Linking C executable cmTryCompileExec305064336]
  ignore line: [/software/cmake-3.0.1/bin/cmake -E cmake_link_script CMakeFiles/cmTryCompileExec305064336.dir/link.txt --verbose=1]
  ignore line: [/software/gcc/7.1.0/bin/gcc     -v CMakeFiles/cmTryCompileExec305064336.dir/CMakeCCompilerABI.c.o  -o cmTryCompileExec305064336 -rdynamic  ]
  ignore line: [Using built-in specs.]
  ignore line: [COLLECT_GCC=/software/gcc/7.1.0/bin/gcc]
  ignore line: [COLLECT_LTO_WRAPPER=/software/gcc/7.1.0/libexec/gcc/x86_64-pc-linux-gnu/7.1.0/lto-wrapper]
  ignore line: [Target: x86_64-pc-linux-gnu]
  ignore line: [Configured with: ../src/configure --prefix=/software/gcc/7.1.0 --enable-lto --enable-threads --enable-__cxa_atexit --disable-multilib]
  ignore line: [Thread model: posix]
  ignore line: [gcc version 7.1.0 (GCC) ]
  ignore line: [COMPILER_PATH=/software/gcc/7.1.0/libexec/gcc/x86_64-pc-linux-gnu/7.1.0/:/software/gcc/7.1.0/libexec/gcc/x86_64-pc-linux-gnu/7.1.0/:/software/gcc/7.1.0/libexec/gcc/x86_64-pc-linux-gnu/:/software/gcc/7.1.0/lib/gcc/x86_64-pc-linux-gnu/7.1.0/:/software/gcc/7.1.0/lib/gcc/x86_64-pc-linux-gnu/]
  ignore line: [LIBRARY_PATH=/software/gcc/7.1.0/lib/gcc/x86_64-pc-linux-gnu/7.1.0/:/software/gcc/7.1.0/lib/gcc/x86_64-pc-linux-gnu/7.1.0/../../../../lib64/:/lib/x86_64-linux-gnu/:/lib/../lib64/:/usr/lib/x86_64-linux-gnu/:/software/gcc/7.1.0/lib/gcc/x86_64-pc-linux-gnu/7.1.0/../../../:/lib/:/usr/lib/]
  ignore line: [COLLECT_GCC_OPTIONS='-v' '-o' 'cmTryCompileExec305064336' '-rdynamic' '-mtune=generic' '-march=x86-64']
  link line: [ /software/gcc/7.1.0/libexec/gcc/x86_64-pc-linux-gnu/7.1.0/collect2 -plugin /software/gcc/7.1.0/libexec/gcc/x86_64-pc-linux-gnu/7.1.0/liblto_plugin.so -plugin-opt=/software/gcc/7.1.0/libexec/gcc/x86_64-pc-linux-gnu/7.1.0/lto-wrapper -plugin-opt=-fresolution=/tmp/ccKCz77w.res -plugin-opt=-pass-through=-lgcc -plugin-opt=-pass-through=-lgcc_s -plugin-opt=-pass-through=-lc -plugin-opt=-pass-through=-lgcc -plugin-opt=-pass-through=-lgcc_s --eh-frame-hdr -m elf_x86_64 -export-dynamic -dynamic-linker /lib64/ld-linux-x86-64.so.2 -o cmTryCompileExec305064336 /usr/lib/x86_64-linux-gnu/crt1.o /usr/lib/x86_64-linux-gnu/crti.o /software/gcc/7.1.0/lib/gcc/x86_64-pc-linux-gnu/7.1.0/crtbegin.o -L/software/gcc/7.1.0/lib/gcc/x86_64-pc-linux-gnu/7.1.0 -L/software/gcc/7.1.0/lib/gcc/x86_64-pc-linux-gnu/7.1.0/../../../../lib64 -L/lib/x86_64-linux-gnu -L/lib/../lib64 -L/usr/lib/x86_64-linux-gnu -L/software/gcc/7.1.0/lib/gcc/x86_64-pc-linux-gnu/7.1.0/../../.. CMakeFiles/cmTryCompileExec305064336.dir/CMakeCCompilerABI.c.o -lgcc --as-needed -lgcc_s --no-as-needed -lc -lgcc --as-needed -lgcc_s --no-as-needed /software/gcc/7.1.0/lib/gcc/x86_64-pc-linux-gnu/7.1.0/crtend.o /usr/lib/x86_64-linux-gnu/crtn.o]
    arg [/software/gcc/7.1.0/libexec/gcc/x86_64-pc-linux-gnu/7.1.0/collect2] ==> ignore
    arg [-plugin] ==> ignore
    arg [/software/gcc/7.1.0/libexec/gcc/x86_64-pc-linux-gnu/7.1.0/liblto_plugin.so] ==> ignore
    arg [-plugin-opt=/software/gcc/7.1.0/libexec/gcc/x86_64-pc-linux-gnu/7.1.0/lto-wrapper] ==> ignore
    arg [-plugin-opt=-fresolution=/tmp/ccKCz77w.res] ==> ignore
    arg [-plugin-opt=-pass-through=-lgcc] ==> ignore
    arg [-plugin-opt=-pass-through=-lgcc_s] ==> ignore
    arg [-plugin-opt=-pass-through=-lc] ==> ignore
    arg [-plugin-opt=-pass-through=-lgcc] ==> ignore
    arg [-plugin-opt=-pass-through=-lgcc_s] ==> ignore
    arg [--eh-frame-hdr] ==> ignore
    arg [-m] ==> ignore
    arg [elf_x86_64] ==> ignore
    arg [-export-dynamic] ==> ignore
    arg [-dynamic-linker] ==> ignore
    arg [/lib64/ld-linux-x86-64.so.2] ==> ignore
    arg [-o] ==> ignore
    arg [cmTryCompileExec305064336] ==> ignore
    arg [/usr/lib/x86_64-linux-gnu/crt1.o] ==> ignore
    arg [/usr/lib/x86_64-linux-gnu/crti.o] ==> ignore
    arg [/software/gcc/7.1.0/lib/gcc/x86_64-pc-linux-gnu/7.1.0/crtbegin.o] ==> ignore
    arg [-L/software/gcc/7.1.0/lib/gcc/x86_64-pc-linux-gnu/7.1.0] ==> dir [/software/gcc/7.1.0/lib/gcc/x86_64-pc-linux-gnu/7.1.0]
    arg [-L/software/gcc/7.1.0/lib/gcc/x86_64-pc-linux-gnu/7.1.0/../../../../lib64] ==> dir [/software/gcc/7.1.0/lib/gcc/x86_64-pc-linux-gnu/7.1.0/../../../../lib64]
    arg [-L/lib/x86_64-linux-gnu] ==> dir [/lib/x86_64-linux-gnu]
    arg [-L/lib/../lib64] ==> dir [/lib/../lib64]
    arg [-L/usr/lib/x86_64-linux-gnu] ==> dir [/usr/lib/x86_64-linux-gnu]
    arg [-L/software/gcc/7.1.0/lib/gcc/x86_64-pc-linux-gnu/7.1.0/../../..] ==> dir [/software/gcc/7.1.0/lib/gcc/x86_64-pc-linux-gnu/7.1.0/../../..]
    arg [CMakeFiles/cmTryCompileExec305064336.dir/CMakeCCompilerABI.c.o] ==> ignore
    arg [-lgcc] ==> lib [gcc]
    arg [--as-needed] ==> ignore
    arg [-lgcc_s] ==> lib [gcc_s]
    arg [--no-as-needed] ==> ignore
    arg [-lc] ==> lib [c]
    arg [-lgcc] ==> lib [gcc]
    arg [--as-needed] ==> ignore
    arg [-lgcc_s] ==> lib [gcc_s]
    arg [--no-as-needed] ==> ignore
    arg [/software/gcc/7.1.0/lib/gcc/x86_64-pc-linux-gnu/7.1.0/crtend.o] ==> ignore
    arg [/usr/lib/x86_64-linux-gnu/crtn.o] ==> ignore
  remove lib [gcc]
  remove lib [gcc_s]
  remove lib [gcc]
  remove lib [gcc_s]
  collapse library dir [/software/gcc/7.1.0/lib/gcc/x86_64-pc-linux-gnu/7.1.0] ==> [/software/gcc/7.1.0/lib/gcc/x86_64-pc-linux-gnu/7.1.0]
  collapse library dir [/software/gcc/7.1.0/lib/gcc/x86_64-pc-linux-gnu/7.1.0/../../../../lib64] ==> [/software/gcc/7.1.0/lib64]
  collapse library dir [/lib/x86_64-linux-gnu] ==> [/lib/x86_64-linux-gnu]
  collapse library dir [/lib/../lib64] ==> [/lib64]
  collapse library dir [/usr/lib/x86_64-linux-gnu] ==> [/usr/lib/x86_64-linux-gnu]
  collapse library dir [/software/gcc/7.1.0/lib/gcc/x86_64-pc-linux-gnu/7.1.0/../../..] ==> [/software/gcc/7.1.0/lib]
  implicit libs: [c]
  implicit dirs: [/software/gcc/7.1.0/lib/gcc/x86_64-pc-linux-gnu/7.1.0;/software/gcc/7.1.0/lib64;/lib/x86_64-linux-gnu;/lib64;/usr/lib/x86_64-linux-gnu;/software/gcc/7.1.0/lib]
  implicit fwks: []


Determining if files pthread.h exist passed with the following output:
Change Dir: /home/andre/finalkahypar/kahypar-1/tuning/CMakeFiles/CMakeTmp

Run Build Command:"/usr/bin/make" "cmTryCompileExec343506165/fast"
/usr/bin/make -f CMakeFiles/cmTryCompileExec343506165.dir/build.make CMakeFiles/cmTryCompileExec343506165.dir/build
make[1]: Entering directory `/home/andre/finalkahypar/kahypar-1/tuning/CMakeFiles/CMakeTmp'
/software/cmake-3.0.1/bin/cmake -E cmake_progress_report /home/andre/finalkahypar/kahypar-1/tuning/CMakeFiles/CMakeTmp/CMakeFiles 1
Building C object CMakeFiles/cmTryCompileExec343506165.dir/CheckIncludeFiles.c.o
/software/gcc/7.1.0/bin/gcc    -o CMakeFiles/cmTryCompileExec343506165.dir/CheckIncludeFiles.c.o   -c /home/andre/finalkahypar/kahypar-1/tuning/CMakeFiles/CMakeTmp/CheckIncludeFiles.c
Linking C executable cmTryCompileExec343506165
/software/cmake-3.0.1/bin/cmake -E cmake_link_script CMakeFiles/cmTryCompileExec343506165.dir/link.txt --verbose=1
/software/gcc/7.1.0/bin/gcc       CMakeFiles/cmTryCompileExec343506165.dir/CheckIncludeFiles.c.o  -o cmTryCompileExec343506165 -rdynamic 
make[1]: Leaving directory `/home/andre/finalkahypar/kahypar-1/tuning/CMakeFiles/CMakeTmp'


Determining if the function pthread_create exists in the pthread passed with the following output:
Change Dir: /home/andre/finalkahypar/kahypar-1/tuning/CMakeFiles/CMakeTmp

Run Build Command:"/usr/bin/make" "cmTryCompileExec1851787450/fast"
/usr/bin/make -f CMakeFiles/cmTryCompileExec1851787450.dir/build.make CMakeFiles/cmTryCompileExec1851787450.dir/build
make[1]: Entering directory `/home/andre/finalkahypar/kahypar-1/tuning/CMakeFiles/CMakeTmp'
/software/cmake-3.0.1/bin/cmake -E cmake_progress_report /home/andre/finalkahypar/kahypar-1/tuning/CMakeFiles/CMakeTmp/CMakeFiles 1
Building C object CMakeFiles/cmTryCompileExec1851787450.dir/CheckFunctionExists.c.o
/software/gcc/7.1.0/bin/gcc   -DCHECK_FUNCTION_EXISTS=pthread_create   -o CMakeFiles/cmTryCompileExec1851787450.dir/CheckFunctionExists.c.o   -c /software/cmake-3.0.1/share/cmake-3.0/Modules/CheckFunctionExists.c
Linking C executable cmTryCompileExec1851787450
/software/cmake-3.0.1/bin/cmake -E cmake_link_script CMakeFiles/cmTryCompileExec1851787450.dir/link.txt --verbose=1
/software/gcc/7.1.0/bin/gcc   -DCHECK_FUNCTION_EXISTS=pthread_create    CMakeFiles/cmTryCompileExec1851787450.dir/CheckFunctionExists.c.o  -o cmTryCompileExec1851787450 -rdynamic -lpthread 
make[1]: Leaving directory `/home/andre/finalkahypar/kahypar-1/tuning/CMakeFiles/CMakeTmp'


Performing C++ SOURCE FILE Test KAHYPAR_HAS_CRC32 succeded with the following output:
Change Dir: /home/andre/finalkahypar/kahypar-1/tuning/CMakeFiles/CMakeTmp

Run Build Command:"/usr/bin/make" "cmTryCompileExec3340508785/fast"
/usr/bin/make -f CMakeFiles/cmTryCompileExec3340508785.dir/build.make CMakeFiles/cmTryCompileExec3340508785.dir/build
make[1]: Entering directory `/home/andre/finalkahypar/kahypar-1/tuning/CMakeFiles/CMakeTmp'
/software/cmake-3.0.1/bin/cmake -E cmake_progress_report /home/andre/finalkahypar/kahypar-1/tuning/CMakeFiles/CMakeTmp/CMakeFiles 1
Building CXX object CMakeFiles/cmTryCompileExec3340508785.dir/src.cxx.o
/software/gcc/7.1.0/bin/g++    -W -Wall -Wextra  -Wunused  -Wmaybe-uninitialized -Wfatal-errors -Wcast-qual -Woverloaded-virtual -Wredundant-decls -Winit-self -pedantic -Wnoexcept -DPARANOID  -Weffc++ -Wno-unused-function -DKAHYPAR_HAS_CRC32   -mcrc32 -o CMakeFiles/cmTryCompileExec3340508785.dir/src.cxx.o -c /home/andre/finalkahypar/kahypar-1/tuning/CMakeFiles/CMakeTmp/src.cxx
Linking CXX executable cmTryCompileExec3340508785
/software/cmake-3.0.1/bin/cmake -E cmake_link_script CMakeFiles/cmTryCompileExec3340508785.dir/link.txt --verbose=1
/software/gcc/7.1.0/bin/g++    -W -Wall -Wextra  -Wunused  -Wmaybe-uninitialized -Wfatal-errors -Wcast-qual -Woverloaded-virtual -Wredundant-decls -Winit-self -pedantic -Wnoexcept -DPARANOID  -Weffc++ -Wno-unused-function -DKAHYPAR_HAS_CRC32    CMakeFiles/cmTryCompileExec3340508785.dir/src.cxx.o  -o cmTryCompileExec3340508785 -rdynamic 
make[1]: Leaving directory `/home/andre/finalkahypar/kahypar-1/tuning/CMakeFiles/CMakeTmp'

Source file was:
int main() { return 0; }
