Determining if the pthread_create exist failed with the following output:
Change Dir: /home/andre/finalkahypar/kahypar-1/i10pc130/CMakeFiles/CMakeTmp

Run Build Command:"/usr/bin/make" "cmTryCompileExec1334492376/fast"
/usr/bin/make -f CMakeFiles/cmTryCompileExec1334492376.dir/build.make CMakeFiles/cmTryCompileExec1334492376.dir/build
make[1]: Entering directory `/home/andre/finalkahypar/kahypar-1/i10pc130/CMakeFiles/CMakeTmp'
/usr/bin/cmake -E cmake_progress_report /home/andre/finalkahypar/kahypar-1/i10pc130/CMakeFiles/CMakeTmp/CMakeFiles 1
Building C object CMakeFiles/cmTryCompileExec1334492376.dir/CheckSymbolExists.c.o
/usr/bin/cc    -o CMakeFiles/cmTryCompileExec1334492376.dir/CheckSymbolExists.c.o   -c /home/andre/finalkahypar/kahypar-1/i10pc130/CMakeFiles/CMakeTmp/CheckSymbolExists.c
Linking C executable cmTryCompileExec1334492376
/usr/bin/cmake -E cmake_link_script CMakeFiles/cmTryCompileExec1334492376.dir/link.txt --verbose=1
/usr/bin/cc       CMakeFiles/cmTryCompileExec1334492376.dir/CheckSymbolExists.c.o  -o cmTryCompileExec1334492376 -rdynamic 
CMakeFiles/cmTryCompileExec1334492376.dir/CheckSymbolExists.c.o: In function `main':
CheckSymbolExists.c:(.text+0x16): undefined reference to `pthread_create'
collect2: error: ld returned 1 exit status
make[1]: *** [cmTryCompileExec1334492376] Error 1
make[1]: Leaving directory `/home/andre/finalkahypar/kahypar-1/i10pc130/CMakeFiles/CMakeTmp'
make: *** [cmTryCompileExec1334492376/fast] Error 2

File /home/andre/finalkahypar/kahypar-1/i10pc130/CMakeFiles/CMakeTmp/CheckSymbolExists.c:
/* */
#include <pthread.h>

int main(int argc, char** argv)
{
  (void)argv;
#ifndef pthread_create
  return ((int*)(&pthread_create))[argc];
#else
  (void)argc;
  return 0;
#endif
}

Determining if the function pthread_create exists in the pthreads failed with the following output:
Change Dir: /home/andre/finalkahypar/kahypar-1/i10pc130/CMakeFiles/CMakeTmp

Run Build Command:"/usr/bin/make" "cmTryCompileExec3221545406/fast"
/usr/bin/make -f CMakeFiles/cmTryCompileExec3221545406.dir/build.make CMakeFiles/cmTryCompileExec3221545406.dir/build
make[1]: Entering directory `/home/andre/finalkahypar/kahypar-1/i10pc130/CMakeFiles/CMakeTmp'
/usr/bin/cmake -E cmake_progress_report /home/andre/finalkahypar/kahypar-1/i10pc130/CMakeFiles/CMakeTmp/CMakeFiles 1
Building C object CMakeFiles/cmTryCompileExec3221545406.dir/CheckFunctionExists.c.o
/usr/bin/cc   -DCHECK_FUNCTION_EXISTS=pthread_create   -o CMakeFiles/cmTryCompileExec3221545406.dir/CheckFunctionExists.c.o   -c /usr/share/cmake-3.2/Modules/CheckFunctionExists.c
Linking C executable cmTryCompileExec3221545406
/usr/bin/cmake -E cmake_link_script CMakeFiles/cmTryCompileExec3221545406.dir/link.txt --verbose=1
/usr/bin/cc   -DCHECK_FUNCTION_EXISTS=pthread_create    CMakeFiles/cmTryCompileExec3221545406.dir/CheckFunctionExists.c.o  -o cmTryCompileExec3221545406 -rdynamic -lpthreads 
/usr/bin/ld: cannot find -lpthreads
collect2: error: ld returned 1 exit status
make[1]: *** [cmTryCompileExec3221545406] Error 1
make[1]: Leaving directory `/home/andre/finalkahypar/kahypar-1/i10pc130/CMakeFiles/CMakeTmp'
make: *** [cmTryCompileExec3221545406/fast] Error 2


