Determining if the pthread_create exist failed with the following output:
Change Dir: /home/andre/finalkahypar/kahypar-1/i10pc129/CMakeFiles/CMakeTmp

Run Build Command:"/usr/bin/make" "cmTryCompileExec2843731733/fast"
/usr/bin/make -f CMakeFiles/cmTryCompileExec2843731733.dir/build.make CMakeFiles/cmTryCompileExec2843731733.dir/build
make[1]: Entering directory `/home/andre/finalkahypar/kahypar-1/i10pc129/CMakeFiles/CMakeTmp'
/usr/bin/cmake -E cmake_progress_report /home/andre/finalkahypar/kahypar-1/i10pc129/CMakeFiles/CMakeTmp/CMakeFiles 1
Building C object CMakeFiles/cmTryCompileExec2843731733.dir/CheckSymbolExists.c.o
/usr/bin/cc    -o CMakeFiles/cmTryCompileExec2843731733.dir/CheckSymbolExists.c.o   -c /home/andre/finalkahypar/kahypar-1/i10pc129/CMakeFiles/CMakeTmp/CheckSymbolExists.c
Linking C executable cmTryCompileExec2843731733
/usr/bin/cmake -E cmake_link_script CMakeFiles/cmTryCompileExec2843731733.dir/link.txt --verbose=1
/usr/bin/cc       CMakeFiles/cmTryCompileExec2843731733.dir/CheckSymbolExists.c.o  -o cmTryCompileExec2843731733 -rdynamic 
CMakeFiles/cmTryCompileExec2843731733.dir/CheckSymbolExists.c.o: In function `main':
CheckSymbolExists.c:(.text+0x16): undefined reference to `pthread_create'
collect2: error: ld returned 1 exit status
make[1]: *** [cmTryCompileExec2843731733] Error 1
make[1]: Leaving directory `/home/andre/finalkahypar/kahypar-1/i10pc129/CMakeFiles/CMakeTmp'
make: *** [cmTryCompileExec2843731733/fast] Error 2

File /home/andre/finalkahypar/kahypar-1/i10pc129/CMakeFiles/CMakeTmp/CheckSymbolExists.c:
/* */
#include <pthread.h>

int main(int argc, char** argv)
{
  (void)argv;
#ifndef pthread_create
  return ((int*)(&pthread_create))[argc];
#else
  (void)argc;
  return 0;
#endif
}

Determining if the function pthread_create exists in the pthreads failed with the following output:
Change Dir: /home/andre/finalkahypar/kahypar-1/i10pc129/CMakeFiles/CMakeTmp

Run Build Command:"/usr/bin/make" "cmTryCompileExec3530490817/fast"
/usr/bin/make -f CMakeFiles/cmTryCompileExec3530490817.dir/build.make CMakeFiles/cmTryCompileExec3530490817.dir/build
make[1]: Entering directory `/home/andre/finalkahypar/kahypar-1/i10pc129/CMakeFiles/CMakeTmp'
/usr/bin/cmake -E cmake_progress_report /home/andre/finalkahypar/kahypar-1/i10pc129/CMakeFiles/CMakeTmp/CMakeFiles 1
Building C object CMakeFiles/cmTryCompileExec3530490817.dir/CheckFunctionExists.c.o
/usr/bin/cc   -DCHECK_FUNCTION_EXISTS=pthread_create   -o CMakeFiles/cmTryCompileExec3530490817.dir/CheckFunctionExists.c.o   -c /usr/share/cmake-3.2/Modules/CheckFunctionExists.c
Linking C executable cmTryCompileExec3530490817
/usr/bin/cmake -E cmake_link_script CMakeFiles/cmTryCompileExec3530490817.dir/link.txt --verbose=1
/usr/bin/cc   -DCHECK_FUNCTION_EXISTS=pthread_create    CMakeFiles/cmTryCompileExec3530490817.dir/CheckFunctionExists.c.o  -o cmTryCompileExec3530490817 -rdynamic -lpthreads 
/usr/bin/ld: cannot find -lpthreads
collect2: error: ld returned 1 exit status
make[1]: *** [cmTryCompileExec3530490817] Error 1
make[1]: Leaving directory `/home/andre/finalkahypar/kahypar-1/i10pc129/CMakeFiles/CMakeTmp'
make: *** [cmTryCompileExec3530490817/fast] Error 2


