Determining if the pthread_create exist failed with the following output:
Change Dir: /home/theuer/Dokumente/hypergraph/rprofile/gmock-prefix/src/gmock-build/CMakeFiles/CMakeTmp

Run Build Command:/usr/bin/make "cmTryCompileExec2945849978/fast"
make[3]: Verzeichnis »/home/theuer/Dokumente/hypergraph/rprofile/gmock-prefix/src/gmock-build/CMakeFiles/CMakeTmp« wird betreten
/usr/bin/make -f CMakeFiles/cmTryCompileExec2945849978.dir/build.make CMakeFiles/cmTryCompileExec2945849978.dir/build
make[4]: Verzeichnis »/home/theuer/Dokumente/hypergraph/rprofile/gmock-prefix/src/gmock-build/CMakeFiles/CMakeTmp« wird betreten
/usr/bin/cmake -E cmake_progress_report /home/theuer/Dokumente/hypergraph/rprofile/gmock-prefix/src/gmock-build/CMakeFiles/CMakeTmp/CMakeFiles 1
Building C object CMakeFiles/cmTryCompileExec2945849978.dir/CheckSymbolExists.c.o
/usr/bin/cc    -o CMakeFiles/cmTryCompileExec2945849978.dir/CheckSymbolExists.c.o   -c /home/theuer/Dokumente/hypergraph/rprofile/gmock-prefix/src/gmock-build/CMakeFiles/CMakeTmp/CheckSymbolExists.c
Linking C executable cmTryCompileExec2945849978
/usr/bin/cmake -E cmake_link_script CMakeFiles/cmTryCompileExec2945849978.dir/link.txt --verbose=1
/usr/bin/cc       CMakeFiles/cmTryCompileExec2945849978.dir/CheckSymbolExists.c.o  -o cmTryCompileExec2945849978 -rdynamic 
CMakeFiles/cmTryCompileExec2945849978.dir/CheckSymbolExists.c.o: In Funktion `main':
CheckSymbolExists.c:(.text+0x16): Nicht definierter Verweis auf `pthread_create'
collect2: error: ld returned 1 exit status
make[4]: *** [cmTryCompileExec2945849978] Fehler 1
make[4]: Verzeichnis »/home/theuer/Dokumente/hypergraph/rprofile/gmock-prefix/src/gmock-build/CMakeFiles/CMakeTmp« wird verlassen
make[3]: *** [cmTryCompileExec2945849978/fast] Fehler 2
make[3]: Verzeichnis »/home/theuer/Dokumente/hypergraph/rprofile/gmock-prefix/src/gmock-build/CMakeFiles/CMakeTmp« wird verlassen

File /home/theuer/Dokumente/hypergraph/rprofile/gmock-prefix/src/gmock-build/CMakeFiles/CMakeTmp/CheckSymbolExists.c:
/* */
#include <pthread.h>

int main(int argc, char** argv)
{
  (void)argv;
#ifndef pthread_create
  return ((int*)(&pthread_create))[argc];
#else
  (void)argc;
  return 0;
#endif
}

Determining if the function pthread_create exists in the pthreads failed with the following output:
Change Dir: /home/theuer/Dokumente/hypergraph/rprofile/gmock-prefix/src/gmock-build/CMakeFiles/CMakeTmp

Run Build Command:/usr/bin/make "cmTryCompileExec1657569445/fast"
make[3]: Verzeichnis »/home/theuer/Dokumente/hypergraph/rprofile/gmock-prefix/src/gmock-build/CMakeFiles/CMakeTmp« wird betreten
/usr/bin/make -f CMakeFiles/cmTryCompileExec1657569445.dir/build.make CMakeFiles/cmTryCompileExec1657569445.dir/build
make[4]: Verzeichnis »/home/theuer/Dokumente/hypergraph/rprofile/gmock-prefix/src/gmock-build/CMakeFiles/CMakeTmp« wird betreten
/usr/bin/cmake -E cmake_progress_report /home/theuer/Dokumente/hypergraph/rprofile/gmock-prefix/src/gmock-build/CMakeFiles/CMakeTmp/CMakeFiles 1
Building C object CMakeFiles/cmTryCompileExec1657569445.dir/CheckFunctionExists.c.o
/usr/bin/cc   -DCHECK_FUNCTION_EXISTS=pthread_create   -o CMakeFiles/cmTryCompileExec1657569445.dir/CheckFunctionExists.c.o   -c /usr/share/cmake-2.8/Modules/CheckFunctionExists.c
Linking C executable cmTryCompileExec1657569445
/usr/bin/cmake -E cmake_link_script CMakeFiles/cmTryCompileExec1657569445.dir/link.txt --verbose=1
/usr/bin/cc   -DCHECK_FUNCTION_EXISTS=pthread_create    CMakeFiles/cmTryCompileExec1657569445.dir/CheckFunctionExists.c.o  -o cmTryCompileExec1657569445 -rdynamic -lpthreads 
/usr/bin/ld: cannot find -lpthreads
collect2: error: ld returned 1 exit status
make[4]: *** [cmTryCompileExec1657569445] Fehler 1
make[4]: Verzeichnis »/home/theuer/Dokumente/hypergraph/rprofile/gmock-prefix/src/gmock-build/CMakeFiles/CMakeTmp« wird verlassen
make[3]: *** [cmTryCompileExec1657569445/fast] Fehler 2
make[3]: Verzeichnis »/home/theuer/Dokumente/hypergraph/rprofile/gmock-prefix/src/gmock-build/CMakeFiles/CMakeTmp« wird verlassen


